{"meta": {"format": 3, "version": "7.14.2", "timestamp": "2026-07-13T17:32:12.800931", "branch_coverage": false, "show_contexts": false}, "files": {"app/__init__.py": {"executed_lines": [6, 8], "summary": {"covered_lines": 2, "num_statements": 2, "percent_covered": 100.0, "percent_covered_display": "100", "missing_lines": 0, "excluded_lines": 0, "percent_statements_covered": 100.0, "percent_statements_covered_display": "100"}, "missing_lines": [], "excluded_lines": [], "functions": {"": {"executed_lines": [6, 8], "summary": {"covered_lines": 2, "num_statements": 2, "percent_covered": 100.0, "percent_covered_display": "100", "missing_lines": 0, "excluded_lines": 0, "percent_statements_covered": 100.0, "percent_statements_covered_display": "100"}, "missing_lines": [], "excluded_lines": [], "start_line": 1}}, "classes": {"": {"executed_lines": [6, 8], "summary": {"covered_lines": 2, "num_statements": 2, "percent_covered": 100.0, "percent_covered_display": "100", "missing_lines": 0, "excluded_lines": 0, "percent_statements_covered": 100.0, "percent_statements_covered_display": "100"}, "missing_lines": [], "excluded_lines": [], "start_line": 1}}}, "app/api/__init__.py": {"executed_lines": [], "summary": {"covered_lines": 0, "num_statements": 0, "percent_covered": 100.0, "percent_covered_display": "100", "missing_lines": 0, "excluded_lines": 0, "percent_statements_covered": 100.0, "percent_statements_covered_display": "100"}, "missing_lines": [], "excluded_lines": [], "functions": {"": {"executed_lines": [], "summary": {"covered_lines": 0, "num_statements": 0, "percent_covered": 100.0, "percent_covered_display": "100", "missing_lines": 0, "excluded_lines": 0, "percent_statements_covered": 100.0, "percent_statements_covered_display": "100"}, "missing_lines": [], "excluded_lines": [], "start_line": 1}}, "classes": {"": {"executed_lines": [], "summary": {"covered_lines": 0, "num_statements": 0, "percent_covered": 100.0, "percent_covered_display": "100", "missing_lines": 0, "excluded_lines": 0, "percent_statements_covered": 100.0, "percent_statements_covered_display": "100"}, "missing_lines": [], "excluded_lines": [], "start_line": 1}}}, "app/api/deps.py": {"executed_lines": [14, 16, 17, 18, 19, 21, 23, 24, 25, 27, 30, 36, 37, 38, 41, 52, 53, 56, 57, 58, 59, 61, 62, 80, 81, 84, 106, 108, 109, 125, 126, 127, 136, 137, 138, 147, 155, 161, 162, 163, 168, 171, 173, 174, 175, 176, 183, 191, 192, 193, 194, 199, 203, 206, 211, 212, 215, 232, 233, 236, 237, 238, 244, 251, 259, 290, 291, 294, 295, 308, 309, 310, 318], "summary": {"covered_lines": 73, "num_statements": 80, "percent_covered": 91.25, "percent_covered_display": "91", "missing_lines": 7, "excluded_lines": 1, "percent_statements_covered": 91.25, "percent_statements_covered_display": "91"}, "missing_lines": [112, 113, 296, 311, 312, 319, 323], "excluded_lines": [260], "functions": {"_key_fingerprint": {"executed_lines": [36, 37, 38], "summary": {"covered_lines": 3, "num_statements": 3, "percent_covered": 100.0, "percent_covered_display": "100", "missing_lines": 0, "excluded_lines": 0, "percent_statements_covered": 100.0, "percent_statements_covered_display": "100"}, "missing_lines": [], "excluded_lines": [], "start_line": 30}, "_audit_auth_failure": {"executed_lines": [52, 53, 56, 57, 58, 59, 61, 62, 80, 81], "summary": {"covered_lines": 10, "num_statements": 10, "percent_covered": 100.0, "percent_covered_display": "100", "missing_lines": 0, "excluded_lines": 0, "percent_statements_covered": 100.0, "percent_statements_covered_display": "100"}, "missing_lines": [], "excluded_lines": [], "start_line": 41}, "require_cartorio_api_key": {"executed_lines": [106, 108, 109, 125, 126, 127, 136, 137, 138, 147], "summary": {"covered_lines": 10, "num_statements": 12, "percent_covered": 83.33333333333333, "percent_covered_display": "83", "missing_lines": 2, "excluded_lines": 0, "percent_statements_covered": 83.33333333333333, "percent_statements_covered_display": "83"}, "missing_lines": [112, 113], "excluded_lines": [], "start_line": 84}, "_extract_bearer_token": {"executed_lines": [161, 162, 163, 168], "summary": {"covered_lines": 4, "num_statements": 4, "percent_covered": 100.0, "percent_covered_display": "100", "missing_lines": 0, "excluded_lines": 0, "percent_statements_covered": 100.0, "percent_statements_covered_display": "100"}, "missing_lines": [], "excluded_lines": [], "start_line": 155}, "_verify_jwt_payload": {"executed_lines": [173, 174, 175, 176], "summary": {"covered_lines": 4, "num_statements": 4, "percent_covered": 100.0, "percent_covered_display": "100", "missing_lines": 0, "excluded_lines": 0, "percent_statements_covered": 100.0, "percent_statements_covered_display": "100"}, "missing_lines": [], "excluded_lines": [], "start_line": 171}, "require_dpo_role": {"executed_lines": [191, 192, 193, 194, 199, 203], "summary": {"covered_lines": 6, "num_statements": 6, "percent_covered": 100.0, "percent_covered_display": "100", "missing_lines": 0, "excluded_lines": 0, "percent_statements_covered": 100.0, "percent_statements_covered_display": "100"}, "missing_lines": [], "excluded_lines": [], "start_line": 183}, "_require_jwt_payload": {"executed_lines": [211, 212], "summary": {"covered_lines": 2, "num_statements": 2, "percent_covered": 100.0, "percent_covered_display": "100", "missing_lines": 0, "excluded_lines": 0, "percent_statements_covered": 100.0, "percent_statements_covered_display": "100"}, "missing_lines": [], "excluded_lines": [], "start_line": 206}, "require_cliente_or_dpo": {"executed_lines": [232, 233, 236, 237, 238, 244, 251], "summary": {"covered_lines": 7, "num_statements": 7, "percent_covered": 100.0, "percent_covered_display": "100", "missing_lines": 0, "excluded_lines": 0, "percent_statements_covered": 100.0, "percent_statements_covered_display": "100"}, "missing_lines": [], "excluded_lines": [], "start_line": 215}, "assert_dpo_for_include_deleted": {"executed_lines": [290, 291, 294, 295, 308, 309, 310, 318], "summary": {"covered_lines": 8, "num_statements": 13, "percent_covered": 61.53846153846154, "percent_covered_display": "62", "missing_lines": 5, "excluded_lines": 1, "percent_statements_covered": 61.53846153846154, "percent_statements_covered_display": "62"}, "missing_lines": [296, 311, 312, 319, 323], "excluded_lines": [260], "start_line": 259}, "": {"executed_lines": [14, 16, 17, 18, 19, 21, 23, 24, 25, 27, 30, 41, 84, 155, 171, 183, 206, 215, 259], "summary": {"covered_lines": 19, "num_statements": 19, "percent_covered": 100.0, "percent_covered_display": "100", "missing_lines": 0, "excluded_lines": 0, "percent_statements_covered": 100.0, "percent_statements_covered_display": "100"}, "missing_lines": [], "excluded_lines": [], "start_line": 1}}, "classes": {"": {"executed_lines": [14, 16, 17, 18, 19, 21, 23, 24, 25, 27, 30, 36, 37, 38, 41, 52, 53, 56, 57, 58, 59, 61, 62, 80, 81, 84, 106, 108, 109, 125, 126, 127, 136, 137, 138, 147, 155, 161, 162, 163, 168, 171, 173, 174, 175, 176, 183, 191, 192, 193, 194, 199, 203, 206, 211, 212, 215, 232, 233, 236, 237, 238, 244, 251, 259, 290, 291, 294, 295, 308, 309, 310, 318], "summary": {"covered_lines": 73, "num_statements": 80, "percent_covered": 91.25, "percent_covered_display": "91", "missing_lines": 7, "excluded_lines": 1, "percent_statements_covered": 91.25, "percent_statements_covered_display": "91"}, "missing_lines": [112, 113, 296, 311, 312, 319, 323], "excluded_lines": [260], "start_line": 1}}}, "app/api/v1/__init__.py": {"executed_lines": [], "summary": {"covered_lines": 0, "num_statements": 0, "percent_covered": 100.0, "percent_covered_display": "100", "missing_lines": 0, "excluded_lines": 0, "percent_statements_covered": 100.0, "percent_statements_covered_display": "100"}, "missing_lines": [], "excluded_lines": [], "functions": {"": {"executed_lines": [], "summary": {"covered_lines": 0, "num_statements": 0, "percent_covered": 100.0, "percent_covered_display": "100", "missing_lines": 0, "excluded_lines": 0, "percent_statements_covered": 100.0, "percent_statements_covered_display": "100"}, "missing_lines": [], "excluded_lines": [], "start_line": 1}}, "classes": {"": {"executed_lines": [], "summary": {"covered_lines": 0, "num_statements": 0, "percent_covered": 100.0, "percent_covered_display": "100", "missing_lines": 0, "excluded_lines": 0, "percent_statements_covered": 100.0, "percent_statements_covered_display": "100"}, "missing_lines": [], "excluded_lines": [], "start_line": 1}}}, "app/api/v1/auth_login.py": {"executed_lines": [21, 23, 24, 26, 27, 29, 30, 31, 37, 39, 41, 44, 51, 57, 61, 69, 72, 79, 82, 83, 84, 85, 86, 87, 90, 93, 94, 95, 96, 99, 115, 123, 124, 126, 127, 128, 130, 135, 140, 141, 142, 161, 171, 180, 186, 187, 192, 193, 194, 199, 201, 202, 204, 214, 220, 225, 227, 228, 229, 230, 231, 232], "summary": {"covered_lines": 62, "num_statements": 65, "percent_covered": 95.38461538461539, "percent_covered_display": "95", "missing_lines": 3, "excluded_lines": 0, "percent_statements_covered": 95.38461538461539, "percent_statements_covered_display": "95"}, "missing_lines": [154, 155, 156], "excluded_lines": [], "functions": {"login": {"executed_lines": [123, 124, 126, 127, 128, 130, 135, 140, 141, 142, 161], "summary": {"covered_lines": 11, "num_statements": 14, "percent_covered": 78.57142857142857, "percent_covered_display": "79", "missing_lines": 3, "excluded_lines": 0, "percent_statements_covered": 78.57142857142857, "percent_statements_covered_display": "79"}, "missing_lines": [154, 155, 156], "excluded_lines": [], "start_line": 115}, "refresh": {"executed_lines": [186, 187, 192, 193, 194, 199, 201, 202, 204], "summary": {"covered_lines": 9, "num_statements": 9, "percent_covered": 100.0, "percent_covered_display": "100", "missing_lines": 0, "excluded_lines": 0, "percent_statements_covered": 100.0, "percent_statements_covered_display": "100"}, "missing_lines": [], "excluded_lines": [], "start_line": 180}, "me": {"executed_lines": [225, 227, 228, 229, 230, 231, 232], "summary": {"covered_lines": 7, "num_statements": 7, "percent_covered": 100.0, "percent_covered_display": "100", "missing_lines": 0, "excluded_lines": 0, "percent_statements_covered": 100.0, "percent_statements_covered_display": "100"}, "missing_lines": [], "excluded_lines": [], "start_line": 220}, "": {"executed_lines": [21, 23, 24, 26, 27, 29, 30, 31, 37, 39, 41, 44, 51, 57, 61, 69, 72, 79, 82, 83, 84, 85, 86, 87, 90, 93, 94, 95, 96, 99, 115, 171, 180, 214, 220], "summary": {"covered_lines": 35, "num_statements": 35, "percent_covered": 100.0, "percent_covered_display": "100", "missing_lines": 0, "excluded_lines": 0, "percent_statements_covered": 100.0, "percent_statements_covered_display": "100"}, "missing_lines": [], "excluded_lines": [], "start_line": 1}}, "classes": {"LoginRequest": {"executed_lines": [], "summary": {"covered_lines": 0, "num_statements": 0, "percent_covered": 100.0, "percent_covered_display": "100", "missing_lines": 0, "excluded_lines": 0, "percent_statements_covered": 100.0, "percent_statements_covered_display": "100"}, "missing_lines": [], "excluded_lines": [], "start_line": 44}, "RefreshRequest": {"executed_lines": [], "summary": {"covered_lines": 0, "num_statements": 0, "percent_covered": 100.0, "percent_covered_display": "100", "missing_lines": 0, "excluded_lines": 0, "percent_statements_covered": 100.0, "percent_statements_covered_display": "100"}, "missing_lines": [], "excluded_lines": [], "start_line": 69}, "TokenResponse": {"executed_lines": [], "summary": {"covered_lines": 0, "num_statements": 0, "percent_covered": 100.0, "percent_covered_display": "100", "missing_lines": 0, "excluded_lines": 0, "percent_statements_covered": 100.0, "percent_statements_covered_display": "100"}, "missing_lines": [], "excluded_lines": [], "start_line": 79}, "MeResponse": {"executed_lines": [], "summary": {"covered_lines": 0, "num_statements": 0, "percent_covered": 100.0, "percent_covered_display": "100", "missing_lines": 0, "excluded_lines": 0, "percent_statements_covered": 100.0, "percent_statements_covered_display": "100"}, "missing_lines": [], "excluded_lines": [], "start_line": 90}, "": {"executed_lines": [21, 23, 24, 26, 27, 29, 30, 31, 37, 39, 41, 44, 51, 57, 61, 69, 72, 79, 82, 83, 84, 85, 86, 87, 90, 93, 94, 95, 96, 99, 115, 123, 124, 126, 127, 128, 130, 135, 140, 141, 142, 161, 171, 180, 186, 187, 192, 193, 194, 199, 201, 202, 204, 214, 220, 225, 227, 228, 229, 230, 231, 232], "summary": {"covered_lines": 62, "num_statements": 65, "percent_covered": 95.38461538461539, "percent_covered_display": "95", "missing_lines": 3, "excluded_lines": 0, "percent_statements_covered": 95.38461538461539, "percent_statements_covered_display": "95"}, "missing_lines": [154, 155, 156], "excluded_lines": [], "start_line": 1}}}, "app/api/v1/bot_lgpd.py": {"executed_lines": [23, 25, 26, 28, 29, 30, 32, 33, 34, 35, 36, 44, 46, 54, 57, 58, 59, 62, 65, 66, 67, 68, 69, 70, 73, 76, 77, 78, 79, 82, 85, 86, 87, 88, 89, 90, 93, 96, 97, 98, 99, 102, 105, 106, 107, 108, 109, 110, 111, 112, 115, 118, 119, 122, 123, 124, 125, 128, 129, 130, 131, 139, 150, 172, 182, 240, 249, 308, 318, 355, 365, 376, 381, 394], "summary": {"covered_lines": 74, "num_statements": 120, "percent_covered": 61.666666666666664, "percent_covered_display": "62", "missing_lines": 46, "excluded_lines": 0, "percent_statements_covered": 61.666666666666664, "percent_statements_covered_display": "62"}, "missing_lines": [156, 163, 188, 189, 197, 198, 199, 200, 206, 207, 208, 209, 223, 224, 225, 226, 228, 255, 256, 269, 270, 271, 280, 281, 282, 283, 292, 293, 294, 295, 297, 324, 325, 326, 333, 334, 335, 344, 345, 346, 347, 349, 369, 370, 386, 387], "excluded_lines": [], "functions": {"post_cancelar": {"executed_lines": [], "summary": {"covered_lines": 0, "num_statements": 2, "percent_covered": 0.0, "percent_covered_display": "0", "missing_lines": 2, "excluded_lines": 0, "percent_statements_covered": 0.0, "percent_statements_covered_display": "0"}, "missing_lines": [156, 163], "excluded_lines": [], "start_line": 150}, "post_export": {"executed_lines": [], "summary": {"covered_lines": 0, "num_statements": 15, "percent_covered": 0.0, "percent_covered_display": "0", "missing_lines": 15, "excluded_lines": 0, "percent_statements_covered": 0.0, "percent_statements_covered_display": "0"}, "missing_lines": [188, 189, 197, 198, 199, 200, 206, 207, 208, 209, 223, 224, 225, 226, 228], "excluded_lines": [], "start_line": 182}, "post_access": {"executed_lines": [], "summary": {"covered_lines": 0, "num_statements": 14, "percent_covered": 0.0, "percent_covered_display": "0", "missing_lines": 14, "excluded_lines": 0, "percent_statements_covered": 0.0, "percent_statements_covered_display": "0"}, "missing_lines": [255, 256, 269, 270, 271, 280, 281, 282, 283, 292, 293, 294, 295, 297], "excluded_lines": [], "start_line": 249}, "post_restaurar": {"executed_lines": [], "summary": {"covered_lines": 0, "num_statements": 11, "percent_covered": 0.0, "percent_covered_display": "0", "missing_lines": 11, "excluded_lines": 0, "percent_statements_covered": 0.0, "percent_statements_covered_display": "0"}, "missing_lines": [324, 325, 326, 333, 334, 335, 344, 345, 346, 347, 349], "excluded_lines": [], "start_line": 318}, "get_revogacoes": {"executed_lines": [], "summary": {"covered_lines": 0, "num_statements": 2, "percent_covered": 0.0, "percent_covered_display": "0", "missing_lines": 2, "excluded_lines": 0, "percent_statements_covered": 0.0, "percent_statements_covered_display": "0"}, "missing_lines": [369, 370], "excluded_lines": [], "start_line": 365}, "post_marcar_deletado": {"executed_lines": [], "summary": {"covered_lines": 0, "num_statements": 2, "percent_covered": 0.0, "percent_covered_display": "0", "missing_lines": 2, "excluded_lines": 0, "percent_statements_covered": 0.0, "percent_statements_covered_display": "0"}, "missing_lines": [386, 387], "excluded_lines": [], "start_line": 381}, "": {"executed_lines": [23, 25, 26, 28, 29, 30, 32, 33, 34, 35, 36, 44, 46, 54, 57, 58, 59, 62, 65, 66, 67, 68, 69, 70, 73, 76, 77, 78, 79, 82, 85, 86, 87, 88, 89, 90, 93, 96, 97, 98, 99, 102, 105, 106, 107, 108, 109, 110, 111, 112, 115, 118, 119, 122, 123, 124, 125, 128, 129, 130, 131, 139, 150, 172, 182, 240, 249, 308, 318, 355, 365, 376, 381, 394], "summary": {"covered_lines": 74, "num_statements": 74, "percent_covered": 100.0, "percent_covered_display": "100", "missing_lines": 0, "excluded_lines": 0, "percent_statements_covered": 100.0, "percent_statements_covered_display": "100"}, "missing_lines": [], "excluded_lines": [], "start_line": 1}}, "classes": {"CancelarRequest": {"executed_lines": [], "summary": {"covered_lines": 0, "num_statements": 0, "percent_covered": 100.0, "percent_covered_display": "100", "missing_lines": 0, "excluded_lines": 0, "percent_statements_covered": 100.0, "percent_statements_covered_display": "100"}, "missing_lines": [], "excluded_lines": [], "start_line": 54}, "CancelarResponse": {"executed_lines": [], "summary": {"covered_lines": 0, "num_statements": 0, "percent_covered": 100.0, "percent_covered_display": "100", "missing_lines": 0, "excluded_lines": 0, "percent_statements_covered": 100.0, "percent_statements_covered_display": "100"}, "missing_lines": [], "excluded_lines": [], "start_line": 62}, "ExportRequest": {"executed_lines": [], "summary": {"covered_lines": 0, "num_statements": 0, "percent_covered": 100.0, "percent_covered_display": "100", "missing_lines": 0, "excluded_lines": 0, "percent_statements_covered": 100.0, "percent_statements_covered_display": "100"}, "missing_lines": [], "excluded_lines": [], "start_line": 73}, "ExportResponse": {"executed_lines": [], "summary": {"covered_lines": 0, "num_statements": 0, "percent_covered": 100.0, "percent_covered_display": "100", "missing_lines": 0, "excluded_lines": 0, "percent_statements_covered": 100.0, "percent_statements_covered_display": "100"}, "missing_lines": [], "excluded_lines": [], "start_line": 82}, "AccessRequest": {"executed_lines": [], "summary": {"covered_lines": 0, "num_statements": 0, "percent_covered": 100.0, "percent_covered_display": "100", "missing_lines": 0, "excluded_lines": 0, "percent_statements_covered": 100.0, "percent_statements_covered_display": "100"}, "missing_lines": [], "excluded_lines": [], "start_line": 93}, "AccessResponse": {"executed_lines": [], "summary": {"covered_lines": 0, "num_statements": 0, "percent_covered": 100.0, "percent_covered_display": "100", "missing_lines": 0, "excluded_lines": 0, "percent_statements_covered": 100.0, "percent_statements_covered_display": "100"}, "missing_lines": [], "excluded_lines": [], "start_line": 102}, "RestaurarRequest": {"executed_lines": [], "summary": {"covered_lines": 0, "num_statements": 0, "percent_covered": 100.0, "percent_covered_display": "100", "missing_lines": 0, "excluded_lines": 0, "percent_statements_covered": 100.0, "percent_statements_covered_display": "100"}, "missing_lines": [], "excluded_lines": [], "start_line": 115}, "RestaurarResponse": {"executed_lines": [], "summary": {"covered_lines": 0, "num_statements": 0, "percent_covered": 100.0, "percent_covered_display": "100", "missing_lines": 0, "excluded_lines": 0, "percent_statements_covered": 100.0, "percent_statements_covered_display": "100"}, "missing_lines": [], "excluded_lines": [], "start_line": 122}, "RevogacoesListResponse": {"executed_lines": [], "summary": {"covered_lines": 0, "num_statements": 0, "percent_covered": 100.0, "percent_covered_display": "100", "missing_lines": 0, "excluded_lines": 0, "percent_statements_covered": 100.0, "percent_statements_covered_display": "100"}, "missing_lines": [], "excluded_lines": [], "start_line": 128}, "": {"executed_lines": [23, 25, 26, 28, 29, 30, 32, 33, 34, 35, 36, 44, 46, 54, 57, 58, 59, 62, 65, 66, 67, 68, 69, 70, 73, 76, 77, 78, 79, 82, 85, 86, 87, 88, 89, 90, 93, 96, 97, 98, 99, 102, 105, 106, 107, 108, 109, 110, 111, 112, 115, 118, 119, 122, 123, 124, 125, 128, 129, 130, 131, 139, 150, 172, 182, 240, 249, 308, 318, 355, 365, 376, 381, 394], "summary": {"covered_lines": 74, "num_statements": 120, "percent_covered": 61.666666666666664, "percent_covered_display": "62", "missing_lines": 46, "excluded_lines": 0, "percent_statements_covered": 61.666666666666664, "percent_statements_covered_display": "62"}, "missing_lines": [156, 163, 188, 189, 197, 198, 199, 200, 206, 207, 208, 209, 223, 224, 225, 226, 228, 255, 256, 269, 270, 271, 280, 281, 282, 283, 292, 293, 294, 295, 297, 324, 325, 326, 333, 334, 335, 344, 345, 346, 347, 349, 369, 370, 386, 387], "excluded_lines": [], "start_line": 1}}}, "app/api/v1/brain.py": {"executed_lines": [17, 19, 20, 21, 23, 24, 26, 28, 29, 30, 33, 36, 37, 38, 39, 42, 43, 44, 45, 46, 47, 50, 51, 52, 53, 54, 57, 58, 59, 60, 61, 62, 63, 64, 65, 68, 69, 70, 71, 72, 73, 74, 77, 78, 82, 83, 84, 86, 87, 88, 89, 90, 91, 92, 93, 102, 105, 108, 112, 113, 114, 116, 117, 119, 120, 121, 122, 123, 124, 125, 126, 134, 137, 138, 139, 140, 143, 144, 145, 146, 147, 148, 149, 150, 151, 152, 153, 155, 160, 161, 162, 164, 165, 168, 169, 171, 173, 175, 188, 200, 206, 207, 208, 209, 212, 213, 215, 216, 217, 219, 236, 239, 240, 241, 242, 243, 244, 247, 250, 251, 252, 253, 256, 259, 260, 261, 262, 263, 264, 265, 268, 271, 272, 273, 274, 275, 276, 277, 278, 281, 286, 296, 297, 299, 300, 301, 302, 303, 304, 305, 315, 318, 323, 325, 326, 327, 328, 329, 330, 331, 339, 344, 354, 355, 357, 358, 359, 360, 361, 362, 363, 364, 365, 367, 368, 369, 370, 372, 374, 376, 377, 378, 379, 382, 383, 384, 385, 387, 388, 390, 401, 402, 403, 406, 411, 421, 422, 423, 424, 425, 426, 428, 431, 432, 433, 434, 435, 436, 437, 440, 441, 442, 443, 446, 447, 450, 453, 454, 455, 456, 457, 459, 471, 475, 481, 482, 483, 484, 485, 486, 487, 488, 490, 491, 492, 494, 495, 496, 498], "summary": {"covered_lines": 239, "num_statements": 239, "percent_covered": 100.0, "percent_covered_display": "100", "missing_lines": 0, "excluded_lines": 0, "percent_statements_covered": 100.0, "percent_statements_covered_display": "100"}, "missing_lines": [], "excluded_lines": [], "functions": {"_read_json_safe": {"executed_lines": [69, 70, 71, 72, 73, 74], "summary": {"covered_lines": 6, "num_statements": 6, "percent_covered": 100.0, "percent_covered_display": "100", "missing_lines": 0, "excluded_lines": 0, "percent_statements_covered": 100.0, "percent_statements_covered_display": "100"}, "missing_lines": [], "excluded_lines": [], "start_line": 68}, "list_tasks": {"executed_lines": [82, 83, 84, 86, 87, 88, 89, 90, 91, 92, 93, 102], "summary": {"covered_lines": 12, "num_statements": 12, "percent_covered": 100.0, "percent_covered_display": "100", "missing_lines": 0, "excluded_lines": 0, "percent_statements_covered": 100.0, "percent_statements_covered_display": "100"}, "missing_lines": [], "excluded_lines": [], "start_line": 78}, "list_lessons": {"executed_lines": [112, 113, 114, 116, 117, 119, 120, 121, 122, 123, 124, 125, 126, 134], "summary": {"covered_lines": 14, "num_statements": 14, "percent_covered": 100.0, "percent_covered_display": "100", "missing_lines": 0, "excluded_lines": 0, "percent_statements_covered": 100.0, "percent_statements_covered_display": "100"}, "missing_lines": [], "excluded_lines": [], "start_line": 108}, "create_lesson": {"executed_lines": [139, 140, 143, 144, 145, 146, 147, 148, 149, 150, 151, 152, 153, 155, 160, 161, 162, 164, 165], "summary": {"covered_lines": 19, "num_statements": 19, "percent_covered": 100.0, "percent_covered_display": "100", "missing_lines": 0, "excluded_lines": 0, "percent_statements_covered": 100.0, "percent_statements_covered_display": "100"}, "missing_lines": [], "excluded_lines": [], "start_line": 138}, "trigger_sync": {"executed_lines": [171, 173, 175, 188, 200, 206, 207, 208, 209], "summary": {"covered_lines": 9, "num_statements": 9, "percent_covered": 100.0, "percent_covered_display": "100", "missing_lines": 0, "excluded_lines": 0, "percent_statements_covered": 100.0, "percent_statements_covered_display": "100"}, "missing_lines": [], "excluded_lines": [], "start_line": 169}, "get_loop_state": {"executed_lines": [215, 216, 217, 219], "summary": {"covered_lines": 4, "num_statements": 4, "percent_covered": 100.0, "percent_covered_display": "100", "missing_lines": 0, "excluded_lines": 0, "percent_statements_covered": 100.0, "percent_statements_covered_display": "100"}, "missing_lines": [], "excluded_lines": [], "start_line": 213}, "list_snapshots": {"executed_lines": [296, 297, 299, 300, 301, 302, 303, 304, 305, 315], "summary": {"covered_lines": 10, "num_statements": 10, "percent_covered": 100.0, "percent_covered_display": "100", "missing_lines": 0, "excluded_lines": 0, "percent_statements_covered": 100.0, "percent_statements_covered_display": "100"}, "missing_lines": [], "excluded_lines": [], "start_line": 286}, "get_snapshot_detail": {"executed_lines": [325, 326, 327, 328, 329, 330, 331], "summary": {"covered_lines": 7, "num_statements": 7, "percent_covered": 100.0, "percent_covered_display": "100", "missing_lines": 0, "excluded_lines": 0, "percent_statements_covered": 100.0, "percent_statements_covered_display": "100"}, "missing_lines": [], "excluded_lines": [], "start_line": 323}, "list_sessions": {"executed_lines": [354, 355, 357, 358, 359, 360, 361, 362, 363, 364, 365, 367, 368, 369, 370, 372, 374, 376, 377, 378, 379, 382, 383, 384, 385, 387, 388, 390, 401, 402, 403], "summary": {"covered_lines": 31, "num_statements": 31, "percent_covered": 100.0, "percent_covered_display": "100", "missing_lines": 0, "excluded_lines": 0, "percent_statements_covered": 100.0, "percent_statements_covered_display": "100"}, "missing_lines": [], "excluded_lines": [], "start_line": 344}, "restore_context": {"executed_lines": [421, 422, 423, 424, 425, 426, 428, 431, 432, 433, 434, 435, 436, 437, 440, 441, 442, 443, 446, 447, 450, 453, 454, 455, 456, 457, 459], "summary": {"covered_lines": 27, "num_statements": 27, "percent_covered": 100.0, "percent_covered_display": "100", "missing_lines": 0, "excluded_lines": 0, "percent_statements_covered": 100.0, "percent_statements_covered_display": "100"}, "missing_lines": [], "excluded_lines": [], "start_line": 411}, "current_context": {"executed_lines": [481, 482, 483, 484, 485, 486, 487, 488, 490, 491, 492, 494, 495, 496, 498], "summary": {"covered_lines": 15, "num_statements": 15, "percent_covered": 100.0, "percent_covered_display": "100", "missing_lines": 0, "excluded_lines": 0, "percent_statements_covered": 100.0, "percent_statements_covered_display": "100"}, "missing_lines": [], "excluded_lines": [], "start_line": 475}, "": {"executed_lines": [17, 19, 20, 21, 23, 24, 26, 28, 29, 30, 33, 36, 37, 38, 39, 42, 43, 44, 45, 46, 47, 50, 51, 52, 53, 54, 57, 58, 59, 60, 61, 62, 63, 64, 65, 68, 77, 78, 105, 108, 137, 138, 168, 169, 212, 213, 236, 239, 240, 241, 242, 243, 244, 247, 250, 251, 252, 253, 256, 259, 260, 261, 262, 263, 264, 265, 268, 271, 272, 273, 274, 275, 276, 277, 278, 281, 286, 318, 323, 339, 344, 406, 411, 471, 475], "summary": {"covered_lines": 85, "num_statements": 85, "percent_covered": 100.0, "percent_covered_display": "100", "missing_lines": 0, "excluded_lines": 0, "percent_statements_covered": 100.0, "percent_statements_covered_display": "100"}, "missing_lines": [], "excluded_lines": [], "start_line": 1}}, "classes": {"LessonCreate": {"executed_lines": [], "summary": {"covered_lines": 0, "num_statements": 0, "percent_covered": 100.0, "percent_covered_display": "100", "missing_lines": 0, "excluded_lines": 0, "percent_statements_covered": 100.0, "percent_statements_covered_display": "100"}, "missing_lines": [], "excluded_lines": [], "start_line": 33}, "TaskSummary": {"executed_lines": [], "summary": {"covered_lines": 0, "num_statements": 0, "percent_covered": 100.0, "percent_covered_display": "100", "missing_lines": 0, "excluded_lines": 0, "percent_statements_covered": 100.0, "percent_statements_covered_display": "100"}, "missing_lines": [], "excluded_lines": [], "start_line": 42}, "LessonSummary": {"executed_lines": [], "summary": {"covered_lines": 0, "num_statements": 0, "percent_covered": 100.0, "percent_covered_display": "100", "missing_lines": 0, "excluded_lines": 0, "percent_statements_covered": 100.0, "percent_statements_covered_display": "100"}, "missing_lines": [], "excluded_lines": [], "start_line": 50}, "LoopState": {"executed_lines": [], "summary": {"covered_lines": 0, "num_statements": 0, "percent_covered": 100.0, "percent_covered_display": "100", "missing_lines": 0, "excluded_lines": 0, "percent_statements_covered": 100.0, "percent_statements_covered_display": "100"}, "missing_lines": [], "excluded_lines": [], "start_line": 57}, "SnapshotSummary": {"executed_lines": [], "summary": {"covered_lines": 0, "num_statements": 0, "percent_covered": 100.0, "percent_covered_display": "100", "missing_lines": 0, "excluded_lines": 0, "percent_statements_covered": 100.0, "percent_statements_covered_display": "100"}, "missing_lines": [], "excluded_lines": [], "start_line": 236}, "SnapshotDetail": {"executed_lines": [], "summary": {"covered_lines": 0, "num_statements": 0, "percent_covered": 100.0, "percent_covered_display": "100", "missing_lines": 0, "excluded_lines": 0, "percent_statements_covered": 100.0, "percent_statements_covered_display": "100"}, "missing_lines": [], "excluded_lines": [], "start_line": 247}, "SessionSummary": {"executed_lines": [], "summary": {"covered_lines": 0, "num_statements": 0, "percent_covered": 100.0, "percent_covered_display": "100", "missing_lines": 0, "excluded_lines": 0, "percent_statements_covered": 100.0, "percent_statements_covered_display": "100"}, "missing_lines": [], "excluded_lines": [], "start_line": 256}, "ContextRestoreResponse": {"executed_lines": [], "summary": {"covered_lines": 0, "num_statements": 0, "percent_covered": 100.0, "percent_covered_display": "100", "missing_lines": 0, "excluded_lines": 0, "percent_statements_covered": 100.0, "percent_statements_covered_display": "100"}, "missing_lines": [], "excluded_lines": [], "start_line": 268}, "": {"executed_lines": [17, 19, 20, 21, 23, 24, 26, 28, 29, 30, 33, 36, 37, 38, 39, 42, 43, 44, 45, 46, 47, 50, 51, 52, 53, 54, 57, 58, 59, 60, 61, 62, 63, 64, 65, 68, 69, 70, 71, 72, 73, 74, 77, 78, 82, 83, 84, 86, 87, 88, 89, 90, 91, 92, 93, 102, 105, 108, 112, 113, 114, 116, 117, 119, 120, 121, 122, 123, 124, 125, 126, 134, 137, 138, 139, 140, 143, 144, 145, 146, 147, 148, 149, 150, 151, 152, 153, 155, 160, 161, 162, 164, 165, 168, 169, 171, 173, 175, 188, 200, 206, 207, 208, 209, 212, 213, 215, 216, 217, 219, 236, 239, 240, 241, 242, 243, 244, 247, 250, 251, 252, 253, 256, 259, 260, 261, 262, 263, 264, 265, 268, 271, 272, 273, 274, 275, 276, 277, 278, 281, 286, 296, 297, 299, 300, 301, 302, 303, 304, 305, 315, 318, 323, 325, 326, 327, 328, 329, 330, 331, 339, 344, 354, 355, 357, 358, 359, 360, 361, 362, 363, 364, 365, 367, 368, 369, 370, 372, 374, 376, 377, 378, 379, 382, 383, 384, 385, 387, 388, 390, 401, 402, 403, 406, 411, 421, 422, 423, 424, 425, 426, 428, 431, 432, 433, 434, 435, 436, 437, 440, 441, 442, 443, 446, 447, 450, 453, 454, 455, 456, 457, 459, 471, 475, 481, 482, 483, 484, 485, 486, 487, 488, 490, 491, 492, 494, 495, 496, 498], "summary": {"covered_lines": 239, "num_statements": 239, "percent_covered": 100.0, "percent_covered_display": "100", "missing_lines": 0, "excluded_lines": 0, "percent_statements_covered": 100.0, "percent_statements_covered_display": "100"}, "missing_lines": [], "excluded_lines": [], "start_line": 1}}}, "app/api/v1/integrations.py": {"executed_lines": [14, 16, 17, 18, 19, 20, 22, 23, 24, 25, 27, 28, 29, 30, 31, 32, 33, 34, 35, 36, 47, 55, 70, 75, 79, 85, 93, 98, 109, 125, 126, 127, 128, 129, 130, 131, 132, 133, 134, 142, 156, 184, 192, 193, 211, 212, 214, 216, 217, 227, 237, 250, 251, 275, 278, 281, 284, 287, 290, 297, 305, 318, 320, 323, 329, 330, 331, 332, 334, 335, 336, 337, 338, 341, 347, 348, 349, 351, 355, 356, 357, 359, 362, 363, 364, 365, 367, 369, 388, 390, 393, 395, 396, 397, 398, 399, 400, 401, 402, 403, 404, 409, 410, 413, 415, 419, 421, 422, 423, 424, 425, 433, 435, 438, 446, 463, 560, 563, 576, 577, 578, 579, 580, 581, 582, 585, 588, 589, 590, 591, 594, 607, 618, 619, 620, 625, 634, 635, 638, 639, 648, 649, 650, 651, 652, 653, 654, 655, 656, 657, 660, 661, 662, 666, 667, 668, 669, 675, 676, 681, 688, 700, 707, 712, 720], "summary": {"covered_lines": 165, "num_statements": 216, "percent_covered": 76.38888888888889, "percent_covered_display": "76", "missing_lines": 51, "excluded_lines": 0, "percent_statements_covered": 76.38888888888889, "percent_statements_covered_display": "76"}, "missing_lines": [302, 426, 427, 428, 429, 430, 474, 475, 476, 477, 482, 483, 484, 485, 487, 488, 492, 493, 499, 500, 501, 502, 506, 507, 511, 512, 518, 519, 522, 523, 526, 527, 528, 529, 530, 531, 532, 533, 534, 535, 536, 537, 538, 539, 541, 542, 544, 663, 701, 702, 704], "excluded_lines": [], "functions": {"opencode_test": {"executed_lines": [184, 192, 193, 211, 212, 214, 216, 217, 227, 237, 250, 251], "summary": {"covered_lines": 12, "num_statements": 12, "percent_covered": 100.0, "percent_covered_display": "100", "missing_lines": 0, "excluded_lines": 0, "percent_statements_covered": 100.0, "percent_statements_covered_display": "100"}, "missing_lines": [], "excluded_lines": [], "start_line": 156}, "openclaw_status_endpoint": {"executed_lines": [], "summary": {"covered_lines": 0, "num_statements": 1, "percent_covered": 0.0, "percent_covered_display": "0", "missing_lines": 1, "excluded_lines": 0, "percent_statements_covered": 0.0, "percent_statements_covered_display": "0"}, "missing_lines": [302], "excluded_lines": [], "start_line": 297}, "agent_health": {"executed_lines": [320, 323, 329, 330, 331, 332, 334, 335, 336, 337, 338, 341, 347, 348, 349, 351, 355, 356, 357, 359, 362, 363, 364, 365, 367, 369], "summary": {"covered_lines": 26, "num_statements": 26, "percent_covered": 100.0, "percent_covered_display": "100", "missing_lines": 0, "excluded_lines": 0, "percent_statements_covered": 100.0, "percent_statements_covered_display": "100"}, "missing_lines": [], "excluded_lines": [], "start_line": 318}, "_dispatch_evolution": {"executed_lines": [395, 396, 397, 398, 399, 400, 401, 402, 403, 404, 409, 410], "summary": {"covered_lines": 12, "num_statements": 12, "percent_covered": 100.0, "percent_covered_display": "100", "missing_lines": 0, "excluded_lines": 0, "percent_statements_covered": 100.0, "percent_statements_covered_display": "100"}, "missing_lines": [], "excluded_lines": [], "start_line": 393}, "_dispatch_chatwoot": {"executed_lines": [415], "summary": {"covered_lines": 1, "num_statements": 1, "percent_covered": 100.0, "percent_covered_display": "100", "missing_lines": 0, "excluded_lines": 0, "percent_statements_covered": 100.0, "percent_statements_covered_display": "100"}, "missing_lines": [], "excluded_lines": [], "start_line": 413}, "_dispatch_telegram": {"executed_lines": [421, 422, 423, 424, 425], "summary": {"covered_lines": 5, "num_statements": 10, "percent_covered": 50.0, "percent_covered_display": "50", "missing_lines": 5, "excluded_lines": 0, "percent_statements_covered": 50.0, "percent_statements_covered_display": "50"}, "missing_lines": [426, 427, 428, 429, 430], "excluded_lines": [], "start_line": 419}, "_dispatch_outbox": {"executed_lines": [435], "summary": {"covered_lines": 1, "num_statements": 1, "percent_covered": 100.0, "percent_covered_display": "100", "missing_lines": 0, "excluded_lines": 0, "percent_statements_covered": 100.0, "percent_statements_covered_display": "100"}, "missing_lines": [], "excluded_lines": [], "start_line": 433}, "outbox_dispatch": {"executed_lines": [], "summary": {"covered_lines": 0, "num_statements": 41, "percent_covered": 0.0, "percent_covered_display": "0", "missing_lines": 41, "excluded_lines": 0, "percent_statements_covered": 0.0, "percent_statements_covered_display": "0"}, "missing_lines": [474, 475, 476, 477, 482, 483, 484, 485, 487, 488, 492, 493, 499, 500, 501, 502, 506, 507, 511, 512, 518, 519, 522, 523, 526, 527, 528, 529, 530, 531, 532, 533, 534, 535, 536, 537, 538, 539, 541, 542, 544], "excluded_lines": [], "start_line": 463}, "n8n_error_webhook": {"executed_lines": [618, 619, 620, 625, 634, 635, 638, 639, 648, 649, 650, 651, 652, 653, 654, 655, 656, 657, 660, 661, 662, 666, 667, 668, 669, 675, 676, 681, 688, 700, 707, 712, 720], "summary": {"covered_lines": 33, "num_statements": 37, "percent_covered": 89.1891891891892, "percent_covered_display": "89", "missing_lines": 4, "excluded_lines": 0, "percent_statements_covered": 89.1891891891892, "percent_statements_covered_display": "89"}, "missing_lines": [663, 701, 702, 704], "excluded_lines": [], "start_line": 607}, "": {"executed_lines": [14, 16, 17, 18, 19, 20, 22, 23, 24, 25, 27, 28, 29, 30, 31, 32, 33, 34, 35, 36, 47, 55, 70, 75, 79, 85, 93, 98, 109, 125, 126, 127, 128, 129, 130, 131, 132, 133, 134, 142, 156, 275, 278, 281, 284, 287, 290, 297, 305, 318, 388, 390, 393, 413, 419, 433, 438, 446, 463, 560, 563, 576, 577, 578, 579, 580, 581, 582, 585, 588, 589, 590, 591, 594, 607], "summary": {"covered_lines": 75, "num_statements": 75, "percent_covered": 100.0, "percent_covered_display": "100", "missing_lines": 0, "excluded_lines": 0, "percent_statements_covered": 100.0, "percent_statements_covered_display": "100"}, "missing_lines": [], "excluded_lines": [], "start_line": 1}}, "classes": {"OpenCodeTestRequest": {"executed_lines": [], "summary": {"covered_lines": 0, "num_statements": 0, "percent_covered": 100.0, "percent_covered_display": "100", "missing_lines": 0, "excluded_lines": 0, "percent_statements_covered": 100.0, "percent_statements_covered_display": "100"}, "missing_lines": [], "excluded_lines": [], "start_line": 55}, "OpenCodeTestResponse": {"executed_lines": [], "summary": {"covered_lines": 0, "num_statements": 0, "percent_covered": 100.0, "percent_covered_display": "100", "missing_lines": 0, "excluded_lines": 0, "percent_statements_covered": 100.0, "percent_statements_covered_display": "100"}, "missing_lines": [], "excluded_lines": [], "start_line": 109}, "AgentHealthResponse": {"executed_lines": [], "summary": {"covered_lines": 0, "num_statements": 0, "percent_covered": 100.0, "percent_covered_display": "100", "missing_lines": 0, "excluded_lines": 0, "percent_statements_covered": 100.0, "percent_statements_covered_display": "100"}, "missing_lines": [], "excluded_lines": [], "start_line": 275}, "N8nErrorRequest": {"executed_lines": [], "summary": {"covered_lines": 0, "num_statements": 0, "percent_covered": 100.0, "percent_covered_display": "100", "missing_lines": 0, "excluded_lines": 0, "percent_statements_covered": 100.0, "percent_statements_covered_display": "100"}, "missing_lines": [], "excluded_lines": [], "start_line": 563}, "N8nErrorResponse": {"executed_lines": [], "summary": {"covered_lines": 0, "num_statements": 0, "percent_covered": 100.0, "percent_covered_display": "100", "missing_lines": 0, "excluded_lines": 0, "percent_statements_covered": 100.0, "percent_statements_covered_display": "100"}, "missing_lines": [], "excluded_lines": [], "start_line": 585}, "": {"executed_lines": [14, 16, 17, 18, 19, 20, 22, 23, 24, 25, 27, 28, 29, 30, 31, 32, 33, 34, 35, 36, 47, 55, 70, 75, 79, 85, 93, 98, 109, 125, 126, 127, 128, 129, 130, 131, 132, 133, 134, 142, 156, 184, 192, 193, 211, 212, 214, 216, 217, 227, 237, 250, 251, 275, 278, 281, 284, 287, 290, 297, 305, 318, 320, 323, 329, 330, 331, 332, 334, 335, 336, 337, 338, 341, 347, 348, 349, 351, 355, 356, 357, 359, 362, 363, 364, 365, 367, 369, 388, 390, 393, 395, 396, 397, 398, 399, 400, 401, 402, 403, 404, 409, 410, 413, 415, 419, 421, 422, 423, 424, 425, 433, 435, 438, 446, 463, 560, 563, 576, 577, 578, 579, 580, 581, 582, 585, 588, 589, 590, 591, 594, 607, 618, 619, 620, 625, 634, 635, 638, 639, 648, 649, 650, 651, 652, 653, 654, 655, 656, 657, 660, 661, 662, 666, 667, 668, 669, 675, 676, 681, 688, 700, 707, 712, 720], "summary": {"covered_lines": 165, "num_statements": 216, "percent_covered": 76.38888888888889, "percent_covered_display": "76", "missing_lines": 51, "excluded_lines": 0, "percent_statements_covered": 76.38888888888889, "percent_statements_covered_display": "76"}, "missing_lines": [302, 426, 427, 428, 429, 430, 474, 475, 476, 477, 482, 483, 484, 485, 487, 488, 492, 493, 499, 500, 501, 502, 506, 507, 511, 512, 518, 519, 522, 523, 526, 527, 528, 529, 530, 531, 532, 533, 534, 535, 536, 537, 538, 539, 541, 542, 544, 663, 701, 702, 704], "excluded_lines": [], "start_line": 1}}}, "app/api/v1/lgpd_direitos.py": {"executed_lines": [18, 20, 21, 23, 24, 25, 27, 28, 29, 30, 31, 34, 40, 42, 43, 44, 51, 57, 59, 60, 62, 63, 71, 72, 83, 84, 85, 91, 101, 113, 114, 125, 126, 127, 132, 142, 154, 155, 165, 166, 167, 172, 182, 194, 195, 206, 207, 208, 213, 223, 235, 236, 246, 247, 248, 253, 263, 276, 290, 302, 305, 310, 311, 312, 313, 319, 336], "summary": {"covered_lines": 67, "num_statements": 69, "percent_covered": 97.10144927536231, "percent_covered_display": "97", "missing_lines": 2, "excluded_lines": 0, "percent_statements_covered": 97.10144927536231, "percent_statements_covered_display": "97"}, "missing_lines": [64, 65], "excluded_lines": [], "functions": {"_require_api_key": {"executed_lines": [42, 43, 44, 51], "summary": {"covered_lines": 4, "num_statements": 4, "percent_covered": 100.0, "percent_covered_display": "100", "missing_lines": 0, "excluded_lines": 0, "percent_statements_covered": 100.0, "percent_statements_covered_display": "100"}, "missing_lines": [], "excluded_lines": [], "start_line": 40}, "_cliente_existe": {"executed_lines": [59, 60, 62, 63], "summary": {"covered_lines": 4, "num_statements": 6, "percent_covered": 66.66666666666667, "percent_covered_display": "67", "missing_lines": 2, "excluded_lines": 0, "percent_statements_covered": 66.66666666666667, "percent_statements_covered_display": "67"}, "missing_lines": [64, 65], "excluded_lines": [], "start_line": 57}, "direito_anonimizar": {"executed_lines": [83, 84, 85, 91, 101], "summary": {"covered_lines": 5, "num_statements": 5, "percent_covered": 100.0, "percent_covered_display": "100", "missing_lines": 0, "excluded_lines": 0, "percent_statements_covered": 100.0, "percent_statements_covered_display": "100"}, "missing_lines": [], "excluded_lines": [], "start_line": 72}, "direito_corrigir": {"executed_lines": [125, 126, 127, 132, 142], "summary": {"covered_lines": 5, "num_statements": 5, "percent_covered": 100.0, "percent_covered_display": "100", "missing_lines": 0, "excluded_lines": 0, "percent_statements_covered": 100.0, "percent_statements_covered_display": "100"}, "missing_lines": [], "excluded_lines": [], "start_line": 114}, "direito_oposicao": {"executed_lines": [165, 166, 167, 172, 182], "summary": {"covered_lines": 5, "num_statements": 5, "percent_covered": 100.0, "percent_covered_display": "100", "missing_lines": 0, "excluded_lines": 0, "percent_statements_covered": 100.0, "percent_statements_covered_display": "100"}, "missing_lines": [], "excluded_lines": [], "start_line": 155}, "direito_optout": {"executed_lines": [206, 207, 208, 213, 223], "summary": {"covered_lines": 5, "num_statements": 5, "percent_covered": 100.0, "percent_covered_display": "100", "missing_lines": 0, "excluded_lines": 0, "percent_statements_covered": 100.0, "percent_statements_covered_display": "100"}, "missing_lines": [], "excluded_lines": [], "start_line": 195}, "direito_portabilidade": {"executed_lines": [246, 247, 248, 253, 263], "summary": {"covered_lines": 5, "num_statements": 5, "percent_covered": 100.0, "percent_covered_display": "100", "missing_lines": 0, "excluded_lines": 0, "percent_statements_covered": 100.0, "percent_statements_covered_display": "100"}, "missing_lines": [], "excluded_lines": [], "start_line": 236}, "download_portabilidade": {"executed_lines": [302, 305, 310, 311, 312, 313, 319, 336], "summary": {"covered_lines": 8, "num_statements": 8, "percent_covered": 100.0, "percent_covered_display": "100", "missing_lines": 0, "excluded_lines": 0, "percent_statements_covered": 100.0, "percent_statements_covered_display": "100"}, "missing_lines": [], "excluded_lines": [], "start_line": 290}, "": {"executed_lines": [18, 20, 21, 23, 24, 25, 27, 28, 29, 30, 31, 34, 40, 57, 71, 72, 113, 114, 154, 155, 194, 195, 235, 236, 276, 290], "summary": {"covered_lines": 26, "num_statements": 26, "percent_covered": 100.0, "percent_covered_display": "100", "missing_lines": 0, "excluded_lines": 0, "percent_statements_covered": 100.0, "percent_statements_covered_display": "100"}, "missing_lines": [], "excluded_lines": [], "start_line": 1}}, "classes": {"": {"executed_lines": [18, 20, 21, 23, 24, 25, 27, 28, 29, 30, 31, 34, 40, 42, 43, 44, 51, 57, 59, 60, 62, 63, 71, 72, 83, 84, 85, 91, 101, 113, 114, 125, 126, 127, 132, 142, 154, 155, 165, 166, 167, 172, 182, 194, 195, 206, 207, 208, 213, 223, 235, 236, 246, 247, 248, 253, 263, 276, 290, 302, 305, 310, 311, 312, 313, 319, 336], "summary": {"covered_lines": 67, "num_statements": 69, "percent_covered": 97.10144927536231, "percent_covered_display": "97", "missing_lines": 2, "excluded_lines": 0, "percent_statements_covered": 97.10144927536231, "percent_statements_covered_display": "97"}, "missing_lines": [64, 65], "excluded_lines": [], "start_line": 1}}}, "app/api/v1/lgpd_direitos_v2.py": {"executed_lines": [20, 22, 23, 24, 25, 27, 28, 29, 30, 32, 33, 34, 35, 37, 39, 47, 50, 51, 58, 59, 62, 65, 66, 67, 68, 69, 72, 75, 76, 77, 81, 84, 93, 107, 117, 127, 132, 137, 148, 149, 150, 151, 152, 158, 170, 182, 188, 191, 201, 220, 231, 238, 239, 240, 242, 243, 244, 250, 258, 266, 283, 296, 317, 327, 334, 335, 339, 340, 341, 348, 349, 350, 356, 364, 365, 374, 375, 377, 385, 387, 389, 397, 400, 414, 428, 438, 446, 448, 455, 456, 462, 476, 493, 503, 510, 515, 516, 517, 518, 524, 544, 566, 576, 584, 586, 587, 588, 594, 596, 597, 606, 607, 616, 617, 620, 621, 622, 623, 624, 625, 626, 635, 636, 637, 640, 655, 669, 678, 685, 686, 689, 690, 691, 697, 698, 699, 705, 706, 707, 709, 716, 717, 718, 719, 720, 722, 732, 733, 734, 737, 751, 766, 768, 769, 770, 773, 774, 775, 779, 781, 783, 784, 785, 793, 799, 801, 803, 804, 806, 821, 824, 834, 843, 851, 860, 861, 862, 864, 865, 870, 880, 883, 896], "summary": {"covered_lines": 183, "num_statements": 203, "percent_covered": 90.14778325123153, "percent_covered_display": "90", "missing_lines": 20, "excluded_lines": 0, "percent_statements_covered": 90.14778325123153, "percent_statements_covered_display": "90"}, "missing_lines": [154, 155, 342, 366, 608, 630, 692, 771, 772, 776, 782, 786, 787, 788, 789, 790, 800, 866, 867, 869], "excluded_lines": [], "functions": {"lgpd_dashboard": {"executed_lines": [127, 132, 137, 148, 149, 150, 151, 152, 158, 170, 182, 188, 191, 201], "summary": {"covered_lines": 14, "num_statements": 16, "percent_covered": 87.5, "percent_covered_display": "88", "missing_lines": 2, "excluded_lines": 0, "percent_statements_covered": 87.5, "percent_statements_covered_display": "88"}, "missing_lines": [154, 155], "excluded_lines": [], "start_line": 117}, "direito_acesso_v2": {"executed_lines": [238, 239, 240, 242, 243, 244, 250, 258, 266, 283, 296], "summary": {"covered_lines": 11, "num_statements": 11, "percent_covered": 100.0, "percent_covered_display": "100", "missing_lines": 0, "excluded_lines": 0, "percent_statements_covered": 100.0, "percent_statements_covered_display": "100"}, "missing_lines": [], "excluded_lines": [], "start_line": 231}, "registrar_consentimento_v2": {"executed_lines": [334, 335, 339, 340, 341, 348, 349, 350, 356, 364, 365, 374, 375, 377, 385, 387, 389, 397, 400, 414], "summary": {"covered_lines": 20, "num_statements": 22, "percent_covered": 90.9090909090909, "percent_covered_display": "91", "missing_lines": 2, "excluded_lines": 0, "percent_statements_covered": 90.9090909090909, "percent_statements_covered_display": "91"}, "missing_lines": [342, 366], "excluded_lines": [], "start_line": 327}, "direito_esquecimento_v2": {"executed_lines": [446, 448, 455, 456, 462, 476], "summary": {"covered_lines": 6, "num_statements": 6, "percent_covered": 100.0, "percent_covered_display": "100", "missing_lines": 0, "excluded_lines": 0, "percent_statements_covered": 100.0, "percent_statements_covered_display": "100"}, "missing_lines": [], "excluded_lines": [], "start_line": 438}, "exportar_dados_v2": {"executed_lines": [510, 515, 516, 517, 518, 524, 544], "summary": {"covered_lines": 7, "num_statements": 7, "percent_covered": 100.0, "percent_covered_display": "100", "missing_lines": 0, "excluded_lines": 0, "percent_statements_covered": 100.0, "percent_statements_covered_display": "100"}, "missing_lines": [], "excluded_lines": [], "start_line": 503}, "corrigir_dados_v2": {"executed_lines": [584, 586, 587, 588, 594, 596, 597, 606, 607, 616, 617, 620, 621, 622, 623, 624, 625, 626, 635, 636, 637, 640, 655], "summary": {"covered_lines": 23, "num_statements": 25, "percent_covered": 92.0, "percent_covered_display": "92", "missing_lines": 2, "excluded_lines": 0, "percent_statements_covered": 92.0, "percent_statements_covered_display": "92"}, "missing_lines": [608, 630], "excluded_lines": [], "start_line": 576}, "revogar_consent_v2": {"executed_lines": [685, 686, 689, 690, 691, 697, 698, 699, 705, 706, 707, 709, 716, 717, 718, 719, 720, 722, 732, 733, 734, 737, 751], "summary": {"covered_lines": 23, "num_statements": 24, "percent_covered": 95.83333333333333, "percent_covered_display": "96", "missing_lines": 1, "excluded_lines": 0, "percent_statements_covered": 95.83333333333333, "percent_statements_covered_display": "96"}, "missing_lines": [692], "excluded_lines": [], "start_line": 678}, "_truncate_ip_for_response": {"executed_lines": [768, 769, 770, 773, 774, 775], "summary": {"covered_lines": 6, "num_statements": 9, "percent_covered": 66.66666666666667, "percent_covered_display": "67", "missing_lines": 3, "excluded_lines": 0, "percent_statements_covered": 66.66666666666667, "percent_statements_covered_display": "67"}, "missing_lines": [771, 772, 776], "excluded_lines": [], "start_line": 766}, "_parse_payload": {"executed_lines": [781, 783, 784, 785], "summary": {"covered_lines": 4, "num_statements": 10, "percent_covered": 40.0, "percent_covered_display": "40", "missing_lines": 6, "excluded_lines": 0, "percent_statements_covered": 40.0, "percent_statements_covered_display": "40"}, "missing_lines": [782, 786, 787, 788, 789, 790], "excluded_lines": [], "start_line": 779}, "_scrub_payload_pii": {"executed_lines": [799, 801, 803, 804, 806, 821], "summary": {"covered_lines": 6, "num_statements": 7, "percent_covered": 85.71428571428571, "percent_covered_display": "86", "missing_lines": 1, "excluded_lines": 0, "percent_statements_covered": 85.71428571428571, "percent_statements_covered_display": "86"}, "missing_lines": [800], "excluded_lines": [], "start_line": 793}, "audit_log_titular": {"executed_lines": [843, 851, 860, 861, 862, 864, 865, 870, 880, 883, 896], "summary": {"covered_lines": 11, "num_statements": 14, "percent_covered": 78.57142857142857, "percent_covered_display": "79", "missing_lines": 3, "excluded_lines": 0, "percent_statements_covered": 78.57142857142857, "percent_statements_covered_display": "79"}, "missing_lines": [866, 867, 869], "excluded_lines": [], "start_line": 834}, "": {"executed_lines": [20, 22, 23, 24, 25, 27, 28, 29, 30, 32, 33, 34, 35, 37, 39, 47, 50, 51, 58, 59, 62, 65, 66, 67, 68, 69, 72, 75, 76, 77, 81, 84, 93, 107, 117, 220, 231, 317, 327, 428, 438, 493, 503, 566, 576, 669, 678, 766, 779, 793, 824, 834], "summary": {"covered_lines": 52, "num_statements": 52, "percent_covered": 100.0, "percent_covered_display": "100", "missing_lines": 0, "excluded_lines": 0, "percent_statements_covered": 100.0, "percent_statements_covered_display": "100"}, "missing_lines": [], "excluded_lines": [], "start_line": 1}}, "classes": {"ConsentRequest": {"executed_lines": [], "summary": {"covered_lines": 0, "num_statements": 0, "percent_covered": 100.0, "percent_covered_display": "100", "missing_lines": 0, "excluded_lines": 0, "percent_statements_covered": 100.0, "percent_statements_covered_display": "100"}, "missing_lines": [], "excluded_lines": [], "start_line": 47}, "CorrectionRequest": {"executed_lines": [], "summary": {"covered_lines": 0, "num_statements": 0, "percent_covered": 100.0, "percent_covered_display": "100", "missing_lines": 0, "excluded_lines": 0, "percent_statements_covered": 100.0, "percent_statements_covered_display": "100"}, "missing_lines": [], "excluded_lines": [], "start_line": 62}, "RevogarConsentRequest": {"executed_lines": [], "summary": {"covered_lines": 0, "num_statements": 0, "percent_covered": 100.0, "percent_covered_display": "100", "missing_lines": 0, "excluded_lines": 0, "percent_statements_covered": 100.0, "percent_statements_covered_display": "100"}, "missing_lines": [], "excluded_lines": [], "start_line": 72}, "": {"executed_lines": [20, 22, 23, 24, 25, 27, 28, 29, 30, 32, 33, 34, 35, 37, 39, 47, 50, 51, 58, 59, 62, 65, 66, 67, 68, 69, 72, 75, 76, 77, 81, 84, 93, 107, 117, 127, 132, 137, 148, 149, 150, 151, 152, 158, 170, 182, 188, 191, 201, 220, 231, 238, 239, 240, 242, 243, 244, 250, 258, 266, 283, 296, 317, 327, 334, 335, 339, 340, 341, 348, 349, 350, 356, 364, 365, 374, 375, 377, 385, 387, 389, 397, 400, 414, 428, 438, 446, 448, 455, 456, 462, 476, 493, 503, 510, 515, 516, 517, 518, 524, 544, 566, 576, 584, 586, 587, 588, 594, 596, 597, 606, 607, 616, 617, 620, 621, 622, 623, 624, 625, 626, 635, 636, 637, 640, 655, 669, 678, 685, 686, 689, 690, 691, 697, 698, 699, 705, 706, 707, 709, 716, 717, 718, 719, 720, 722, 732, 733, 734, 737, 751, 766, 768, 769, 770, 773, 774, 775, 779, 781, 783, 784, 785, 793, 799, 801, 803, 804, 806, 821, 824, 834, 843, 851, 860, 861, 862, 864, 865, 870, 880, 883, 896], "summary": {"covered_lines": 183, "num_statements": 203, "percent_covered": 90.14778325123153, "percent_covered_display": "90", "missing_lines": 20, "excluded_lines": 0, "percent_statements_covered": 90.14778325123153, "percent_statements_covered_display": "90"}, "missing_lines": [154, 155, 342, 366, 608, 630, 692, 771, 772, 776, 782, 786, 787, 788, 789, 790, 800, 866, 867, 869], "excluded_lines": [], "start_line": 1}}}, "app/api/v1/router.py": {"executed_lines": [17, 19, 20, 21, 22, 23, 24, 25, 27, 28, 29, 30, 31, 32, 33, 35, 36, 37, 38, 39, 53, 60, 61, 65, 66, 67, 68, 69, 72, 75, 84, 85, 89, 97, 109, 124, 125, 126, 127, 128, 146, 199, 212, 214, 218, 229, 239, 254, 262, 271, 272, 280, 290, 292, 307, 330, 336, 337, 340, 341, 344, 372, 381, 383, 396, 411, 412, 425, 427, 436, 462, 468, 469, 480, 481, 491, 519, 534, 535, 540, 544, 545, 557, 561, 575, 601, 602, 603, 609, 610, 612, 613, 616, 621, 632, 633, 638, 639, 656, 657, 662, 677, 690, 709, 711, 712, 713, 715, 716, 717, 718, 724, 733, 738, 743, 747, 748, 749, 755, 763, 764, 779, 781, 782, 784, 785, 786, 787, 801, 802, 803, 804, 805, 806, 807, 809, 814, 819, 820, 826, 827, 828, 829, 830, 831, 856, 857, 862, 863, 867, 873, 874, 875, 901, 902, 903, 904, 905, 906, 911, 917, 921, 922, 923, 925, 926, 927, 928, 931, 932, 933, 935, 951, 956, 957, 959, 960, 961, 968, 969, 970, 977, 978, 979, 983, 1008, 1025, 1029, 1030, 1031, 1039, 1050, 1052, 1054, 1057, 1068, 1070, 1071, 1073, 1076, 1077, 1078, 1079, 1080, 1081, 1084, 1085, 1086, 1087, 1089, 1090, 1092, 1093, 1095, 1096, 1105, 1116, 1118, 1119, 1121, 1122, 1123, 1135, 1136, 1142, 1153, 1156, 1157, 1158, 1160, 1168, 1169, 1175, 1187, 1225, 1246, 1250, 1256, 1258, 1265, 1266, 1269, 1280, 1308, 1320, 1322, 1323, 1326, 1327, 1328, 1329, 1330, 1331, 1332, 1335, 1336, 1337, 1338, 1339, 1340, 1341, 1344, 1345, 1346, 1348, 1349, 1351, 1352, 1353, 1354, 1355, 1356, 1357, 1359, 1360, 1361, 1362, 1363, 1364, 1366, 1367, 1368, 1369, 1370, 1371, 1374, 1375, 1376, 1377, 1378, 1379, 1380, 1383, 1384, 1385, 1386, 1387, 1388, 1389, 1392, 1406, 1427, 1446, 1448, 1450, 1451, 1453, 1455, 1457, 1458, 1459, 1460, 1461, 1462, 1463, 1465, 1468, 1469, 1470, 1471, 1472, 1473, 1476, 1482, 1487, 1489, 1494, 1495, 1498, 1499, 1503, 1504, 1509, 1510, 1511, 1512, 1513, 1527, 1528, 1529, 1530, 1537, 1538, 1546, 1548, 1549, 1550, 1559, 1562, 1563, 1565, 1573, 1576, 1585, 1605, 1619, 1621, 1622, 1625, 1626, 1627, 1628, 1629, 1642, 1644, 1647, 1648, 1649, 1650, 1652, 1653, 1664, 1666, 1670, 1673, 1674, 1675, 1676, 1677, 1678, 1680, 1681, 1683, 1704, 1705, 1706, 1707, 1708, 1709, 1710, 1711, 1715, 1716, 1717, 1718, 1720, 1721, 1722, 1723, 1724, 1725, 1730, 1739, 1741, 1744, 1747, 1750, 1752, 1753, 1754, 1755, 1756, 1757, 1758, 1761, 1781, 1802, 1804, 1806, 1807, 1808, 1809, 1810, 1812, 1820, 1844, 1861, 1865, 1867, 1871, 1872, 1874, 1884, 1888, 1889, 1897, 1908, 1922, 1923, 1924, 1930, 1931, 1935, 1936, 1937, 1939, 1947, 1958, 1966, 1969, 1970, 1975, 1976, 1977, 1993, 2006, 2021, 2025, 2026, 2027, 2028, 2032, 2033, 2036, 2037, 2038, 2053, 2065, 2071, 2072, 2075, 2080, 2082, 2083, 2084, 2086, 2087, 2090, 2092, 2093, 2104, 2105, 2107, 2108, 2119, 2122, 2131, 2133, 2134, 2136, 2137, 2138, 2139, 2140, 2141, 2142, 2143, 2144, 2146, 2147, 2148, 2149, 2150, 2153, 2154, 2161, 2162, 2163, 2167, 2168, 2182, 2183, 2184, 2188, 2190, 2207, 2214, 2219, 2225, 2226, 2227, 2229, 2230, 2232, 2233, 2236, 2238, 2239, 2250, 2251, 2252, 2253, 2254, 2255, 2256, 2258, 2259, 2274, 2277, 2287, 2289, 2290, 2291, 2293, 2296, 2297, 2298, 2299, 2300, 2301, 2302, 2303, 2304, 2311, 2312, 2313, 2314, 2324, 2325, 2332, 2333, 2343, 2351, 2365, 2380, 2381, 2382, 2384, 2385, 2387, 2399, 2407, 2415, 2426, 2428, 2429, 2431, 2432, 2433, 2451, 2453, 2454, 2456, 2457, 2474, 2482, 2491, 2493, 2495, 2496, 2498, 2499, 2515, 2523, 2542, 2549, 2555, 2556, 2557, 2558, 2566, 2567, 2577, 2592, 2608, 2629, 2642, 2643, 2644, 2654, 2655, 2675, 2692, 2713, 2720, 2722, 2726, 2732, 2752, 2760, 2761, 2771, 2783, 2785, 2786, 2787, 2789, 2793, 2804, 2807, 2821, 2835, 2849, 2856, 2857, 2859, 2860, 2862, 2865, 2886, 2898, 2917, 2924, 2925, 2930, 2931, 2934, 2936, 2946, 2947, 2956, 2981, 2987, 2988, 2992, 2993, 2995, 2997, 3003, 3006, 3019, 3022, 3044, 3051, 3052, 3053, 3054, 3056, 3057, 3058, 3060, 3062, 3072, 3075, 3090, 3098, 3108, 3110, 3222, 3264, 3282, 3283, 3284, 3285, 3287, 3288, 3289, 3291, 3298, 3299, 3302, 3308, 3309, 3310, 3336, 3337, 3340, 3341, 3342, 3343, 3354, 3363, 3381, 3408, 3419, 3422, 3433, 3440, 3441, 3442, 3457, 3460, 3461, 3462, 3463, 3464, 3465, 3466, 3469, 3472, 3473, 3474, 3475, 3479, 3485, 3508, 3525, 3527, 3528, 3530, 3531, 3532, 3540, 3543, 3544, 3545, 3546, 3547, 3549, 3550, 3551, 3563, 3564, 3565, 3577, 3579, 3593, 3613, 3656, 3677, 3691, 3692, 3695, 3696, 3700, 3701, 3707, 3708, 3709, 3718, 3729, 3730, 3731, 3734, 3751, 3770, 3781, 3785, 3788, 3790, 3823, 3836, 3838, 3851, 3865, 3876, 3881, 3884, 3891, 3893, 3905, 3917, 3950, 3967, 4002, 4016, 4043, 4073, 4077, 4079, 4080, 4083, 4130, 4134, 4136, 4137, 4149, 4178, 4190, 4193, 4194, 4196, 4197, 4198, 4201, 4209, 4210, 4213, 4214, 4215, 4217, 4218, 4219, 4220, 4223, 4224, 4225, 4226, 4227, 4228, 4229, 4230, 4238, 4239, 4244, 4245, 4246, 4251, 4252, 4253, 4258, 4260, 4261, 4263, 4267, 4270, 4285, 4294, 4296, 4297, 4298, 4299, 4300, 4301, 4303, 4304, 4305, 4308, 4310, 4311, 4312, 4313, 4314, 4315, 4317, 4320, 4333, 4334, 4335, 4336, 4337, 4338, 4340, 4341, 4342, 4343, 4345, 4346, 4347, 4348, 4349, 4350, 4351, 4352, 4360, 4361, 4365, 4366, 4367, 4369, 4370, 4371, 4379, 4387, 4388, 4391, 4392, 4393, 4394, 4395, 4398, 4419, 4486, 4508, 4514, 4521, 4522, 4535, 4536, 4537, 4549, 4550, 4575, 4594, 4607, 4609, 4611, 4614, 4617, 4633, 4655, 4670, 4676, 4678, 4679, 4680, 4691, 4706, 4737, 4752, 4764, 4765, 4770, 4771, 4823, 4838, 4850, 4851, 4856, 4857, 4914, 4928, 4944, 4966, 4971, 4973, 4974, 4976], "summary": {"covered_lines": 938, "num_statements": 1163, "percent_covered": 80.65348237317284, "percent_covered_display": "81", "missing_lines": 225, "excluded_lines": 0, "percent_statements_covered": 80.65348237317284, "percent_statements_covered_display": "81"}, "missing_lines": [263, 281, 471, 614, 615, 719, 725, 757, 845, 848, 907, 912, 952, 953, 980, 981, 1091, 1124, 1125, 1126, 1161, 1162, 1163, 1164, 1191, 1196, 1200, 1202, 1216, 1217, 1222, 1283, 1284, 1285, 1289, 1290, 1291, 1292, 1301, 1302, 1390, 1466, 1477, 1478, 1479, 1483, 1484, 1485, 1519, 1520, 1531, 1551, 1577, 1630, 1631, 1712, 1714, 1727, 1728, 1740, 1743, 1783, 1785, 1786, 1787, 1796, 1797, 1798, 1799, 1805, 1811, 1885, 1989, 1991, 2034, 2102, 2103, 2117, 2118, 2164, 2165, 2248, 2249, 2271, 2272, 2305, 2306, 2307, 2308, 2340, 2341, 2434, 2436, 2437, 2438, 2447, 2448, 2449, 2470, 2472, 2513, 2514, 2762, 2772, 2790, 2791, 2794, 2932, 3327, 3328, 3347, 3348, 3449, 3629, 3631, 3632, 3633, 3638, 3640, 3643, 3793, 3794, 3804, 3805, 3807, 3820, 3919, 3921, 3922, 3923, 3928, 3930, 3931, 3933, 3975, 3977, 3978, 3983, 3985, 4023, 4025, 4026, 4027, 4032, 4034, 4035, 4036, 4040, 4232, 4235, 4354, 4355, 4356, 4357, 4358, 4359, 4362, 4363, 4427, 4428, 4430, 4431, 4433, 4434, 4435, 4436, 4448, 4449, 4457, 4459, 4473, 4557, 4558, 4565, 4566, 4645, 4647, 4649, 4652, 4681, 4682, 4712, 4714, 4715, 4716, 4717, 4718, 4774, 4775, 4776, 4778, 4780, 4781, 4783, 4789, 4790, 4791, 4793, 4797, 4798, 4804, 4818, 4820, 4860, 4861, 4862, 4864, 4866, 4867, 4869, 4875, 4876, 4877, 4879, 4883, 4884, 4890, 4904, 4906, 4934, 4936, 4937, 4939, 4940, 4941], "excluded_lines": [], "functions": {"calcular_emolumento": {"executed_lines": [124, 125, 126, 127, 128], "summary": {"covered_lines": 5, "num_statements": 5, "percent_covered": 100.0, "percent_covered_display": "100", "missing_lines": 0, "excluded_lines": 0, "percent_statements_covered": 100.0, "percent_statements_covered_display": "100"}, "missing_lines": [], "excluded_lines": [], "start_line": 109}, "get_protocolo": {"executed_lines": [212, 214, 218, 229, 239, 254, 262, 271, 272, 280, 290, 292, 307], "summary": {"covered_lines": 13, "num_statements": 15, "percent_covered": 86.66666666666667, "percent_covered_display": "87", "missing_lines": 2, "excluded_lines": 0, "percent_statements_covered": 86.66666666666667, "percent_statements_covered_display": "87"}, "missing_lines": [263, 281], "excluded_lines": [], "start_line": 199}, "_gerar_numero_protocolo": {"executed_lines": [336, 337, 340, 341], "summary": {"covered_lines": 4, "num_statements": 4, "percent_covered": 100.0, "percent_covered_display": "100", "missing_lines": 0, "excluded_lines": 0, "percent_statements_covered": 100.0, "percent_statements_covered_display": "100"}, "missing_lines": [], "excluded_lines": [], "start_line": 330}, "post_protocolo": {"executed_lines": [381, 383, 396, 411, 412, 425, 427, 436], "summary": {"covered_lines": 8, "num_statements": 8, "percent_covered": 100.0, "percent_covered_display": "100", "missing_lines": 0, "excluded_lines": 0, "percent_statements_covered": 100.0, "percent_statements_covered_display": "100"}, "missing_lines": [], "excluded_lines": [], "start_line": 372}, "_verify_api_key": {"executed_lines": [468, 469, 480, 481], "summary": {"covered_lines": 4, "num_statements": 5, "percent_covered": 80.0, "percent_covered_display": "80", "missing_lines": 1, "excluded_lines": 0, "percent_statements_covered": 80.0, "percent_statements_covered_display": "80"}, "missing_lines": [471], "excluded_lines": [], "start_line": 462}, "post_protocolo_criar_api": {"executed_lines": [534, 535, 540, 544, 545, 557, 561, 575, 601, 602, 603, 609, 610, 612, 613, 616, 621, 632, 633, 638, 639, 656, 657, 662], "summary": {"covered_lines": 24, "num_statements": 26, "percent_covered": 92.3076923076923, "percent_covered_display": "92", "missing_lines": 2, "excluded_lines": 0, "percent_statements_covered": 92.3076923076923, "percent_statements_covered_display": "92"}, "missing_lines": [614, 615], "excluded_lines": [], "start_line": 519}, "webhook_evolution": {"executed_lines": [709, 711, 712, 713, 715, 716, 717, 718, 724, 733, 738, 743, 747, 748, 749, 755, 763, 764, 779, 781, 782, 784, 785, 786, 787, 801, 802, 803, 804, 805, 806, 807, 809, 814, 819, 820, 826, 827, 828, 829, 830, 831, 856, 857, 862, 863, 867, 873, 874, 875, 901, 902, 903, 904, 905, 906, 911, 917, 921, 922, 923, 925, 926, 927, 928, 931, 932, 933, 935, 951, 956, 957, 959, 960, 961, 968, 969, 970, 977, 978, 979, 983], "summary": {"covered_lines": 82, "num_statements": 93, "percent_covered": 88.17204301075269, "percent_covered_display": "88", "missing_lines": 11, "excluded_lines": 0, "percent_statements_covered": 88.17204301075269, "percent_statements_covered_display": "88"}, "missing_lines": [719, 725, 757, 845, 848, 907, 912, 952, 953, 980, 981], "excluded_lines": [], "start_line": 690}, "audit_verify": {"executed_lines": [1029, 1030, 1031], "summary": {"covered_lines": 3, "num_statements": 3, "percent_covered": 100.0, "percent_covered_display": "100", "missing_lines": 0, "excluded_lines": 0, "percent_statements_covered": 100.0, "percent_statements_covered_display": "100"}, "missing_lines": [], "excluded_lines": [], "start_line": 1025}, "health_live": {"executed_lines": [1052, 1054], "summary": {"covered_lines": 2, "num_statements": 2, "percent_covered": 100.0, "percent_covered_display": "100", "missing_lines": 0, "excluded_lines": 0, "percent_statements_covered": 100.0, "percent_statements_covered_display": "100"}, "missing_lines": [], "excluded_lines": [], "start_line": 1050}, "health_ready": {"executed_lines": [1070, 1071, 1073, 1076, 1077, 1078, 1079, 1080, 1081, 1084, 1085, 1086, 1087, 1089, 1090, 1092, 1093, 1095, 1096], "summary": {"covered_lines": 19, "num_statements": 20, "percent_covered": 95.0, "percent_covered_display": "95", "missing_lines": 1, "excluded_lines": 0, "percent_statements_covered": 95.0, "percent_statements_covered_display": "95"}, "missing_lines": [1091], "excluded_lines": [], "start_line": 1068}, "health_db": {"executed_lines": [1118, 1119, 1121, 1122, 1123, 1135, 1136], "summary": {"covered_lines": 7, "num_statements": 10, "percent_covered": 70.0, "percent_covered_display": "70", "missing_lines": 3, "excluded_lines": 0, "percent_statements_covered": 70.0, "percent_statements_covered_display": "70"}, "missing_lines": [1124, 1125, 1126], "excluded_lines": [], "start_line": 1116}, "health_redis": {"executed_lines": [1156, 1157, 1158, 1160, 1168, 1169], "summary": {"covered_lines": 6, "num_statements": 10, "percent_covered": 60.0, "percent_covered_display": "60", "missing_lines": 4, "excluded_lines": 0, "percent_statements_covered": 60.0, "percent_statements_covered_display": "60"}, "missing_lines": [1161, 1162, 1163, 1164], "excluded_lines": [], "start_line": 1153}, "health_audit": {"executed_lines": [], "summary": {"covered_lines": 0, "num_statements": 7, "percent_covered": 0.0, "percent_covered_display": "0", "missing_lines": 7, "excluded_lines": 0, "percent_statements_covered": 0.0, "percent_statements_covered_display": "0"}, "missing_lines": [1191, 1196, 1200, 1202, 1216, 1217, 1222], "excluded_lines": [], "start_line": 1187}, "health_audit_freshness": {"executed_lines": [1250, 1256, 1258, 1265, 1266], "summary": {"covered_lines": 5, "num_statements": 5, "percent_covered": 100.0, "percent_covered_display": "100", "missing_lines": 0, "excluded_lines": 0, "percent_statements_covered": 100.0, "percent_statements_covered_display": "100"}, "missing_lines": [], "excluded_lines": [], "start_line": 1246}, "health_llm": {"executed_lines": [], "summary": {"covered_lines": 0, "num_statements": 9, "percent_covered": 0.0, "percent_covered_display": "0", "missing_lines": 9, "excluded_lines": 0, "percent_statements_covered": 0.0, "percent_statements_covered_display": "0"}, "missing_lines": [1283, 1284, 1285, 1289, 1290, 1291, 1292, 1301, 1302], "excluded_lines": [], "start_line": 1280}, "health_radar": {"executed_lines": [1322, 1323, 1326, 1327, 1328, 1329, 1330, 1331, 1332, 1335, 1336, 1337, 1338, 1339, 1340, 1341, 1344, 1345, 1346, 1348, 1349, 1351, 1352, 1353, 1354, 1355, 1356, 1357, 1359, 1360, 1361, 1362, 1363, 1364, 1366, 1367, 1368, 1369, 1370, 1371, 1374, 1375, 1376, 1377, 1378, 1379, 1380, 1383, 1384, 1385, 1386, 1387, 1388, 1389, 1392, 1406], "summary": {"covered_lines": 56, "num_statements": 57, "percent_covered": 98.24561403508773, "percent_covered_display": "98", "missing_lines": 1, "excluded_lines": 0, "percent_statements_covered": 98.24561403508773, "percent_statements_covered_display": "98"}, "missing_lines": [1390], "excluded_lines": [], "start_line": 1320}, "health_integracoes": {"executed_lines": [1448, 1450, 1451, 1453, 1455, 1476, 1482, 1487, 1489, 1494, 1495, 1498, 1499, 1503, 1504, 1509, 1510, 1511, 1512, 1513, 1527, 1528, 1529, 1530, 1537, 1538, 1546, 1548, 1549, 1550, 1559, 1562, 1563, 1565], "summary": {"covered_lines": 34, "num_statements": 38, "percent_covered": 89.47368421052632, "percent_covered_display": "89", "missing_lines": 4, "excluded_lines": 0, "percent_statements_covered": 89.47368421052632, "percent_statements_covered_display": "89"}, "missing_lines": [1519, 1520, 1531, 1551], "excluded_lines": [], "start_line": 1446}, "health_integracoes.check": {"executed_lines": [1457, 1458, 1459, 1460, 1461, 1462, 1463, 1465, 1468, 1469, 1470, 1471, 1472, 1473], "summary": {"covered_lines": 14, "num_statements": 15, "percent_covered": 93.33333333333333, "percent_covered_display": "93", "missing_lines": 1, "excluded_lines": 0, "percent_statements_covered": 93.33333333333333, "percent_statements_covered_display": "93"}, "missing_lines": [1466], "excluded_lines": [], "start_line": 1455}, "health_integracoes._db_check": {"executed_lines": [], "summary": {"covered_lines": 0, "num_statements": 3, "percent_covered": 0.0, "percent_covered_display": "0", "missing_lines": 3, "excluded_lines": 0, "percent_statements_covered": 0.0, "percent_statements_covered_display": "0"}, "missing_lines": [1477, 1478, 1479], "excluded_lines": [], "start_line": 1476}, "health_integracoes._redis_check": {"executed_lines": [], "summary": {"covered_lines": 0, "num_statements": 3, "percent_covered": 0.0, "percent_covered_display": "0", "missing_lines": 3, "excluded_lines": 0, "percent_statements_covered": 0.0, "percent_statements_covered_display": "0"}, "missing_lines": [1483, 1484, 1485], "excluded_lines": [], "start_line": 1482}, "_FakeResp.__init__": {"executed_lines": [], "summary": {"covered_lines": 0, "num_statements": 1, "percent_covered": 0.0, "percent_covered_display": "0", "missing_lines": 1, "excluded_lines": 0, "percent_statements_covered": 0.0, "percent_statements_covered_display": "0"}, "missing_lines": [1577], "excluded_lines": [], "start_line": 1576}, "health_backup": {"executed_lines": [1619, 1621, 1622, 1625, 1626, 1627, 1628, 1629, 1642, 1644, 1647, 1648, 1649, 1650, 1652, 1653, 1664, 1666, 1670, 1673, 1674, 1675, 1676, 1677, 1678, 1680, 1681, 1683, 1704, 1705, 1706, 1707, 1708, 1709, 1710, 1711, 1715, 1716, 1717, 1718, 1720, 1721, 1722, 1723, 1724, 1725, 1730, 1739, 1741, 1744], "summary": {"covered_lines": 50, "num_statements": 58, "percent_covered": 86.20689655172414, "percent_covered_display": "86", "missing_lines": 8, "excluded_lines": 0, "percent_statements_covered": 86.20689655172414, "percent_statements_covered_display": "86"}, "missing_lines": [1630, 1631, 1712, 1714, 1727, 1728, 1740, 1743], "excluded_lines": [], "start_line": 1605}, "update_backup_status": {"executed_lines": [], "summary": {"covered_lines": 0, "num_statements": 8, "percent_covered": 0.0, "percent_covered_display": "0", "missing_lines": 8, "excluded_lines": 0, "percent_statements_covered": 0.0, "percent_statements_covered_display": "0"}, "missing_lines": [1783, 1785, 1786, 1787, 1796, 1797, 1798, 1799], "excluded_lines": [], "start_line": 1781}, "_humanize_size": {"executed_lines": [1804, 1806, 1807, 1808, 1809, 1810, 1812], "summary": {"covered_lines": 7, "num_statements": 9, "percent_covered": 77.77777777777777, "percent_covered_display": "78", "missing_lines": 2, "excluded_lines": 0, "percent_statements_covered": 77.77777777777777, "percent_statements_covered_display": "78"}, "missing_lines": [1805, 1811], "excluded_lines": [], "start_line": 1802}, "health_backup_v2": {"executed_lines": [1861, 1865, 1867, 1871, 1872, 1874, 1884, 1888, 1889], "summary": {"covered_lines": 9, "num_statements": 10, "percent_covered": 90.0, "percent_covered_display": "90", "missing_lines": 1, "excluded_lines": 0, "percent_statements_covered": 90.0, "percent_statements_covered_display": "90"}, "missing_lines": [1885], "excluded_lines": [], "start_line": 1844}, "agendamento_disponibilidade": {"executed_lines": [1922, 1923, 1924, 1930, 1931, 1935, 1936, 1937, 1939], "summary": {"covered_lines": 9, "num_statements": 9, "percent_covered": 100.0, "percent_covered_display": "100", "missing_lines": 0, "excluded_lines": 0, "percent_statements_covered": 100.0, "percent_statements_covered_display": "100"}, "missing_lines": [], "excluded_lines": [], "start_line": 1908}, "documento_segunda_via": {"executed_lines": [1966, 1969, 1970, 1975, 1976, 1977, 1993], "summary": {"covered_lines": 7, "num_statements": 9, "percent_covered": 77.77777777777777, "percent_covered_display": "78", "missing_lines": 2, "excluded_lines": 0, "percent_statements_covered": 77.77777777777777, "percent_statements_covered_display": "78"}, "missing_lines": [1989, 1991], "excluded_lines": [], "start_line": 1958}, "atendimentos_ultimas_24h": {"executed_lines": [2025, 2026, 2027, 2028, 2032, 2033, 2036, 2037, 2038, 2053, 2065, 2071, 2072], "summary": {"covered_lines": 13, "num_statements": 14, "percent_covered": 92.85714285714286, "percent_covered_display": "93", "missing_lines": 1, "excluded_lines": 0, "percent_statements_covered": 92.85714285714286, "percent_statements_covered_display": "93"}, "missing_lines": [2034], "excluded_lines": [], "start_line": 2021}, "marcar_pesquisa_enviada": {"executed_lines": [2082, 2083, 2084, 2086, 2087, 2090, 2092, 2093, 2104, 2105, 2107, 2108, 2119], "summary": {"covered_lines": 13, "num_statements": 17, "percent_covered": 76.47058823529412, "percent_covered_display": "76", "missing_lines": 4, "excluded_lines": 0, "percent_statements_covered": 76.47058823529412, "percent_statements_covered_display": "76"}, "missing_lines": [2102, 2103, 2117, 2118], "excluded_lines": [], "start_line": 2080}, "criar_atendimento": {"executed_lines": [2133, 2134, 2136, 2137, 2138, 2139, 2140, 2141, 2142, 2143, 2144, 2146, 2147, 2148, 2149, 2150, 2153, 2154, 2161, 2162, 2163, 2167, 2168, 2182, 2183, 2184, 2188, 2190, 2207], "summary": {"covered_lines": 29, "num_statements": 31, "percent_covered": 93.54838709677419, "percent_covered_display": "94", "missing_lines": 2, "excluded_lines": 0, "percent_statements_covered": 93.54838709677419, "percent_statements_covered_display": "94"}, "missing_lines": [2164, 2165], "excluded_lines": [], "start_line": 2131}, "concluir_atendimento": {"executed_lines": [2225, 2226, 2227, 2229, 2230, 2232, 2233, 2236, 2238, 2239, 2250, 2251, 2252, 2253, 2254, 2255, 2256, 2258, 2259, 2274], "summary": {"covered_lines": 20, "num_statements": 24, "percent_covered": 83.33333333333333, "percent_covered_display": "83", "missing_lines": 4, "excluded_lines": 0, "percent_statements_covered": 83.33333333333333, "percent_statements_covered_display": "83"}, "missing_lines": [2248, 2249, 2271, 2272], "excluded_lines": [], "start_line": 2219}, "obter_historico_atendimento": {"executed_lines": [2289, 2290, 2291, 2293, 2296, 2297, 2298, 2299, 2300, 2301, 2302, 2303, 2304, 2311, 2312, 2313, 2314, 2324, 2325, 2332, 2333, 2343], "summary": {"covered_lines": 22, "num_statements": 28, "percent_covered": 78.57142857142857, "percent_covered_display": "79", "missing_lines": 6, "excluded_lines": 0, "percent_statements_covered": 78.57142857142857, "percent_statements_covered_display": "79"}, "missing_lines": [2305, 2306, 2307, 2308, 2340, 2341], "excluded_lines": [], "start_line": 2287}, "listar_sessoes_ativas": {"executed_lines": [2380, 2381, 2382, 2384, 2385, 2387, 2399, 2407], "summary": {"covered_lines": 8, "num_statements": 8, "percent_covered": 100.0, "percent_covered_display": "100", "missing_lines": 0, "excluded_lines": 0, "percent_statements_covered": 100.0, "percent_statements_covered_display": "100"}, "missing_lines": [], "excluded_lines": [], "start_line": 2365}, "webhook_chatwoot": {"executed_lines": [2428, 2429, 2431, 2432, 2433, 2451, 2453, 2454, 2456, 2457, 2474], "summary": {"covered_lines": 11, "num_statements": 20, "percent_covered": 55.0, "percent_covered_display": "55", "missing_lines": 9, "excluded_lines": 0, "percent_statements_covered": 55.0, "percent_statements_covered_display": "55"}, "missing_lines": [2434, 2436, 2437, 2438, 2447, 2448, 2449, 2470, 2472], "excluded_lines": [], "start_line": 2426}, "cron_stale_detector": {"executed_lines": [2493, 2495, 2496, 2498, 2499, 2515], "summary": {"covered_lines": 6, "num_statements": 8, "percent_covered": 75.0, "percent_covered_display": "75", "missing_lines": 2, "excluded_lines": 0, "percent_statements_covered": 75.0, "percent_statements_covered_display": "75"}, "missing_lines": [2513, 2514], "excluded_lines": [], "start_line": 2491}, "delete_cliente": {"executed_lines": [2549, 2555, 2556, 2557, 2558, 2566, 2567, 2577, 2592], "summary": {"covered_lines": 9, "num_statements": 9, "percent_covered": 100.0, "percent_covered_display": "100", "missing_lines": 0, "excluded_lines": 0, "percent_statements_covered": 100.0, "percent_statements_covered_display": "100"}, "missing_lines": [], "excluded_lines": [], "start_line": 2542}, "get_cliente": {"executed_lines": [2642, 2643, 2644, 2654, 2655, 2675, 2692], "summary": {"covered_lines": 7, "num_statements": 7, "percent_covered": 100.0, "percent_covered_display": "100", "missing_lines": 0, "excluded_lines": 0, "percent_statements_covered": 100.0, "percent_statements_covered_display": "100"}, "missing_lines": [], "excluded_lines": [], "start_line": 2629}, "patch_cliente": {"executed_lines": [2760, 2761, 2771, 2783, 2785, 2786, 2787, 2789, 2793, 2804, 2807, 2821], "summary": {"covered_lines": 12, "num_statements": 17, "percent_covered": 70.58823529411765, "percent_covered_display": "71", "missing_lines": 5, "excluded_lines": 0, "percent_statements_covered": 70.58823529411765, "percent_statements_covered_display": "71"}, "missing_lines": [2762, 2772, 2790, 2791, 2794], "excluded_lines": [], "start_line": 2752}, "admin_run_retencao": {"executed_lines": [2856, 2857, 2859, 2860, 2862, 2865, 2886], "summary": {"covered_lines": 7, "num_statements": 7, "percent_covered": 100.0, "percent_covered_display": "100", "missing_lines": 0, "excluded_lines": 0, "percent_statements_covered": 100.0, "percent_statements_covered_display": "100"}, "missing_lines": [], "excluded_lines": [], "start_line": 2849}, "admin_audit_dead_mans_switch_check": {"executed_lines": [2924, 2925, 2930, 2931, 2934, 2936, 2946, 2947], "summary": {"covered_lines": 8, "num_statements": 9, "percent_covered": 88.88888888888889, "percent_covered_display": "89", "missing_lines": 1, "excluded_lines": 0, "percent_statements_covered": 88.88888888888889, "percent_statements_covered_display": "89"}, "missing_lines": [2932], "excluded_lines": [], "start_line": 2917}, "admin_audit_health": {"executed_lines": [2987, 2988, 2992, 2993, 2995, 2997, 3003, 3006, 3019], "summary": {"covered_lines": 9, "num_statements": 9, "percent_covered": 100.0, "percent_covered_display": "100", "missing_lines": 0, "excluded_lines": 0, "percent_statements_covered": 100.0, "percent_statements_covered_display": "100"}, "missing_lines": [], "excluded_lines": [], "start_line": 2981}, "admin_audit_check_now": {"executed_lines": [3051, 3052, 3053, 3054, 3056, 3057, 3058, 3060, 3062, 3072, 3075, 3090], "summary": {"covered_lines": 12, "num_statements": 12, "percent_covered": 100.0, "percent_covered_display": "100", "missing_lines": 0, "excluded_lines": 0, "percent_statements_covered": 100.0, "percent_statements_covered_display": "100"}, "missing_lines": [], "excluded_lines": [], "start_line": 3044}, "postman_collection": {"executed_lines": [3110], "summary": {"covered_lines": 1, "num_statements": 1, "percent_covered": 100.0, "percent_covered_display": "100", "missing_lines": 0, "excluded_lines": 0, "percent_statements_covered": 1
[...]
}, "missing_lines": [], "excluded_lines": [], "start_line": 73}, "db_span": {"executed_lines": [93, 94, 95, 96, 97, 98], "summary": {"covered_lines": 6, "num_statements": 6, "percent_covered": 100.0, "percent_covered_display": "100", "missing_lines": 0, "excluded_lines": 0, "percent_statements_covered": 100.0, "percent_statements_covered_display": "100"}, "missing_lines": [], "excluded_lines": [], "start_line": 88}, "current_trace_id": {"executed_lines": [103, 104, 105, 106, 107], "summary": {"covered_lines": 5, "num_statements": 5, "percent_covered": 100.0, "percent_covered_display": "100", "missing_lines": 0, "excluded_lines": 0, "percent_statements_covered": 100.0, "percent_statements_covered_display": "100"}, "missing_lines": [], "excluded_lines": [], "start_line": 101}, "inject_trace_context": {"executed_lines": [112, 114, 115], "summary": {"covered_lines": 3, "num_statements": 3, "percent_covered": 100.0, "percent_covered_display": "100", "missing_lines": 0, "excluded_lines": 0, "percent_statements_covered": 100.0, "percent_statements_covered_display": "100"}, "missing_lines": [], "excluded_lines": [], "start_line": 110}, "extract_trace_context": {"executed_lines": [120, 122], "summary": {"covered_lines": 2, "num_statements": 2, "percent_covered": 100.0, "percent_covered_display": "100", "missing_lines": 0, "excluded_lines": 0, "percent_statements_covered": 100.0, "percent_statements_covered_display": "100"}, "missing_lines": [], "excluded_lines": [], "start_line": 118}, "": {"executed_lines": [16, 18, 19, 20, 22, 23, 24, 25, 31, 34, 64, 72, 73, 87, 88, 101, 110, 118], "summary": {"covered_lines": 18, "num_statements": 18, "percent_covered": 100.0, "percent_covered_display": "100", "missing_lines": 0, "excluded_lines": 0, "percent_statements_covered": 100.0, "percent_statements_covered_display": "100"}, "missing_lines": [], "excluded_lines": [], "start_line": 1}}, "classes": {"": {"executed_lines": [16, 18, 19, 20, 22, 23, 24, 25, 31, 34, 41, 42, 43, 44, 45, 46, 48, 49, 54, 56, 57, 58, 60, 61, 64, 66, 68, 69, 72, 73, 80, 81, 82, 83, 84, 87, 88, 93, 94, 95, 96, 97, 98, 101, 103, 104, 105, 106, 107, 110, 112, 114, 115, 118, 120, 122], "summary": {"covered_lines": 56, "num_statements": 57, "percent_covered": 98.24561403508773, "percent_covered_display": "98", "missing_lines": 1, "excluded_lines": 0, "percent_statements_covered": 98.24561403508773, "percent_statements_covered_display": "98"}, "missing_lines": [53], "excluded_lines": [], "start_line": 1}}}, "app/services/websocket_manager.py": {"executed_lines": [29, 31, 32, 34, 36, 39, 50, 51, 53, 55, 56, 57, 58, 65, 67, 68, 69, 70, 71, 78, 80, 82, 92, 93, 94, 96, 97, 98, 99, 100, 101, 103, 108, 109, 111, 117, 118, 119, 126, 129, 132, 133, 134, 137], "summary": {"covered_lines": 44, "num_statements": 47, "percent_covered": 93.61702127659575, "percent_covered_display": "94", "missing_lines": 3, "excluded_lines": 0, "percent_statements_covered": 93.61702127659575, "percent_statements_covered_display": "94"}, "missing_lines": [120, 121, 122], "excluded_lines": [], "functions": {"ConnectionManager.__init__": {"executed_lines": [51], "summary": {"covered_lines": 1, "num_statements": 1, "percent_covered": 100.0, "percent_covered_display": "100", "missing_lines": 0, "excluded_lines": 0, "percent_statements_covered": 100.0, "percent_statements_covered_display": "100"}, "missing_lines": [], "excluded_lines": [], "start_line": 50}, "ConnectionManager.register": {"executed_lines": [55, 56, 57, 58], "summary": {"covered_lines": 4, "num_statements": 4, "percent_covered": 100.0, "percent_covered_display": "100", "missing_lines": 0, "excluded_lines": 0, "percent_statements_covered": 100.0, "percent_statements_covered_display": "100"}, "missing_lines": [], "excluded_lines": [], "start_line": 53}, "ConnectionManager.unregister": {"executed_lines": [67, 68, 69, 70, 71], "summary": {"covered_lines": 5, "num_statements": 5, "percent_covered": 100.0, "percent_covered_display": "100", "missing_lines": 0, "excluded_lines": 0, "percent_statements_covered": 100.0, "percent_statements_covered_display": "100"}, "missing_lines": [], "excluded_lines": [], "start_line": 65}, "ConnectionManager.total_connections": {"executed_lines": [80], "summary": {"covered_lines": 1, "num_statements": 1, "percent_covered": 100.0, "percent_covered_display": "100", "missing_lines": 0, "excluded_lines": 0, "percent_statements_covered": 100.0, "percent_statements_covered_display": "100"}, "missing_lines": [], "excluded_lines": [], "start_line": 78}, "ConnectionManager.broadcast": {"executed_lines": [92, 93, 94, 96, 97, 98, 99, 100, 101, 103, 108, 109], "summary": {"covered_lines": 12, "num_statements": 12, "percent_covered": 100.0, "percent_covered_display": "100", "missing_lines": 0, "excluded_lines": 0, "percent_statements_covered": 100.0, "percent_statements_covered_display": "100"}, "missing_lines": [], "excluded_lines": [], "start_line": 82}, "ConnectionManager.send_personal": {"executed_lines": [117, 118, 119], "summary": {"covered_lines": 3, "num_statements": 6, "percent_covered": 50.0, "percent_covered_display": "50", "missing_lines": 3, "excluded_lines": 0, "percent_statements_covered": 50.0, "percent_statements_covered_display": "50"}, "missing_lines": [120, 121, 122], "excluded_lines": [], "start_line": 111}, "get_manager": {"executed_lines": [132, 133, 134], "summary": {"covered_lines": 3, "num_statements": 3, "percent_covered": 100.0, "percent_covered_display": "100", "missing_lines": 0, "excluded_lines": 0, "percent_statements_covered": 100.0, "percent_statements_covered_display": "100"}, "missing_lines": [], "excluded_lines": [], "start_line": 129}, "": {"executed_lines": [29, 31, 32, 34, 36, 39, 50, 53, 65, 78, 82, 111, 126, 129, 137], "summary": {"covered_lines": 15, "num_statements": 15, "percent_covered": 100.0, "percent_covered_display": "100", "missing_lines": 0, "excluded_lines": 0, "percent_statements_covered": 100.0, "percent_statements_covered_display": "100"}, "missing_lines": [], "excluded_lines": [], "start_line": 1}}, "classes": {"ConnectionManager": {"executed_lines": [51, 55, 56, 57, 58, 67, 68, 69, 70, 71, 80, 92, 93, 94, 96, 97, 98, 99, 100, 101, 103, 108, 109, 117, 118, 119], "summary": {"covered_lines": 26, "num_statements": 29, "percent_covered": 89.65517241379311, "percent_covered_display": "90", "missing_lines": 3, "excluded_lines": 0, "percent_statements_covered": 89.65517241379311, "percent_statements_covered_display": "90"}, "missing_lines": [120, 121, 122], "excluded_lines": [], "start_line": 39}, "": {"executed_lines": [29, 31, 32, 34, 36, 39, 50, 53, 65, 78, 82, 111, 126, 129, 132, 133, 134, 137], "summary": {"covered_lines": 18, "num_statements": 18, "percent_covered": 100.0, "percent_covered_display": "100", "missing_lines": 0, "excluded_lines": 0, "percent_statements_covered": 100.0, "percent_statements_covered_display": "100"}, "missing_lines": [], "excluded_lines": [], "start_line": 1}}}, "app/services/whatsapp_meta_templates.py": {"executed_lines": [23, 25, 26, 29, 30, 33, 34, 37, 38, 39, 40, 41, 44, 45, 48, 49, 50, 51, 52, 59, 111, 153, 188, 226, 261, 308, 345, 390, 431, 474, 509, 524, 526, 527, 528, 529, 530, 533, 535], "summary": {"covered_lines": 39, "num_statements": 39, "percent_covered": 100.0, "percent_covered_display": "100", "missing_lines": 0, "excluded_lines": 0, "percent_statements_covered": 100.0, "percent_statements_covered_display": "100"}, "missing_lines": [], "excluded_lines": [], "functions": {"get_template_by_name": {"executed_lines": [526, 527, 528, 529, 530], "summary": {"covered_lines": 5, "num_statements": 5, "percent_covered": 100.0, "percent_covered_display": "100", "missing_lines": 0, "excluded_lines": 0, "percent_statements_covered": 100.0, "percent_statements_covered_display": "100"}, "missing_lines": [], "excluded_lines": [], "start_line": 524}, "get_templates_by_category": {"executed_lines": [535], "summary": {"covered_lines": 1, "num_statements": 1, "percent_covered": 100.0, "percent_covered_display": "100", "missing_lines": 0, "excluded_lines": 0, "percent_statements_covered": 100.0, "percent_statements_covered_display": "100"}, "missing_lines": [], "excluded_lines": [], "start_line": 533}, "": {"executed_lines": [23, 25, 26, 29, 30, 33, 34, 37, 38, 39, 40, 41, 44, 45, 48, 49, 50, 51, 52, 59, 111, 153, 188, 226, 261, 308, 345, 390, 431, 474, 509, 524, 533], "summary": {"covered_lines": 33, "num_statements": 33, "percent_covered": 100.0, "percent_covered_display": "100", "missing_lines": 0, "excluded_lines": 0, "percent_statements_covered": 100.0, "percent_statements_covered_display": "100"}, "missing_lines": [], "excluded_lines": [], "start_line": 1}}, "classes": {"TemplateComponent": {"executed_lines": [], "summary": {"covered_lines": 0, "num_statements": 0, "percent_covered": 100.0, "percent_covered_display": "100", "missing_lines": 0, "excluded_lines": 0, "percent_statements_covered": 100.0, "percent_statements_covered_display": "100"}, "missing_lines": [], "excluded_lines": [], "start_line": 34}, "MetaTemplate": {"executed_lines": [], "summary": {"covered_lines": 0, "num_statements": 0, "percent_covered": 100.0, "percent_covered_display": "100", "missing_lines": 0, "excluded_lines": 0, "percent_statements_covered": 100.0, "percent_statements_covered_display": "100"}, "missing_lines": [], "excluded_lines": [], "start_line": 45}, "": {"executed_lines": [23, 25, 26, 29, 30, 33, 34, 37, 38, 39, 40, 41, 44, 45, 48, 49, 50, 51, 52, 59, 111, 153, 188, 226, 261, 308, 345, 390, 431, 474, 509, 524, 526, 527, 528, 529, 530, 533, 535], "summary": {"covered_lines": 39, "num_statements": 39, "percent_covered": 100.0, "percent_covered_display": "100", "missing_lines": 0, "excluded_lines": 0, "percent_statements_covered": 100.0, "percent_statements_covered_display": "100"}, "missing_lines": [], "excluded_lines": [], "start_line": 1}}}, "app/utils/__init__.py": {"executed_lines": [], "summary": {"covered_lines": 0, "num_statements": 0, "percent_covered": 100.0, "percent_covered_display": "100", "missing_lines": 0, "excluded_lines": 0, "percent_statements_covered": 100.0, "percent_statements_covered_display": "100"}, "missing_lines": [], "excluded_lines": [], "functions": {"": {"executed_lines": [], "summary": {"covered_lines": 0, "num_statements": 0, "percent_covered": 100.0, "percent_covered_display": "100", "missing_lines": 0, "excluded_lines": 0, "percent_statements_covered": 100.0, "percent_statements_covered_display": "100"}, "missing_lines": [], "excluded_lines": [], "start_line": 1}}, "classes": {"": {"executed_lines": [], "summary": {"covered_lines": 0, "num_statements": 0, "percent_covered": 100.0, "percent_covered_display": "100", "missing_lines": 0, "excluded_lines": 0, "percent_statements_covered": 100.0, "percent_statements_covered_display": "100"}, "missing_lines": [], "excluded_lines": [], "start_line": 1}}}, "app/utils/ip.py": {"executed_lines": [21, 24, 61, 62, 65, 66, 67, 71, 72, 74, 75, 77, 78, 79, 80, 83, 84, 85, 86, 87, 88, 90, 93, 94, 95, 98, 99, 100, 101, 102, 103, 105, 106, 107, 108, 109, 112, 113, 114, 115, 116, 118, 119, 120, 122], "summary": {"covered_lines": 45, "num_statements": 46, "percent_covered": 97.82608695652173, "percent_covered_display": "98", "missing_lines": 1, "excluded_lines": 0, "percent_statements_covered": 97.82608695652173, "percent_statements_covered_display": "98"}, "missing_lines": [104], "excluded_lines": [], "functions": {"truncate_ip": {"executed_lines": [61, 62, 65, 66, 67, 71, 72, 74, 75, 77, 78, 79, 80, 83, 84, 85, 86, 87, 88, 90, 93, 94, 95, 98, 99, 100, 101, 102, 103, 105, 106, 107, 108, 109, 112, 113, 114, 115, 116, 118, 119, 120, 122], "summary": {"covered_lines": 43, "num_statements": 44, "percent_covered": 97.72727272727273, "percent_covered_display": "98", "missing_lines": 1, "excluded_lines": 0, "percent_statements_covered": 97.72727272727273, "percent_statements_covered_display": "98"}, "missing_lines": [104], "excluded_lines": [], "start_line": 24}, "": {"executed_lines": [21, 24], "summary": {"covered_lines": 2, "num_statements": 2, "percent_covered": 100.0, "percent_covered_display": "100", "missing_lines": 0, "excluded_lines": 0, "percent_statements_covered": 100.0, "percent_statements_covered_display": "100"}, "missing_lines": [], "excluded_lines": [], "start_line": 1}}, "classes": {"": {"executed_lines": [21, 24, 61, 62, 65, 66, 67, 71, 72, 74, 75, 77, 78, 79, 80, 83, 84, 85, 86, 87, 88, 90, 93, 94, 95, 98, 99, 100, 101, 102, 103, 105, 106, 107, 108, 109, 112, 113, 114, 115, 116, 118, 119, 120, 122], "summary": {"covered_lines": 45, "num_statements": 46, "percent_covered": 97.82608695652173, "percent_covered_display": "98", "missing_lines": 1, "excluded_lines": 0, "percent_statements_covered": 97.82608695652173, "percent_statements_covered_display": "98"}, "missing_lines": [104], "excluded_lines": [], "start_line": 1}}}, "app/utils/output_safety.py": {"executed_lines": [13, 15, 17, 20, 59, 60, 63, 64, 65, 66, 67, 70, 71, 72, 73, 74, 75, 76, 77, 80, 81, 82, 83, 84, 85, 86, 87, 90, 93, 99, 100, 103], "summary": {"covered_lines": 32, "num_statements": 32, "percent_covered": 100.0, "percent_covered_display": "100", "missing_lines": 0, "excluded_lines": 0, "percent_statements_covered": 100.0, "percent_statements_covered_display": "100"}, "missing_lines": [], "excluded_lines": [], "functions": {"scrub_response": {"executed_lines": [59, 60, 63, 64, 65, 66, 67, 70, 71, 72, 73, 74, 75, 76, 77, 80, 81, 82, 83, 84, 85, 86, 87, 90], "summary": {"covered_lines": 24, "num_statements": 24, "percent_covered": 100.0, "percent_covered_display": "100", "missing_lines": 0, "excluded_lines": 0, "percent_statements_covered": 100.0, "percent_statements_covered_display": "100"}, "missing_lines": [], "excluded_lines": [], "start_line": 20}, "scrub_response_safe": {"executed_lines": [99, 100], "summary": {"covered_lines": 2, "num_statements": 2, "percent_covered": 100.0, "percent_covered_display": "100", "missing_lines": 0, "excluded_lines": 0, "percent_statements_covered": 100.0, "percent_statements_covered_display": "100"}, "missing_lines": [], "excluded_lines": [], "start_line": 93}, "": {"executed_lines": [13, 15, 17, 20, 93, 103], "summary": {"covered_lines": 6, "num_statements": 6, "percent_covered": 100.0, "percent_covered_display": "100", "missing_lines": 0, "excluded_lines": 0, "percent_statements_covered": 100.0, "percent_statements_covered_display": "100"}, "missing_lines": [], "excluded_lines": [], "start_line": 1}}, "classes": {"": {"executed_lines": [13, 15, 17, 20, 59, 60, 63, 64, 65, 66, 67, 70, 71, 72, 73, 74, 75, 76, 77, 80, 81, 82, 83, 84, 85, 86, 87, 90, 93, 99, 100, 103], "summary": {"covered_lines": 32, "num_statements": 32, "percent_covered": 100.0, "percent_covered_display": "100", "missing_lines": 0, "excluded_lines": 0, "percent_statements_covered": 100.0, "percent_statements_covered_display": "100"}, "missing_lines": [], "excluded_lines": [], "start_line": 1}}}, "app/utils/pii_sanitizer.py": {"executed_lines": [24, 26, 27, 30, 32, 34, 36, 38, 41, 46, 48, 51, 53, 56, 59, 60, 61, 62, 63, 65, 68, 70, 73, 75, 78, 80, 83, 92, 93, 94, 95, 96, 97, 98, 99, 102, 112, 113, 114, 115, 116, 117, 118, 119, 120, 121, 130, 131], "summary": {"covered_lines": 48, "num_statements": 49, "percent_covered": 97.95918367346938, "percent_covered_display": "98", "missing_lines": 1, "excluded_lines": 0, "percent_statements_covered": 97.95918367346938, "percent_statements_covered_display": "98"}, "missing_lines": [47], "excluded_lines": [], "functions": {"_mask_keep_last": {"executed_lines": [46, 48], "summary": {"covered_lines": 2, "num_statements": 3, "percent_covered": 66.66666666666667, "percent_covered_display": "67", "missing_lines": 1, "excluded_lines": 0, "percent_statements_covered": 66.66666666666667, "percent_statements_covered_display": "67"}, "missing_lines": [47], "excluded_lines": [], "start_line": 41}, "sanitize_cpf": {"executed_lines": [53], "summary": {"covered_lines": 1, "num_statements": 1, "percent_covered": 100.0, "percent_covered_display": "100", "missing_lines": 0, "excluded_lines": 0, "percent_statements_covered": 100.0, "percent_statements_covered_display": "100"}, "missing_lines": [], "excluded_lines": [], "start_line": 51}, "sanitize_rg": {"executed_lines": [59, 65], "summary": {"covered_lines": 2, "num_statements": 2, "percent_covered": 100.0, "percent_covered_display": "100", "missing_lines": 0, "excluded_lines": 0, "percent_statements_covered": 100.0, "percent_statements_covered_display": "100"}, "missing_lines": [], "excluded_lines": [], "start_line": 56}, "sanitize_rg._repl": {"executed_lines": [60, 61, 62, 63], "summary": {"covered_lines": 4, "num_statements": 4, "percent_covered": 100.0, "percent_covered_display": "100", "missing_lines": 0, "excluded_lines": 0, "percent_statements_covered": 100.0, "percent_statements_covered_display": "100"}, "missing_lines": [], "excluded_lines": [], "start_line": 59}, "sanitize_email": {"executed_lines": [70], "summary": {"covered_lines": 1, "num_statements": 1, "percent_covered": 100.0, "percent_covered_display": "100", "missing_lines": 0, "excluded_lines": 0, "percent_statements_covered": 100.0, "percent_statements_covered_display": "100"}, "missing_lines": [], "excluded_lines": [], "start_line": 68}, "sanitize_phone": {"executed_lines": [75], "summary": {"covered_lines": 1, "num_statements": 1, "percent_covered": 100.0, "percent_covered_display": "100", "missing_lines": 0, "excluded_lines": 0, "percent_statements_covered": 100.0, "percent_statements_covered_display": "100"}, "missing_lines": [], "excluded_lines": [], "start_line": 73}, "sanitize_cnpj": {"executed_lines": [80], "summary": {"covered_lines": 1, "num_statements": 1, "percent_covered": 100.0, "percent_covered_display": "100", "missing_lines": 0, "excluded_lines": 0, "percent_statements_covered": 100.0, "percent_statements_covered_display": "100"}, "missing_lines": [], "excluded_lines": [], "start_line": 78}, "sanitize_pii": {"executed_lines": [92, 93, 94, 95, 96, 97, 98, 99], "summary": {"covered_lines": 8, "num_statements": 8, "percent_covered": 100.0, "percent_covered_display": "100", "missing_lines": 0, "excluded_lines": 0, "percent_statements_covered": 100.0, "percent_statements_covered_display": "100"}, "missing_lines": [], "excluded_lines": [], "start_line": 83}, "sanitize_dict": {"executed_lines": [112, 113, 114, 115, 116, 117, 118, 119, 120, 121, 130, 131], "summary": {"covered_lines": 12, "num_statements": 12, "percent_covered": 100.0, "percent_covered_display": "100", "missing_lines": 0, "excluded_lines": 0, "percent_statements_covered": 100.0, "percent_statements_covered_display": "100"}, "missing_lines": [], "excluded_lines": [], "start_line": 102}, "": {"executed_lines": [24, 26, 27, 30, 32, 34, 36, 38, 41, 51, 56, 68, 73, 78, 83, 102], "summary": {"covered_lines": 16, "num_statements": 16, "percent_covered": 100.0, "percent_covered_display": "100", "missing_lines": 0, "excluded_lines": 0, "percent_statements_covered": 100.0, "percent_statements_covered_display": "100"}, "missing_lines": [], "excluded_lines": [], "start_line": 1}}, "classes": {"": {"executed_lines": [24, 26, 27, 30, 32, 34, 36, 38, 41, 46, 48, 51, 53, 56, 59, 60, 61, 62, 63, 65, 68, 70, 73, 75, 78, 80, 83, 92, 93, 94, 95, 96, 97, 98, 99, 102, 112, 113, 114, 115, 116, 117, 118, 119, 120, 121, 130, 131], "summary": {"covered_lines": 48, "num_statements": 49, "percent_covered": 97.95918367346938, "percent_covered_display": "98", "missing_lines": 1, "excluded_lines": 0, "percent_statements_covered": 97.95918367346938, "percent_statements_covered_display": "98"}, "missing_lines": [47], "excluded_lines": [], "start_line": 1}}}}, "totals": {"covered_lines": 6523, "num_statements": 7116, "percent_covered": 91.66666666666667, "percent_covered_display": "92", "missing_lines": 593, "excluded_lines": 28, "percent_statements_covered": 91.66666666666667, "percent_statements_covered_display": "92"}}