{"meta": {"format": 3, "version": "7.14.2", "timestamp": "2026-07-19T16:46:59.383523", "branch_coverage": false, "show_contexts": false}, "files": {"app/__init__.py": {"executed_lines": [6, 8], "summary": {"covered_lines": 2, "num_statements": 2, "percent_covered": 100.0, "percent_covered_display": "100", "missing_lines": 0, "excluded_lines": 0, "percent_statements_covered": 100.0, "percent_statements_covered_display": "100"}, "missing_lines": [], "excluded_lines": [], "functions": {"": {"executed_lines": [6, 8], "summary": {"covered_lines": 2, "num_statements": 2, "percent_covered": 100.0, "percent_covered_display": "100", "missing_lines": 0, "excluded_lines": 0, "percent_statements_covered": 100.0, "percent_statements_covered_display": "100"}, "missing_lines": [], "excluded_lines": [], "start_line": 1}}, "classes": {"": {"executed_lines": [6, 8], "summary": {"covered_lines": 2, "num_statements": 2, "percent_covered": 100.0, "percent_covered_display": "100", "missing_lines": 0, "excluded_lines": 0, "percent_statements_covered": 100.0, "percent_statements_covered_display": "100"}, "missing_lines": [], "excluded_lines": [], "start_line": 1}}}, "app/api/__init__.py": {"executed_lines": [], "summary": {"covered_lines": 0, "num_statements": 0, "percent_covered": 100.0, "percent_covered_display": "100", "missing_lines": 0, "excluded_lines": 0, "percent_statements_covered": 100.0, "percent_statements_covered_display": "100"}, "missing_lines": [], "excluded_lines": [], "functions": {"": {"executed_lines": [], "summary": {"covered_lines": 0, "num_statements": 0, "percent_covered": 100.0, "percent_covered_display": "100", "missing_lines": 0, "excluded_lines": 0, "percent_statements_covered": 100.0, "percent_statements_covered_display": "100"}, "missing_lines": [], "excluded_lines": [], "start_line": 1}}, "classes": {"": {"executed_lines": [], "summary": {"covered_lines": 0, "num_statements": 0, "percent_covered": 100.0, "percent_covered_display": "100", "missing_lines": 0, "excluded_lines": 0, "percent_statements_covered": 100.0, "percent_statements_covered_display": "100"}, "missing_lines": [], "excluded_lines": [], "start_line": 1}}}, "app/api/deps.py": {"executed_lines": [14, 16, 17, 18, 19, 21, 23, 24, 25, 27, 30, 36, 37, 41, 52, 53, 56, 57, 58, 61, 62, 84, 106, 108, 109, 125, 126, 127, 136, 147, 155, 171, 183, 206, 215, 259, 290, 291], "summary": {"covered_lines": 38, "num_statements": 80, "percent_covered": 47.5, "percent_covered_display": "48", "missing_lines": 42, "excluded_lines": 1, "percent_statements_covered": 47.5, "percent_statements_covered_display": "48"}, "missing_lines": [38, 59, 80, 81, 112, 113, 137, 138, 161, 162, 163, 168, 173, 174, 175, 176, 191, 192, 193, 194, 199, 203, 211, 212, 232, 233, 236, 237, 238, 244, 251, 294, 295, 296, 308, 309, 310, 311, 312, 318, 319, 323], "excluded_lines": [260], "functions": {"_key_fingerprint": {"executed_lines": [36, 37], "summary": {"covered_lines": 2, "num_statements": 3, "percent_covered": 66.66666666666667, "percent_covered_display": "67", "missing_lines": 1, "excluded_lines": 0, "percent_statements_covered": 66.66666666666667, "percent_statements_covered_display": "67"}, "missing_lines": [38], "excluded_lines": [], "start_line": 30}, "_audit_auth_failure": {"executed_lines": [52, 53, 56, 57, 58, 61, 62], "summary": {"covered_lines": 7, "num_statements": 10, "percent_covered": 70.0, "percent_covered_display": "70", "missing_lines": 3, "excluded_lines": 0, "percent_statements_covered": 70.0, "percent_statements_covered_display": "70"}, "missing_lines": [59, 80, 81], "excluded_lines": [], "start_line": 41}, "require_cartorio_api_key": {"executed_lines": [106, 108, 109, 125, 126, 127, 136, 147], "summary": {"covered_lines": 8, "num_statements": 12, "percent_covered": 66.66666666666667, "percent_covered_display": "67", "missing_lines": 4, "excluded_lines": 0, "percent_statements_covered": 66.66666666666667, "percent_statements_covered_display": "67"}, "missing_lines": [112, 113, 137, 138], "excluded_lines": [], "start_line": 84}, "_extract_bearer_token": {"executed_lines": [], "summary": {"covered_lines": 0, "num_statements": 4, "percent_covered": 0.0, "percent_covered_display": "0", "missing_lines": 4, "excluded_lines": 0, "percent_statements_covered": 0.0, "percent_statements_covered_display": "0"}, "missing_lines": [161, 162, 163, 168], "excluded_lines": [], "start_line": 155}, "_verify_jwt_payload": {"executed_lines": [], "summary": {"covered_lines": 0, "num_statements": 4, "percent_covered": 0.0, "percent_covered_display": "0", "missing_lines": 4, "excluded_lines": 0, "percent_statements_covered": 0.0, "percent_statements_covered_display": "0"}, "missing_lines": [173, 174, 175, 176], "excluded_lines": [], "start_line": 171}, "require_dpo_role": {"executed_lines": [], "summary": {"covered_lines": 0, "num_statements": 6, "percent_covered": 0.0, "percent_covered_display": "0", "missing_lines": 6, "excluded_lines": 0, "percent_statements_covered": 0.0, "percent_statements_covered_display": "0"}, "missing_lines": [191, 192, 193, 194, 199, 203], "excluded_lines": [], "start_line": 183}, "_require_jwt_payload": {"executed_lines": [], "summary": {"covered_lines": 0, "num_statements": 2, "percent_covered": 0.0, "percent_covered_display": "0", "missing_lines": 2, "excluded_lines": 0, "percent_statements_covered": 0.0, "percent_statements_covered_display": "0"}, "missing_lines": [211, 212], "excluded_lines": [], "start_line": 206}, "require_cliente_or_dpo": {"executed_lines": [], "summary": {"covered_lines": 0, "num_statements": 7, "percent_covered": 0.0, "percent_covered_display": "0", "missing_lines": 7, "excluded_lines": 0, "percent_statements_covered": 0.0, "percent_statements_covered_display": "0"}, "missing_lines": [232, 233, 236, 237, 238, 244, 251], "excluded_lines": [], "start_line": 215}, "assert_dpo_for_include_deleted": {"executed_lines": [290, 291], "summary": {"covered_lines": 2, "num_statements": 13, "percent_covered": 15.384615384615385, "percent_covered_display": "15", "missing_lines": 11, "excluded_lines": 1, "percent_statements_covered": 15.384615384615385, "percent_statements_covered_display": "15"}, "missing_lines": [294, 295, 296, 308, 309, 310, 311, 312, 318, 319, 323], "excluded_lines": [260], "start_line": 259}, "": {"executed_lines": [14, 16, 17, 18, 19, 21, 23, 24, 25, 27, 30, 41, 84, 155, 171, 183, 206, 215, 259], "summary": {"covered_lines": 19, "num_statements": 19, "percent_covered": 100.0, "percent_covered_display": "100", "missing_lines": 0, "excluded_lines": 0, "percent_statements_covered": 100.0, "percent_statements_covered_display": "100"}, "missing_lines": [], "excluded_lines": [], "start_line": 1}}, "classes": {"": {"executed_lines": [14, 16, 17, 18, 19, 21, 23, 24, 25, 27, 30, 36, 37, 41, 52, 53, 56, 57, 58, 61, 62, 84, 106, 108, 109, 125, 126, 127, 136, 147, 155, 171, 183, 206, 215, 259, 290, 291], "summary": {"covered_lines": 38, "num_statements": 80, "percent_covered": 47.5, "percent_covered_display": "48", "missing_lines": 42, "excluded_lines": 1, "percent_statements_covered": 47.5, "percent_statements_covered_display": "48"}, "missing_lines": [38, 59, 80, 81, 112, 113, 137, 138, 161, 162, 163, 168, 173, 174, 175, 176, 191, 192, 193, 194, 199, 203, 211, 212, 232, 233, 236, 237, 238, 244, 251, 294, 295, 296, 308, 309, 310, 311, 312, 318, 319, 323], "excluded_lines": [260], "start_line": 1}}}, "app/api/v1/__init__.py": {"executed_lines": [], "summary": {"covered_lines": 0, "num_statements": 0, "percent_covered": 100.0, "percent_covered_display": "100", "missing_lines": 0, "excluded_lines": 0, "percent_statements_covered": 100.0, "percent_statements_covered_display": "100"}, "missing_lines": [], "excluded_lines": [], "functions": {"": {"executed_lines": [], "summary": {"covered_lines": 0, "num_statements": 0, "percent_covered": 100.0, "percent_covered_display": "100", "missing_lines": 0, "excluded_lines": 0, "percent_statements_covered": 100.0, "percent_statements_covered_display": "100"}, "missing_lines": [], "excluded_lines": [], "start_line": 1}}, "classes": {"": {"executed_lines": [], "summary": {"covered_lines": 0, "num_statements": 0, "percent_covered": 100.0, "percent_covered_display": "100", "missing_lines": 0, "excluded_lines": 0, "percent_statements_covered": 100.0, "percent_statements_covered_display": "100"}, "missing_lines": [], "excluded_lines": [], "start_line": 1}}}, "app/api/v1/_helpers.py": {"executed_lines": [32, 34, 36, 37, 40, 67, 73, 106, 162], "summary": {"covered_lines": 9, "num_statements": 36, "percent_covered": 25.0, "percent_covered_display": "25", "missing_lines": 27, "excluded_lines": 0, "percent_statements_covered": 25.0, "percent_statements_covered_display": "25"}, "missing_lines": [93, 94, 95, 96, 97, 98, 103, 133, 134, 135, 136, 138, 139, 140, 141, 142, 144, 146, 147, 148, 149, 151, 152, 153, 154, 158, 159], "excluded_lines": [], "functions": {"build_pagination_params": {"executed_lines": [67], "summary": {"covered_lines": 1, "num_statements": 1, "percent_covered": 100.0, "percent_covered_display": "100", "missing_lines": 0, "excluded_lines": 0, "percent_statements_covered": 100.0, "percent_statements_covered_display": "100"}, "missing_lines": [], "excluded_lines": [], "start_line": 40}, "serialize_orm_with_pii_mask": {"executed_lines": [], "summary": {"covered_lines": 0, "num_statements": 7, "percent_covered": 0.0, "percent_covered_display": "0", "missing_lines": 7, "excluded_lines": 0, "percent_statements_covered": 0.0, "percent_statements_covered_display": "0"}, "missing_lines": [93, 94, 95, 96, 97, 98, 103], "excluded_lines": [], "start_line": 73}, "list_with_pagination": {"executed_lines": [], "summary": {"covered_lines": 0, "num_statements": 20, "percent_covered": 0.0, "percent_covered_display": "0", "missing_lines": 20, "excluded_lines": 0, "percent_statements_covered": 0.0, "percent_statements_covered_display": "0"}, "missing_lines": [133, 134, 135, 136, 138, 139, 140, 141, 142, 144, 146, 147, 148, 149, 151, 152, 153, 154, 158, 159], "excluded_lines": [], "start_line": 106}, "": {"executed_lines": [32, 34, 36, 37, 40, 73, 106, 162], "summary": {"covered_lines": 8, "num_statements": 8, "percent_covered": 100.0, "percent_covered_display": "100", "missing_lines": 0, "excluded_lines": 0, "percent_statements_covered": 100.0, "percent_statements_covered_display": "100"}, "missing_lines": [], "excluded_lines": [], "start_line": 1}}, "classes": {"": {"executed_lines": [32, 34, 36, 37, 40, 67, 73, 106, 162], "summary": {"covered_lines": 9, "num_statements": 36, "percent_covered": 25.0, "percent_covered_display": "25", "missing_lines": 27, "excluded_lines": 0, "percent_statements_covered": 25.0, "percent_statements_covered_display": "25"}, "missing_lines": [93, 94, 95, 96, 97, 98, 103, 133, 134, 135, 136, 138, 139, 140, 141, 142, 144, 146, 147, 148, 149, 151, 152, 153, 154, 158, 159], "excluded_lines": [], "start_line": 1}}}, "app/api/v1/alertmanager.py": {"executed_lines": [29, 31, 32, 33, 34, 36, 37, 39, 41, 43, 47, 48, 53, 58, 68, 70, 79, 86, 100, 107, 115, 151, 176, 180, 196, 206, 215, 245, 271, 308, 359, 360, 361, 372, 373, 383, 384, 394, 395, 403, 404], "summary": {"covered_lines": 41, "num_statements": 159, "percent_covered": 25.78616352201258, "percent_covered_display": "26", "missing_lines": 118, "excluded_lines": 0, "percent_statements_covered": 25.78616352201258, "percent_statements_covered_display": "26"}, "missing_lines": [88, 89, 90, 91, 92, 93, 94, 95, 96, 97, 101, 102, 103, 104, 109, 111, 112, 120, 121, 122, 123, 125, 126, 128, 134, 135, 136, 137, 138, 139, 140, 141, 142, 143, 144, 145, 159, 160, 166, 167, 168, 169, 170, 171, 172, 173, 177, 182, 183, 185, 186, 188, 189, 190, 192, 193, 198, 199, 208, 220, 221, 222, 223, 227, 228, 230, 235, 236, 252, 253, 254, 255, 256, 257, 258, 259, 260, 261, 262, 263, 264, 266, 267, 268, 277, 278, 279, 280, 286, 288, 289, 290, 291, 292, 293, 294, 295, 296, 297, 298, 299, 301, 302, 321, 322, 328, 329, 330, 337, 338, 340, 342, 350, 369, 378, 389, 400, 409], "excluded_lines": [], "functions": {"_scrub_pii": {"executed_lines": [], "summary": {"covered_lines": 0, "num_statements": 10, "percent_covered": 0.0, "percent_covered_display": "0", "missing_lines": 10, "excluded_lines": 0, "percent_statements_covered": 0.0, "percent_statements_covered_display": "0"}, "missing_lines": [88, 89, 90, 91, 92, 93, 94, 95, 96, 97], "excluded_lines": [], "start_line": 86}, "_safe_str": {"executed_lines": [], "summary": {"covered_lines": 0, "num_statements": 4, "percent_covered": 0.0, "percent_covered_display": "0", "missing_lines": 4, "excluded_lines": 0, "percent_statements_covered": 0.0, "percent_statements_covered_display": "0"}, "missing_lines": [101, 102, 103, 104], "excluded_lines": [], "start_line": 100}, "_alert_fingerprint": {"executed_lines": [], "summary": {"covered_lines": 0, "num_statements": 3, "percent_covered": 0.0, "percent_covered_display": "0", "missing_lines": 3, "excluded_lines": 0, "percent_statements_covered": 0.0, "percent_statements_covered_display": "0"}, "missing_lines": [109, 111, 112], "excluded_lines": [], "start_line": 107}, "format_alert_message": {"executed_lines": [], "summary": {"covered_lines": 0, "num_statements": 19, "percent_covered": 0.0, "percent_covered_display": "0", "missing_lines": 19, "excluded_lines": 0, "percent_statements_covered": 0.0, "percent_statements_covered_display": "0"}, "missing_lines": [120, 121, 122, 123, 125, 126, 128, 134, 135, 136, 137, 138, 139, 140, 141, 142, 143, 144, 145], "excluded_lines": [], "start_line": 115}, "_send_telegram_message": {"executed_lines": [], "summary": {"covered_lines": 0, "num_statements": 10, "percent_covered": 0.0, "percent_covered_display": "0", "missing_lines": 10, "excluded_lines": 0, "percent_statements_covered": 0.0, "percent_statements_covered_display": "0"}, "missing_lines": [159, 160, 166, 167, 168, 169, 170, 171, 172, 173], "excluded_lines": [], "start_line": 151}, "_dedup_key": {"executed_lines": [], "summary": {"covered_lines": 0, "num_statements": 1, "percent_covered": 0.0, "percent_covered_display": "0", "missing_lines": 1, "excluded_lines": 0, "percent_statements_covered": 0.0, "percent_statements_covered_display": "0"}, "missing_lines": [177], "excluded_lines": [], "start_line": 176}, "_is_duplicate": {"executed_lines": [], "summary": {"covered_lines": 0, "num_statements": 9, "percent_covered": 0.0, "percent_covered_display": "0", "missing_lines": 9, "excluded_lines": 0, "percent_statements_covered": 0.0, "percent_statements_covered_display": "0"}, "missing_lines": [182, 183, 185, 186, 188, 189, 190, 192, 193], "excluded_lines": [], "start_line": 180}, "_resolve_chat_id": {"executed_lines": [], "summary": {"covered_lines": 0, "num_statements": 2, "percent_covered": 0.0, "percent_covered_display": "0", "missing_lines": 2, "excluded_lines": 0, "percent_statements_covered": 0.0, "percent_statements_covered_display": "0"}, "missing_lines": [198, 199], "excluded_lines": [], "start_line": 196}, "_resolve_token": {"executed_lines": [], "summary": {"covered_lines": 0, "num_statements": 1, "percent_covered": 0.0, "percent_covered_display": "0", "missing_lines": 1, "excluded_lines": 0, "percent_statements_covered": 0.0, "percent_statements_covered_display": "0"}, "missing_lines": [208], "excluded_lines": [], "start_line": 206}, "_check_signature": {"executed_lines": [], "summary": {"covered_lines": 0, "num_statements": 9, "percent_covered": 0.0, "percent_covered_display": "0", "missing_lines": 9, "excluded_lines": 0, "percent_statements_covered": 0.0, "percent_statements_covered_display": "0"}, "missing_lines": [220, 221, 222, 223, 227, 228, 230, 235, 236], "excluded_lines": [], "start_line": 215}, "_dispatch_or_send_all": {"executed_lines": [], "summary": {"covered_lines": 0, "num_statements": 16, "percent_covered": 0.0, "percent_covered_display": "0", "missing_lines": 16, "excluded_lines": 0, "percent_statements_covered": 0.0, "percent_statements_covered_display": "0"}, "missing_lines": [252, 253, 254, 255, 256, 257, 258, 259, 260, 261, 262, 263, 264, 266, 267, 268], "excluded_lines": [], "start_line": 245}, "_dispatch_to_telegram": {"executed_lines": [], "summary": {"covered_lines": 0, "num_statements": 19, "percent_covered": 0.0, "percent_covered_display": "0", "missing_lines": 19, "excluded_lines": 0, "percent_statements_covered": 0.0, "percent_statements_covered_display": "0"}, "missing_lines": [277, 278, 279, 280, 286, 288, 289, 290, 291, 292, 293, 294, 295, 296, 297, 298, 299, 301, 302], "excluded_lines": [], "start_line": 271}, "_alertmanager_request": {"executed_lines": [], "summary": {"covered_lines": 0, "num_statements": 6, "percent_covered": 0.0, "percent_covered_display": "0", "missing_lines": 6, "excluded_lines": 0, "percent_statements_covered": 0.0, "percent_statements_covered_display": "0"}, "missing_lines": [321, 322, 328, 340, 342, 350], "excluded_lines": [], "start_line": 308}, "_alertmanager_request._runner_sync": {"executed_lines": [], "summary": {"covered_lines": 0, "num_statements": 4, "percent_covered": 0.0, "percent_covered_display": "0", "missing_lines": 4, "excluded_lines": 0, "percent_statements_covered": 0.0, "percent_statements_covered_display": "0"}, "missing_lines": [329, 330, 337, 338], "excluded_lines": [], "start_line": 328}, "alertmanager_default": {"executed_lines": [], "summary": {"covered_lines": 0, "num_statements": 1, "percent_covered": 0.0, "percent_covered_display": "0", "missing_lines": 1, "excluded_lines": 0, "percent_statements_covered": 0.0, "percent_statements_covered_display": "0"}, "missing_lines": [369], "excluded_lines": [], "start_line": 361}, "alertmanager_critical": {"executed_lines": [], "summary": {"covered_lines": 0, "num_statements": 1, "percent_covered": 0.0, "percent_covered_display": "0", "missing_lines": 1, "excluded_lines": 0, "percent_statements_covered": 0.0, "percent_statements_covered_display": "0"}, "missing_lines": [378], "excluded_lines": [], "start_line": 373}, "alertmanager_dlq": {"executed_lines": [], "summary": {"covered_lines": 0, "num_statements": 1, "percent_covered": 0.0, "percent_covered_display": "0", "missing_lines": 1, "excluded_lines": 0, "percent_statements_covered": 0.0, "percent_statements_covered_display": "0"}, "missing_lines": [389], "excluded_lines": [], "start_line": 384}, "alertmanager_lgpd": {"executed_lines": [], "summary": {"covered_lines": 0, "num_statements": 1, "percent_covered": 0.0, "percent_covered_display": "0", "missing_lines": 1, "excluded_lines": 0, "percent_statements_covered": 0.0, "percent_statements_covered_display": "0"}, "missing_lines": [400], "excluded_lines": [], "start_line": 395}, "alertmanager_n8n": {"executed_lines": [], "summary": {"covered_lines": 0, "num_statements": 1, "percent_covered": 0.0, "percent_covered_display": "0", "missing_lines": 1, "excluded_lines": 0, "percent_statements_covered": 0.0, "percent_statements_covered_display": "0"}, "missing_lines": [409], "excluded_lines": [], "start_line": 404}, "": {"executed_lines": [29, 31, 32, 33, 34, 36, 37, 39, 41, 43, 47, 48, 53, 58, 68, 70, 79, 86, 100, 107, 115, 151, 176, 180, 196, 206, 215, 245, 271, 308, 359, 360, 361, 372, 373, 383, 384, 394, 395, 403, 404], "summary": {"covered_lines": 41, "num_statements": 41, "percent_covered": 100.0, "percent_covered_display": "100", "missing_lines": 0, "excluded_lines": 0, "percent_statements_covered": 100.0, "percent_statements_covered_display": "100"}, "missing_lines": [], "excluded_lines": [], "start_line": 1}}, "classes": {"": {"executed_lines": [29, 31, 32, 33, 34, 36, 37, 39, 41, 43, 47, 48, 53, 58, 68, 70, 79, 86, 100, 107, 115, 151, 176, 180, 196, 206, 215, 245, 271, 308, 359, 360, 361, 372, 373, 383, 384, 394, 395, 403, 404], "summary": {"covered_lines": 41, "num_statements": 159, "percent_covered": 25.78616352201258, "percent_covered_display": "26", "missing_lines": 118, "excluded_lines": 0, "percent_statements_covered": 25.78616352201258, "percent_statements_covered_display": "26"}, "missing_lines": [88, 89, 90, 91, 92, 93, 94, 95, 96, 97, 101, 102, 103, 104, 109, 111, 112, 120, 121, 122, 123, 125, 126, 128, 134, 135, 136, 137, 138, 139, 140, 141, 142, 143, 144, 145, 159, 160, 166, 167, 168, 169, 170, 171, 172, 173, 177, 182, 183, 185, 186, 188, 189, 190, 192, 193, 198, 199, 208, 220, 221, 222, 223, 227, 228, 230, 235, 236, 252, 253, 254, 255, 256, 257, 258, 259, 260, 261, 262, 263, 264, 266, 267, 268, 277, 278, 279, 280, 286, 288, 289, 290, 291, 292, 293, 294, 295, 296, 297, 298, 299, 301, 302, 321, 322, 328, 329, 330, 337, 338, 340, 342, 350, 369, 378, 389, 400, 409], "excluded_lines": [], "start_line": 1}}}, "app/api/v1/auth_login.py": {"executed_lines": [21, 23, 24, 26, 27, 29, 30, 31, 37, 39, 41, 44, 52, 59, 65, 69, 77, 81, 88, 95, 98, 99, 100, 101, 102, 103, 106, 109, 110, 111, 112, 115, 131, 187, 196, 230, 236], "summary": {"covered_lines": 37, "num_statements": 67, "percent_covered": 55.223880597014926, "percent_covered_display": "55", "missing_lines": 30, "excluded_lines": 0, "percent_statements_covered": 55.223880597014926, "percent_statements_covered_display": "55"}, "missing_lines": [139, 140, 142, 143, 144, 146, 151, 156, 157, 158, 170, 171, 172, 177, 202, 203, 208, 209, 210, 215, 217, 218, 220, 241, 243, 244, 245, 246, 247, 248], "excluded_lines": [], "functions": {"login": {"executed_lines": [], "summary": {"covered_lines": 0, "num_statements": 14, "percent_covered": 0.0, "percent_covered_display": "0", "missing_lines": 14, "excluded_lines": 0, "percent_statements_covered": 0.0, "percent_statements_covered_display": "0"}, "missing_lines": [139, 140, 142, 143, 144, 146, 151, 156, 157, 158, 170, 171, 172, 177], "excluded_lines": [], "start_line": 131}, "refresh": {"executed_lines": [], "summary": {"covered_lines": 0, "num_statements": 9, "percent_covered": 0.0, "percent_covered_display": "0", "missing_lines": 9, "excluded_lines": 0, "percent_statements_covered": 0.0, "percent_statements_covered_display": "0"}, "missing_lines": [202, 203, 208, 209, 210, 215, 217, 218, 220], "excluded_lines": [], "start_line": 196}, "me": {"executed_lines": [], "summary": {"covered_lines": 0, "num_statements": 7, "percent_covered": 0.0, "percent_covered_display": "0", "missing_lines": 7, "excluded_lines": 0, "percent_statements_covered": 0.0, "percent_statements_covered_display": "0"}, "missing_lines": [241, 243, 244, 245, 246, 247, 248], "excluded_lines": [], "start_line": 236}, "": {"executed_lines": [21, 23, 24, 26, 27, 29, 30, 31, 37, 39, 41, 44, 52, 59, 65, 69, 77, 81, 88, 95, 98, 99, 100, 101, 102, 103, 106, 109, 110, 111, 112, 115, 131, 187, 196, 230, 236], "summary": {"covered_lines": 37, "num_statements": 37, "percent_covered": 100.0, "percent_covered_display": "100", "missing_lines": 0, "excluded_lines": 0, "percent_statements_covered": 100.0, "percent_statements_covered_display": "100"}, "missing_lines": [], "excluded_lines": [], "start_line": 1}}, "classes": {"LoginRequest": {"executed_lines": [], "summary": {"covered_lines": 0, "num_statements": 0, "percent_covered": 100.0, "percent_covered_display": "100", "missing_lines": 0, "excluded_lines": 0, "percent_statements_covered": 100.0, "percent_statements_covered_display": "100"}, "missing_lines": [], "excluded_lines": [], "start_line": 44}, "RefreshRequest": {"executed_lines": [], "summary": {"covered_lines": 0, "num_statements": 0, "percent_covered": 100.0, "percent_covered_display": "100", "missing_lines": 0, "excluded_lines": 0, "percent_statements_covered": 100.0, "percent_statements_covered_display": "100"}, "missing_lines": [], "excluded_lines": [], "start_line": 77}, "TokenResponse": {"executed_lines": [], "summary": {"covered_lines": 0, "num_statements": 0, "percent_covered": 100.0, "percent_covered_display": "100", "missing_lines": 0, "excluded_lines": 0, "percent_statements_covered": 100.0, "percent_statements_covered_display": "100"}, "missing_lines": [], "excluded_lines": [], "start_line": 95}, "MeResponse": {"executed_lines": [], "summary": {"covered_lines": 0, "num_statements": 0, "percent_covered": 100.0, "percent_covered_display": "100", "missing_lines": 0, "excluded_lines": 0, "percent_statements_covered": 100.0, "percent_statements_covered_display": "100"}, "missing_lines": [], "excluded_lines": [], "start_line": 106}, "": {"executed_lines": [21, 23, 24, 26, 27, 29, 30, 31, 37, 39, 41, 44, 52, 59, 65, 69, 77, 81, 88, 95, 98, 99, 100, 101, 102, 103, 106, 109, 110, 111, 112, 115, 131, 187, 196, 230, 236], "summary": {"covered_lines": 37, "num_statements": 67, "percent_covered": 55.223880597014926, "percent_covered_display": "55", "missing_lines": 30, "excluded_lines": 0, "percent_statements_covered": 55.223880597014926, "percent_statements_covered_display": "55"}, "missing_lines": [139, 140, 142, 143, 144, 146, 151, 156, 157, 158, 170, 171, 172, 177, 202, 203, 208, 209, 210, 215, 217, 218, 220, 241, 243, 244, 245, 246, 247, 248], "excluded_lines": [], "start_line": 1}}}, "app/api/v1/bot_lgpd.py": {"executed_lines": [23, 25, 26, 28, 29, 30, 32, 33, 34, 35, 36, 37, 45, 47, 57, 65, 69, 71, 72, 73, 76, 79, 80, 81, 82, 83, 84, 87, 90, 92, 93, 94, 95, 98, 101, 102, 103, 104, 105, 106, 109, 112, 114, 115, 116, 117, 120, 123, 124, 125, 126, 127, 128, 129, 130, 133, 136, 138, 139, 142, 143, 144, 145, 148, 149, 150, 151, 159, 170, 192, 202, 260, 269, 328, 338, 375, 385, 396, 401, 414], "summary": {"covered_lines": 80, "num_statements": 126, "percent_covered": 63.492063492063494, "percent_covered_display": "63", "missing_lines": 46, "excluded_lines": 0, "percent_statements_covered": 63.492063492063494, "percent_statements_covered_display": "63"}, "missing_lines": [176, 183, 208, 209, 217, 218, 219, 220, 226, 227, 228, 229, 243, 244, 245, 246, 248, 275, 276, 289, 290, 291, 300, 301, 302, 303, 312, 313, 314, 315, 317, 344, 345, 346, 353, 354, 355, 364, 365, 366, 367, 369, 389, 390, 406, 407], "excluded_lines": [], "functions": {"post_cancelar": {"executed_lines": [], "summary": {"covered_lines": 0, "num_statements": 2, "percent_covered": 0.0, "percent_covered_display": "0", "missing_lines": 2, "excluded_lines": 0, "percent_statements_covered": 0.0, "percent_statements_covered_display": "0"}, "missing_lines": [176, 183], "excluded_lines": [], "start_line": 170}, "post_export": {"executed_lines": [], "summary": {"covered_lines": 0, "num_statements": 15, "percent_covered": 0.0, "percent_covered_display": "0", "missing_lines": 15, "excluded_lines": 0, "percent_statements_covered": 0.0, "percent_statements_covered_display": "0"}, "missing_lines": [208, 209, 217, 218, 219, 220, 226, 227, 228, 229, 243, 244, 245, 246, 248], "excluded_lines": [], "start_line": 202}, "post_access": {"executed_lines": [], "summary": {"covered_lines": 0, "num_statements": 14, "percent_covered": 0.0, "percent_covered_display": "0", "missing_lines": 14, "excluded_lines": 0, "percent_statements_covered": 0.0, "percent_statements_covered_display": "0"}, "missing_lines": [275, 276, 289, 290, 291, 300, 301, 302, 303, 312, 313, 314, 315, 317], "excluded_lines": [], "start_line": 269}, "post_restaurar": {"executed_lines": [], "summary": {"covered_lines": 0, "num_statements": 11, "percent_covered": 0.0, "percent_covered_display": "0", "missing_lines": 11, "excluded_lines": 0, "percent_statements_covered": 0.0, "percent_statements_covered_display": "0"}, "missing_lines": [344, 345, 346, 353, 354, 355, 364, 365, 366, 367, 369], "excluded_lines": [], "start_line": 338}, "get_revogacoes": {"executed_lines": [], "summary": {"covered_lines": 0, "num_statements": 2, "percent_covered": 0.0, "percent_covered_display": "0", "missing_lines": 2, "excluded_lines": 0, "percent_statements_covered": 0.0, "percent_statements_covered_display": "0"}, "missing_lines": [389, 390], "excluded_lines": [], "start_line": 385}, "post_marcar_deletado": {"executed_lines": [], "summary": {"covered_lines": 0, "num_statements": 2, "percent_covered": 0.0, "percent_covered_display": "0", "missing_lines": 2, "excluded_lines": 0, "percent_statements_covered": 0.0, "percent_statements_covered_display": "0"}, "missing_lines": [406, 407], "excluded_lines": [], "start_line": 401}, "": {"executed_lines": [23, 25, 26, 28, 29, 30, 32, 33, 34, 35, 36, 37, 45, 47, 57, 65, 69, 71, 72, 73, 76, 79, 80, 81, 82, 83, 84, 87, 90, 92, 93, 94, 95, 98, 101, 102, 103, 104, 105, 106, 109, 112, 114, 115, 116, 117, 120, 123, 124, 125, 126, 127, 128, 129, 130, 133, 136, 138, 139, 142, 143, 144, 145, 148, 149, 150, 151, 159, 170, 192, 202, 260, 269, 328, 338, 375, 385, 396, 401, 414], "summary": {"covered_lines": 80, "num_statements": 80, "percent_covered": 100.0, "percent_covered_display": "100", "missing_lines": 0, "excluded_lines": 0, "percent_statements_covered": 100.0, "percent_statements_covered_display": "100"}, "missing_lines": [], "excluded_lines": [], "start_line": 1}}, "classes": {"CancelarRequest": {"executed_lines": [], "summary": {"covered_lines": 0, "num_statements": 0, "percent_covered": 100.0, "percent_covered_display": "100", "missing_lines": 0, "excluded_lines": 0, "percent_statements_covered": 100.0, "percent_statements_covered_display": "100"}, "missing_lines": [], "excluded_lines": [], "start_line": 65}, "CancelarResponse": {"executed_lines": [], "summary": {"covered_lines": 0, "num_statements": 0, "percent_covered": 100.0, "percent_covered_display": "100", "missing_lines": 0, "excluded_lines": 0, "percent_statements_covered": 100.0, "percent_statements_covered_display": "100"}, "missing_lines": [], "excluded_lines": [], "start_line": 76}, "ExportRequest": {"executed_lines": [], "summary": {"covered_lines": 0, "num_statements": 0, "percent_covered": 100.0, "percent_covered_display": "100", "missing_lines": 0, "excluded_lines": 0, "percent_statements_covered": 100.0, "percent_statements_covered_display": "100"}, "missing_lines": [], "excluded_lines": [], "start_line": 87}, "ExportResponse": {"executed_lines": [], "summary": {"covered_lines": 0, "num_statements": 0, "percent_covered": 100.0, "percent_covered_display": "100", "missing_lines": 0, "excluded_lines": 0, "percent_statements_covered": 100.0, "percent_statements_covered_display": "100"}, "missing_lines": [], "excluded_lines": [], "start_line": 98}, "AccessRequest": {"executed_lines": [], "summary": {"covered_lines": 0, "num_statements": 0, "percent_covered": 100.0, "percent_covered_display": "100", "missing_lines": 0, "excluded_lines": 0, "percent_statements_covered": 100.0, "percent_statements_covered_display": "100"}, "missing_lines": [], "excluded_lines": [], "start_line": 109}, "AccessResponse": {"executed_lines": [], "summary": {"covered_lines": 0, "num_statements": 0, "percent_covered": 100.0, "percent_covered_display": "100", "missing_lines": 0, "excluded_lines": 0, "percent_statements_covered": 100.0, "percent_statements_covered_display": "100"}, "missing_lines": [], "excluded_lines": [], "start_line": 120}, "RestaurarRequest": {"executed_lines": [], "summary": {"covered_lines": 0, "num_statements": 0, "percent_covered": 100.0, "percent_covered_display": "100", "missing_lines": 0, "excluded_lines": 0, "percent_statements_covered": 100.0, "percent_statements_covered_display": "100"}, "missing_lines": [], "excluded_lines": [], "start_line": 133}, "RestaurarResponse": {"executed_lines": [], "summary": {"covered_lines": 0, "num_statements": 0, "percent_covered": 100.0, "percent_covered_display": "100", "missing_lines": 0, "excluded_lines": 0, "percent_statements_covered": 100.0, "percent_statements_covered_display": "100"}, "missing_lines": [], "excluded_lines": [], "start_line": 142}, "RevogacoesListResponse": {"executed_lines": [], "summary": {"covered_lines": 0, "num_statements": 0, "percent_covered": 100.0, "percent_covered_display": "100", "missing_lines": 0, "excluded_lines": 0, "percent_statements_covered": 100.0, "percent_statements_covered_display": "100"}, "missing_lines": [], "excluded_lines": [], "start_line": 148}, "": {"executed_lines": [23, 25, 26, 28, 29, 30, 32, 33, 34, 35, 36, 37, 45, 47, 57, 65, 69, 71, 72, 73, 76, 79, 80, 81, 82, 83, 84, 87, 90, 92, 93, 94, 95, 98, 101, 102, 103, 104, 105, 106, 109, 112, 114, 115, 116, 117, 120, 123, 124, 125, 126, 127, 128, 129, 130, 133, 136, 138, 139, 142, 143, 144, 145, 148, 149, 150, 151, 159, 170, 192, 202, 260, 269, 328, 338, 375, 385, 396, 401, 414], "summary": {"covered_lines": 80, "num_statements": 126, "percent_covered": 63.492063492063494, "percent_covered_display": "63", "missing_lines": 46, "excluded_lines": 0, "percent_statements_covered": 63.492063492063494, "percent_statements_covered_display": "63"}, "missing_lines": [176, 183, 208, 209, 217, 218, 219, 220, 226, 227, 228, 229, 243, 244, 245, 246, 248, 275, 276, 289, 290, 291, 300, 301, 302, 303, 312, 313, 314, 315, 317, 344, 345, 346, 353, 354, 355, 364, 365, 366, 367, 369, 389, 390, 406, 407], "excluded_lines": [], "start_line": 1}}}, "app/api/v1/brain.py": {"executed_lines": [17, 19, 20, 21, 23, 24, 26, 28, 30, 31, 32, 35, 39, 46, 47, 48, 49, 52, 53, 54, 55, 56, 57, 60, 61, 62, 63, 64, 67, 68, 69, 70, 71, 72, 73, 74, 75, 78, 79, 80, 82, 87, 88, 92, 93, 96, 97, 98, 99, 101, 103, 112, 115, 118, 122, 123, 126, 127, 129, 130, 131, 132, 133, 136, 144, 147, 148, 178, 179, 181, 183, 185, 198, 210, 222, 223, 225, 226, 229, 246, 249, 250, 251, 252, 253, 254, 257, 260, 261, 262, 263, 266, 269, 270, 271, 272, 273, 274, 275, 278, 281, 282, 283, 284, 285, 286, 287, 288, 291, 296, 328, 333, 349, 354, 416, 421, 481, 485], "summary": {"covered_lines": 118, "num_statements": 241, "percent_covered": 48.96265560165975, "percent_covered_display": "49", "missing_lines": 123, "excluded_lines": 0, "percent_statements_covered": 48.96265560165975, "percent_statements_covered_display": "49"}, "missing_lines": [81, 83, 84, 94, 100, 102, 124, 134, 135, 149, 150, 153, 154, 155, 156, 157, 158, 159, 160, 161, 162, 163, 165, 170, 171, 172, 174, 175, 216, 217, 218, 219, 227, 306, 307, 309, 310, 311, 312, 313, 314, 315, 325, 335, 336, 337, 338, 339, 340, 341, 364, 365, 367, 368, 369, 370, 371, 372, 373, 374, 375, 377, 378, 379, 380, 382, 384, 386, 387, 388, 389, 392, 393, 394, 395, 397, 398, 400, 411, 412, 413, 431, 432, 433, 434, 435, 436, 438, 441, 442, 443, 444, 445, 446, 447, 450, 451, 452, 453, 456, 457, 460, 463, 464, 465, 466, 467, 469, 491, 492, 493, 494, 495, 496, 497, 498, 500, 501, 502, 504, 505, 506, 508], "excluded_lines": [], "functions": {"_read_json_safe": {"executed_lines": [79, 80, 82], "summary": {"covered_lines": 3, "num_statements": 6, "percent_covered": 50.0, "percent_covered_display": "50", "missing_lines": 3, "excluded_lines": 0, "percent_statements_covered": 50.0, "percent_statements_covered_display": "50"}, "missing_lines": [81, 83, 84], "excluded_lines": [], "start_line": 78}, "list_tasks": {"executed_lines": [92, 93, 96, 97, 98, 99, 101, 103, 112], "summary": {"covered_lines": 9, "num_statements": 12, "percent_covered": 75.0, "percent_covered_display": "75", "missing_lines": 3, "excluded_lines": 0, "percent_statements_covered": 75.0, "percent_statements_covered_display": "75"}, "missing_lines": [94, 100, 102], "excluded_lines": [], "start_line": 88}, "list_lessons": {"executed_lines": [122, 123, 126, 127, 129, 130, 131, 132, 133, 136, 144], "summary": {"covered_lines": 11, "num_statements": 14, "percent_covered": 78.57142857142857, "percent_covered_display": "79", "missing_lines": 3, "excluded_lines": 0, "percent_statements_covered": 78.57142857142857, "percent_statements_covered_display": "79"}, "missing_lines": [124, 134, 135], "excluded_lines": [], "start_line": 118}, "create_lesson": {"executed_lines": [], "summary": {"covered_lines": 0, "num_statements": 19, "percent_covered": 0.0, "percent_covered_display": "0", "missing_lines": 19, "excluded_lines": 0, "percent_statements_covered": 0.0, "percent_statements_covered_display": "0"}, "missing_lines": [149, 150, 153, 154, 155, 156, 157, 158, 159, 160, 161, 162, 163, 165, 170, 171, 172, 174, 175], "excluded_lines": [], "start_line": 148}, "trigger_sync": {"executed_lines": [181, 183, 185, 198, 210], "summary": {"covered_lines": 5, "num_statements": 9, "percent_covered": 55.55555555555556, "percent_covered_display": "56", "missing_lines": 4, "excluded_lines": 0, "percent_statements_covered": 55.55555555555556, "percent_statements_covered_display": "56"}, "missing_lines": [216, 217, 218, 219], "excluded_lines": [], "start_line": 179}, "get_loop_state": {"executed_lines": [225, 226, 229], "summary": {"covered_lines": 3, "num_statements": 4, "percent_covered": 75.0, "percent_covered_display": "75", "missing_lines": 1, "excluded_lines": 0, "percent_statements_covered": 75.0, "percent_statements_covered_display": "75"}, "missing_lines": [227], "excluded_lines": [], "start_line": 223}, "list_snapshots": {"executed_lines": [], "summary": {"covered_lines": 0, "num_statements": 10, "percent_covered": 0.0, "percent_covered_display": "0", "missing_lines": 10, "excluded_lines": 0, "percent_statements_covered": 0.0, "percent_statements_covered_display": "0"}, "missing_lines": [306, 307, 309, 310, 311, 312, 313, 314, 315, 325], "excluded_lines": [], "start_line": 296}, "get_snapshot_detail": {"executed_lines": [], "summary": {"covered_lines": 0, "num_statements": 7, "percent_covered": 0.0, "percent_covered_display": "0", "missing_lines": 7, "excluded_lines": 0, "percent_statements_covered": 0.0, "percent_statements_covered_display": "0"}, "missing_lines": [335, 336, 337, 338, 339, 340, 341], "excluded_lines": [], "start_line": 333}, "list_sessions": {"executed_lines": [], "summary": {"covered_lines": 0, "num_statements": 31, "percent_covered": 0.0, "percent_covered_display": "0", "missing_lines": 31, "excluded_lines": 0, "percent_statements_covered": 0.0, "percent_statements_covered_display": "0"}, "missing_lines": [364, 365, 367, 368, 369, 370, 371, 372, 373, 374, 375, 377, 378, 379, 380, 382, 384, 386, 387, 388, 389, 392, 393, 394, 395, 397, 398, 400, 411, 412, 413], "excluded_lines": [], "start_line": 354}, "restore_context": {"executed_lines": [], "summary": {"covered_lines": 0, "num_statements": 27, "percent_covered": 0.0, "percent_covered_display": "0", "missing_lines": 27, "excluded_lines": 0, "percent_statements_covered": 0.0, "percent_statements_covered_display": "0"}, "missing_lines": [431, 432, 433, 434, 435, 436, 438, 441, 442, 443, 444, 445, 446, 447, 450, 451, 452, 453, 456, 457, 460, 463, 464, 465, 466, 467, 469], "excluded_lines": [], "start_line": 421}, "current_context": {"executed_lines": [], "summary": {"covered_lines": 0, "num_statements": 15, "percent_covered": 0.0, "percent_covered_display": "0", "missing_lines": 15, "excluded_lines": 0, "percent_statements_covered": 0.0, "percent_statements_covered_display": "0"}, "missing_lines": [491, 492, 493, 494, 495, 496, 497, 498, 500, 501, 502, 504, 505, 506, 508], "excluded_lines": [], "start_line": 485}, "": {"executed_lines": [17, 19, 20, 21, 23, 24, 26, 28, 30, 31, 32, 35, 39, 46, 47, 48, 49, 52, 53, 54, 55, 56, 57, 60, 61, 62, 63, 64, 67, 68, 69, 70, 71, 72, 73, 74, 75, 78, 87, 88, 115, 118, 147, 148, 178, 179, 222, 223, 246, 249, 250, 251, 252, 253, 254, 257, 260, 261, 262, 263, 266, 269, 270, 271, 272, 273, 274, 275, 278, 281, 282, 283, 284, 285, 286, 287, 288, 291, 296, 328, 333, 349, 354, 416, 421, 481, 485], "summary": {"covered_lines": 87, "num_statements": 87, "percent_covered": 100.0, "percent_covered_display": "100", "missing_lines": 0, "excluded_lines": 0, "percent_statements_covered": 100.0, "percent_statements_covered_display": "100"}, "missing_lines": [], "excluded_lines": [], "start_line": 1}}, "classes": {"LessonCreate": {"executed_lines": [], "summary": {"covered_lines": 0, "num_statements": 0, "percent_covered": 100.0, "percent_covered_display": "100", "missing_lines": 0, "excluded_lines": 0, "percent_statements_covered": 100.0, "percent_statements_covered_display": "100"}, "missing_lines": [], "excluded_lines": [], "start_line": 35}, "TaskSummary": {"executed_lines": [], "summary": {"covered_lines": 0, "num_statements": 0, "percent_covered": 100.0, "percent_covered_display": "100", "missing_lines": 0, "excluded_lines": 0, "percent_statements_covered": 100.0, "percent_statements_covered_display": "100"}, "missing_lines": [], "excluded_lines": [], "start_line": 52}, "LessonSummary": {"executed_lines": [], "summary": {"covered_lines": 0, "num_statements": 0, "percent_covered": 100.0, "percent_covered_display": "100", "missing_lines": 0, "excluded_lines": 0, "percent_statements_covered": 100.0, "percent_statements_covered_display": "100"}, "missing_lines": [], "excluded_lines": [], "start_line": 60}, "LoopState": {"executed_lines": [], "summary": {"covered_lines": 0, "num_statements": 0, "percent_covered": 100.0, "percent_covered_display": "100", "missing_lines": 0, "excluded_lines": 0, "percent_statements_covered": 100.0, "percent_statements_covered_display": "100"}, "missing_lines": [], "excluded_lines": [], "start_line": 67}, "SnapshotSummary": {"executed_lines": [], "summary": {"covered_lines": 0, "num_statements": 0, "percent_covered": 100.0, "percent_covered_display": "100", "missing_lines": 0, "excluded_lines": 0, "percent_statements_covered": 100.0, "percent_statements_covered_display": "100"}, "missing_lines": [], "excluded_lines": [], "start_line": 246}, "SnapshotDetail": {"executed_lines": [], "summary": {"covered_lines": 0, "num_statements": 0, "percent_covered": 100.0, "percent_covered_display": "100", "missing_lines": 0, "excluded_lines": 0, "percent_statements_covered": 100.0, "percent_statements_covered_display": "100"}, "missing_lines": [], "excluded_lines": [], "start_line": 257}, "SessionSummary": {"executed_lines": [], "summary": {"covered_lines": 0, "num_statements": 0, "percent_covered": 100.0, "percent_covered_display": "100", "missing_lines": 0, "excluded_lines": 0, "percent_statements_covered": 100.0, "percent_statements_covered_display": "100"}, "missing_lines": [], "excluded_lines": [], "start_line": 266}, "ContextRestoreResponse": {"executed_lines": [], "summary": {"covered_lines": 0, "num_statements": 0, "percent_covered": 100.0, "percent_covered_display": "100", "missing_lines": 0, "excluded_lines": 0, "percent_statements_covered": 100.0, "percent_statements_covered_display": "100"}, "missing_lines": [], "excluded_lines": [], "start_line": 278}, "": {"executed_lines": [17, 19, 20, 21, 23, 24, 26, 28, 30, 31, 32, 35, 39, 46, 47, 48, 49, 52, 53, 54, 55, 56, 57, 60, 61, 62, 63, 64, 67, 68, 69, 70, 71, 72, 73, 74, 75, 78, 79, 80, 82, 87, 88, 92, 93, 96, 97, 98, 99, 101, 103, 112, 115, 118, 122, 123, 126, 127, 129, 130, 131, 132, 133, 136, 144, 147, 148, 178, 179, 181, 183, 185, 198, 210, 222, 223, 225, 226, 229, 246, 249, 250, 251, 252, 253, 254, 257, 260, 261, 262, 263, 266, 269, 270, 271, 272, 273, 274, 275, 278, 281, 282, 283, 284, 285, 286, 287, 288, 291, 296, 328, 333, 349, 354, 416, 421, 481, 485], "summary": {"covered_lines": 118, "num_statements": 241, "percent_covered": 48.96265560165975, "percent_covered_display": "49", "missing_lines": 123, "excluded_lines": 0, "percent_statements_covered": 48.96265560165975, "percent_statements_covered_display": "49"}, "missing_lines": [81, 83, 84, 94, 100, 102, 124, 134, 135, 149, 150, 153, 154, 155, 156, 157, 158, 159, 160, 161, 162, 163, 165, 170, 171, 172, 174, 175, 216, 217, 218, 219, 227, 306, 307, 309, 310, 311, 312, 313, 314, 315, 325, 335, 336, 337, 338, 339, 340, 341, 364, 365, 367, 368, 369, 370, 371, 372, 373, 374, 375, 377, 378, 379, 380, 382, 384, 386, 387, 388, 389, 392, 393, 394, 395, 397, 398, 400, 411, 412, 413, 431, 432, 433, 434, 435, 436, 438, 441, 442, 443, 444, 445, 446, 447, 450, 451, 452, 453, 456, 457, 460, 463, 464, 465, 466, 467, 469, 491, 492, 493, 494, 495, 496, 497, 498, 500, 501, 502, 504, 505, 506, 508], "excluded_lines": [], "start_line": 1}}}, "app/api/v1/cnj_export.py": {"executed_lines": [3, 5, 7, 8, 10, 11, 12, 13, 14, 15, 22, 25, 34, 35, 68, 69, 103, 104, 139], "summary": {"covered_lines": 19, "num_statements": 61, "percent_covered": 31.147540983606557, "percent_covered_display": "31", "missing_lines": 42, "excluded_lines": 0, "percent_statements_covered": 31.147540983606557, "percent_statements_covered_display": "31"}, "missing_lines": [27, 28, 29, 43, 44, 45, 46, 47, 50, 51, 52, 53, 62, 63, 64, 65, 78, 79, 80, 81, 82, 85, 86, 87, 88, 97, 98, 99, 100, 112, 113, 114, 115, 116, 117, 118, 119, 120, 133, 134, 135, 136], "excluded_lines": [], "functions": {"_http_error": {"executed_lines": [], "summary": {"covered_lines": 0, "num_statements": 3, "percent_covered": 0.0, "percent_covered_display": "0", "missing_lines": 3, "excluded_lines": 0, "percent_statements_covered": 0.0, "percent_statements_covered_display": "0"}, "missing_lines": [27, 28, 29], "excluded_lines": [], "start_line": 25}, "request_cnj_export": {"executed_lines": [], "summary": {"covered_lines": 0, "num_statements": 13, "percent_covered": 0.0, "percent_covered_display": "0", "missing_lines": 13, "excluded_lines": 0, "percent_statements_covered": 0.0, "percent_statements_covered_display": "0"}, "missing_lines": [43, 44, 45, 46, 47, 50, 51, 52, 53, 62, 63, 64, 65], "excluded_lines": [], "start_line": 35}, "approve_cnj_export": {"executed_lines": [], "summary": {"covered_lines": 0, "num_statements": 13, "percent_covered": 0.0, "percent_covered_display": "0", "missing_lines": 13, "excluded_lines": 0, "percent_statements_covered": 0.0, "percent_statements_covered_display": "0"}, "missing_lines": [78, 79, 80, 81, 82, 85, 86, 87, 88, 97, 98, 99, 100], "excluded_lines": [], "start_line": 69}, "generate_cnj_export": {"executed_lines": [], "summary": {"covered_lines": 0, "num_statements": 13, "percent_covered": 0.0, "percent_covered_display": "0", "missing_lines": 13, "excluded_lines": 0, "percent_statements_covered": 0.0, "percent_statements_covered_display": "0"}, "missing_lines": [112, 113, 114, 115, 116, 117, 118, 119, 120, 133, 134, 135, 136], "excluded_lines": [], "start_line": 104}, "": {"executed_lines": [3, 5, 7, 8, 10, 11, 12, 13, 14, 15, 22, 25, 34, 35, 68, 69, 103, 104, 139], "summary": {"covered_lines": 19, "num_statements": 19, "percent_covered": 100.0, "percent_covered_display": "100", "missing_lines": 0, "excluded_lines": 0, "percent_statements_covered": 100.0, "percent_statements_covered_display": "100"}, "missing_lines": [], "excluded_lines": [], "start_line": 1}}, "classes": {"": {"executed_lines": [3, 5, 7, 8, 10, 11, 12, 13, 14, 15, 22, 25, 34, 35, 68, 69, 103, 104, 139], "summary": {"covered_lines": 19, "num_statements": 61, "percent_covered": 31.147540983606557, "percent_covered_display": "31", "missing_lines": 42, "excluded_lines": 0, "percent_statements_covered": 31.147540983606557, "percent_statements_covered_display": "31"}, "missing_lines": [27, 28, 29, 43, 44, 45, 46, 47, 50, 51, 52, 53, 62, 63, 64, 65, 78, 79, 80, 81, 82, 85, 86, 87, 88, 97, 98, 99, 100, 112, 113, 114, 115, 116, 117, 118, 119, 120, 133, 134, 135, 136], "excluded_lines": [], "start_line": 1}}}, "app/api/v1/dead_mans_switch.py": {"executed_lines": [20, 22, 24, 25, 26, 28, 29, 30, 31, 37, 40, 45, 94, 99, 119, 124], "summary": {"covered_lines": 16, "num_statements": 45, "percent_covered": 35.55555555555556, "percent_covered_display": "36", "missing_lines": 29, "excluded_lines": 0, "percent_statements_covered": 35.55555555555556, "percent_statements_covered_display": "36"}, "missing_lines": [47, 48, 49, 59, 61, 62, 71, 72, 73, 74, 75, 76, 77, 78, 80, 101, 103, 104, 111, 112, 113, 129, 130, 132, 140, 141, 143, 144, 153], "excluded_lines": [], "functions": {"get_status": {"executed_lines": [], "summary": {"covered_lines": 0, "num_statements": 15, "percent_covered": 0.0, "percent_covered_display": "0", "missing_lines": 15, "excluded_lines": 0, "percent_statements_covered": 0.0, "percent_statements_covered_display": "0"}, "missing_lines": [47, 48, 49, 59, 61, 62, 71, 72, 73, 74, 75, 76, 77, 78, 80], "excluded_lines": [], "start_line": 45}, "force_heartbeat": {"executed_lines": [], "summary": {"covered_lines": 0, "num_statements": 6, "percent_covered": 0.0, "percent_covered_display": "0", "missing_lines": 6, "excluded_lines": 0, "percent_statements_covered": 0.0, "percent_statements_covered_display": "0"}, "missing_lines": [101, 103, 104, 111, 112, 113], "excluded_lines": [], "start_line": 99}, "get_history": {"executed_lines": [], "summary": {"covered_lines": 0, "num_statements": 8, "percent_covered": 0.0, "percent_covered_display": "0", "missing_lines": 8, "excluded_lines": 0, "percent_statements_covered": 0.0, "percent_statements_covered_display": "0"}, "missing_lines": [129, 130, 132, 140, 141, 143, 144, 153], "excluded_lines": [], "start_line": 124}, "": {"executed_lines": [20, 22, 24, 25, 26, 28, 29, 30, 31, 37, 40, 45, 94, 99, 119, 124], "summary": {"covered_lines": 16, "num_statements": 16, "percent_covered": 100.0, "percent_covered_display": "100", "missing_lines": 0, "excluded_lines": 0, "percent_statements_covered": 100.0, "percent_statements_covered_display": "100"}, "missing_lines": [], "excluded_lines": [], "start_line": 1}}, "classes": {"": {"executed_lines": [20, 22, 24, 25, 26, 28, 29, 30, 31, 37, 40, 45, 94, 99, 119, 124], "summary": {"covered_lines": 16, "num_statements": 45, "percent_covered": 35.55555555555556, "percent_covered_display": "36", "missing_lines": 29, "excluded_lines": 0, "percent_statements_covered": 35.55555555555556, "percent_statements_covered_display": "36"}, "missing_lines": [47, 48, 49, 59, 61, 62, 71, 72, 73, 74, 75, 76, 77, 78, 80, 101, 103, 104, 111, 112, 113, 129, 130, 132, 140, 141, 143, 144, 153], "excluded_lines": [], "start_line": 1}}}, "app/api/v1/health_radar_expanded.py": {"executed_lines": [38, 40, 41, 42, 43, 44, 45, 47, 48, 49, 51, 52, 54, 62, 67, 71, 73, 78, 94, 105, 106, 107, 108, 111, 112, 113, 114, 117, 170, 214, 264, 301, 401, 422, 443, 456, 461, 484, 521, 572, 749, 770, 807, 827], "summary": {"covered_lines": 44, "num_statements": 317, "percent_covered": 13.8801261829653, "percent_covered_display": "14", "missing_lines": 273, "excluded_lines": 0, "percent_statements_covered": 13.8801261829653, "percent_statements_covered_display": "14"}, "missing_lines": [126, 127, 128, 135, 136, 137, 138, 139, 144, 149, 150, 151, 156, 157, 162, 163, 179, 180, 181, 182, 183, 184, 185, 186, 187, 192, 193, 201, 206, 207, 227, 228, 229, 233, 234, 235, 236, 237, 238, 239, 244, 245, 250, 251, 256, 257, 273, 274, 275, 276, 277, 278, 279, 280, 281, 286, 287, 288, 293, 294, 307, 309, 310, 311, 312, 313, 314, 315, 316, 321, 327, 328, 329, 330, 332, 333, 334, 335, 336, 341, 347, 354, 355, 356, 361, 362, 363, 364, 369, 370, 371, 376, 382, 389, 390, 396, 398, 407, 408, 409, 410, 411, 412, 418, 419, 428, 429, 430, 431, 432, 433, 439, 440, 449, 453, 458, 464, 465, 467, 469, 470, 471, 472, 473, 487, 488, 490, 492, 493, 494, 495, 496, 544, 545, 546, 547, 548, 549, 550, 551, 552, 553, 554, 555, 556, 557, 559, 560, 561, 562, 563, 564, 565, 566, 567, 568, 569, 593, 594, 595, 597, 598, 600, 601, 602, 603, 604, 605, 625, 626, 627, 628, 629, 630, 631, 637, 638, 639, 645, 652, 653, 654, 655, 656, 664, 665, 666, 667, 668, 670, 671, 676, 677, 678, 683, 686, 687, 688, 689, 690, 691, 692, 698, 699, 700, 701, 702, 703, 704, 710, 711, 712, 713, 714, 715, 716, 721, 722, 728, 729, 730, 731, 732, 733, 737, 738, 740, 752, 753, 755, 756, 757, 758, 759, 785, 786, 787, 788, 789, 790, 791, 792, 793, 794, 795, 796, 797, 798, 799, 800, 801, 802, 803, 804, 829, 830, 831, 832, 833, 834, 835, 836, 846, 858, 859, 860, 861, 862, 863, 864, 866, 877, 878], "excluded_lines": [], "functions": {"_check_dns": {"executed_lines": [], "summary": {"covered_lines": 0, "num_statements": 16, "percent_covered": 0.0, "percent_covered_display": "0", "missing_lines": 16, "excluded_lines": 0, "percent_statements_covered": 0.0, "percent_statements_covered_display": "0"}, "missing_lines": [126, 127, 128, 135, 136, 137, 138, 139, 144, 149, 150, 151, 156, 157, 162, 163], "excluded_lines": [], "start_line": 117}, "_check_traefik": {"executed_lines": [], "summary": {"covered_lines": 0, "num_statements": 14, "percent_covered": 0.0, "percent_covered_display": "0", "missing_lines": 14, "excluded_lines": 0, "percent_statements_covered": 0.0, "percent_statements_covered_display": "0"}, "missing_lines": [179, 180, 181, 182, 183, 184, 185, 186, 187, 192, 193, 201, 206, 207], "excluded_lines": [], "start_line": 170}, "_check_socket": {"executed_lines": [], "summary": {"covered_lines": 0, "num_statements": 16, "percent_covered": 0.0, "percent_covered_display": "0", "missing_lines": 16, "excluded_lines": 0, "percent_statements_covered": 0.0, "percent_statements_covered_display": "0"}, "missing_lines": [227, 228, 229, 233, 234, 235, 236, 237, 238, 239, 244, 245, 250, 251, 256, 257], "excluded_lines": [], "start_line": 214}, "_check_disk": {"executed_lines": [], "summary": {"covered_lines": 0, "num_statements": 14, "percent_covered": 0.0, "percent_covered_display": "0", "missing_lines": 14, "excluded_lines": 0, "percent_statements_covered": 0.0, "percent_statements_covered_display": "0"}, "missing_lines": [273, 274, 275, 276, 277, 278, 279, 280, 281, 286, 287, 288, 293, 294], "excluded_lines": [], "start_line": 264}, "_check_health_category": {"executed_lines": [], "summary": {"covered_lines": 0, "num_statements": 26, "percent_covered": 0.0, "percent_covered_display": "0", "missing_lines": 26, "excluded_lines": 0, "percent_statements_covered": 0.0, "percent_statements_covered_display": "0"}, "missing_lines": [307, 309, 310, 311, 312, 313, 314, 315, 316, 321, 327, 328, 329, 330, 332, 333, 334, 335, 336, 341, 347, 382, 389, 390, 396, 398], "excluded_lines": [], "start_line": 301}, "_check_health_category.probe_http": {"executed_lines": [], "summary": {"covered_lines": 0, "num_statements": 11, "percent_covered": 0.0, "percent_covered_display": "0", "missing_lines": 11, "excluded_lines": 0, "percent_statements_covered": 0.0, "percent_statements_covered_display": "0"}, "missing_lines": [354, 355, 356, 361, 362, 363, 364, 369, 370, 371, 376], "excluded_lines": [], "start_line": 347}, "_check_dns_category": {"executed_lines": [], "summary": {"covered_lines": 0, "num_statements": 8, "percent_covered": 0.0, "percent_covered_display": "0", "missing_lines": 8, "excluded_lines": 0, "percent_statements_covered": 0.0, "percent_statements_covered_display": "0"}, "missing_lines": [407, 408, 409, 410, 411, 412, 418, 419], "excluded_lines": [], "start_line": 401}, "_check_traefik_category": {"executed_lines": [], "summary": {"covered_lines": 0, "num_statements": 8, "percent_covered": 0.0, "percent_covered_display": "0", "missing_lines": 8, "excluded_lines": 0, "percent_statements_covered": 0.0, "percent_statements_covered_display": "0"}, "missing_lines": [428, 429, 430, 431, 432, 433, 439, 440], "excluded_lines": [], "start_line": 422}, "_check_ssh_category": {"executed_lines": [], "summary": {"covered_lines": 0, "num_statements": 2, "percent_covered": 0.0, "percent_covered_display": "0", "missing_lines": 2, "excluded_lines": 0, "percent_statements_covered": 0.0, "percent_statements_covered_display": "0"}, "missing_lines": [449, 453], "excluded_lines": [], "start_line": 443}, "_check_disk_category": {"executed_lines": [], "summary": {"covered_lines": 0, "num_statements": 1, "percent_covered": 0.0, "percent_covered_display": "0", "missing_lines": 1, "excluded_lines": 0, "percent_statements_covered": 0.0, "percent_statements_covered_display": "0"}, "missing_lines": [458], "excluded_lines": [], "start_line": 456}, "_check_mcp_category": {"executed_lines": [], "summary": {"covered_lines": 0, "num_statements": 6, "percent_covered": 0.0, "percent_covered_display": "0", "missing_lines": 6, "excluded_lines": 0, "percent_statements_covered": 0.0, "percent_statements_covered_display": "0"}, "missing_lines": [464, 469, 470, 471, 472, 473], "excluded_lines": [], "start_line": 461}, "_check_mcp_category._run": {"executed_lines": [], "summary": {"covered_lines": 0, "num_statements": 2, "percent_covered": 0.0, "percent_covered_display": "0", "missing_lines": 2, "excluded_lines": 0, "percent_statements_covered": 0.0, "percent_statements_covered_display": "0"}, "missing_lines": [465, 467], "excluded_lines": [], "start_line": 464}, "_check_openclaw_category": {"executed_lines": [], "summary": {"covered_lines": 0, "num_statements": 6, "percent_covered": 0.0, "percent_covered_display": "0", "missing_lines": 6, "excluded_lines": 0, "percent_statements_covered": 0.0, "percent_statements_covered_display": "0"}, "missing_lines": [487, 492, 493, 494, 495, 496], "excluded_lines": [], "start_line": 484}, "_check_openclaw_category._run": {"executed_lines": [], "summary": {"covered_lines": 0, "num_statements": 2, "percent_covered": 0.0, "percent_covered_display": "0", "missing_lines": 2, "excluded_lines": 0, "percent_statements_covered": 0.0, "percent_statements_covered_display": "0"}, "missing_lines": [488, 490], "excluded_lines": [], "start_line": 487}, "_scan_count": {"executed_lines": [], "summary": {"covered_lines": 0, "num_statements": 25, "percent_covered": 0.0, "percent_covered_display": "0", "missing_lines": 25, "excluded_lines": 0, "percent_statements_covered": 0.0, "percent_statements_covered_display": "0"}, "missing_lines": [544, 545, 546, 547, 548, 549, 550, 551, 552, 553, 554, 555, 556, 557, 559, 560, 561, 562, 563, 564, 565, 566, 567, 568, 569], "excluded_lines": [], "start_line": 521}, "_check_redis_queues_sync": {"executed_lines": [], "summary": {"covered_lines": 0, "num_statements": 70, "percent_covered": 0.0, "percent_covered_display": "0", "missing_lines": 70, "excluded_lines": 0, "percent_statements_covered": 0.0, "percent_statements_covered_display": "0"}, "missing_lines": [593, 594, 595, 597, 598, 600, 601, 602, 603, 604, 605, 625, 626, 627, 628, 629, 630, 631, 637, 638, 639, 645, 652, 653, 654, 655, 656, 664, 665, 666, 667, 668, 670, 671, 676, 677, 678, 683, 686, 687, 688, 689, 690, 691, 692, 698, 699, 700, 701, 702, 703, 704, 710, 711, 712, 713, 714, 715, 716, 721, 722, 728, 729, 730, 731, 732, 733, 737, 738, 740], "excluded_lines": [], "start_line": 572}, "_check_redis_queues_category": {"executed_lines": [], "summary": {"covered_lines": 0, "num_statements": 6, "percent_covered": 0.0, "percent_covered_display": "0", "missing_lines": 6, "excluded_lines": 0, "percent_statements_covered": 0.0, "percent_statements_covered_display": "0"}, "missing_lines": [752, 755, 756, 757, 758, 759], "excluded_lines": [], "start_line": 749}, "_check_redis_queues_category._run": {"executed_lines": [], "summary": {"covered_lines": 0, "num_statements": 1, "percent_covered": 0.0, "percent_covered_display": "0", "missing_lines": 1, "excluded_lines": 0, "percent_statements_covered": 0.0, "percent_statements_covered_display": "0"}, "missing_lines": [753], "excluded_lines": [], "start_line": 752}, "_aggregate_overall": {"executed_lines": [], "summary": {"covered_lines": 0, "num_statements": 20, "percent_covered": 0.0, "percent_covered_display": "0", "missing_lines": 20, "excluded_lines": 0, "percent_statements_covered": 0.0, "percent_statements_covered_display": "0"}, "missing_lines": [785, 786, 787, 788, 789, 790, 791, 792, 793, 794, 795, 796, 797, 798, 799, 800, 801, 802, 803, 804], "excluded_lines": [], "start_line": 770}, "health_radar_expanded": {"executed_lines": [], "summary": {"covered_lines": 0, "num_statements": 13, "percent_covered": 0.0, "percent_covered_display": "0", "missing_lines": 13, "excluded_lines": 0, "percent_statements_covered": 0.0, "percent_statements_covered_display": "0"}, "missing_lines": [829, 830, 831, 832, 833, 834, 835, 836, 846, 858, 866, 877, 878], "excluded_lines": [], "start_line": 827}, "health_radar_expanded._coerce": {"executed_lines": [], "summary": {"covered_lines": 0, "num_statements": 6, "percent_covered": 0.0, "percent_covered_display": "0", "missing_lines": 6, "excluded_lines": 0, "percent_statements_covered": 0.0, "percent_statements_covered_display": "0"}, "missing_lines": [859, 860, 861, 862, 863, 864], "excluded_lines": [], "start_line": 858}, "": {"executed_lines": [38, 40, 41, 42, 43, 44, 45, 47, 48, 49, 51, 52, 54, 62, 67, 71, 73, 78, 94, 105, 106, 107, 108, 111, 112, 113, 114, 117, 170, 214, 264, 301, 401, 422, 443, 456, 461, 484, 521, 572, 749, 770, 807, 827], "summary": {"covered_lines": 44, "num_statements": 44, "percent_covered": 100.0, "percent_covered_display": "100", "missing_lines": 0, "excluded_lines": 0, "percent_statements_covered": 100.0, "percent_statements_covered_display": "100"}, "missing_lines": [], "excluded_lines": [], "start_line": 1}}, "classes": {"": {"executed_lines": [38, 40, 41, 42, 43, 44, 45, 47, 48, 49, 51, 52, 54, 62, 67, 71, 73, 78, 94, 105, 106, 107, 108, 111, 112, 113, 114, 117, 170, 214, 264, 301, 401, 422, 443, 456, 461, 484, 521, 572, 749, 770, 807, 827], "summary": {"covered_lines": 44, "num_statements": 317, "percent_covered": 13.8801261829653, "percent_covered_display": "14", "missing_lines": 273, "excluded_lines": 0, "percent_statements_covered": 13.8801261829653, "percent_statements_covered_display": "14"}, "missing_lines": [126, 127, 128, 135, 136, 137, 138, 139, 144, 149, 150, 151, 156, 157, 162, 163, 179, 180, 181, 182, 183, 184, 185, 186, 187, 192, 193, 201, 206, 207, 227, 228, 229, 233, 234, 235, 236, 237, 238, 239, 244, 245, 250, 251, 256, 257, 273, 274, 275, 276, 277, 278, 279, 280, 281, 286, 287, 288, 293, 294, 307, 309, 310, 311, 312, 313, 314, 315, 316, 321, 327, 328, 329, 330, 332, 333, 334, 335, 336, 341, 347, 354, 355, 356, 361, 362, 363, 364, 369, 370, 371, 376, 382, 389, 390, 396, 398, 407, 408, 409, 410, 411, 412, 418, 419, 428, 429, 430, 431, 432, 433, 439, 440, 449, 453, 458, 464, 465, 467, 469, 470, 471, 472, 473, 487, 488, 490, 492, 493, 494, 495, 496, 544, 545, 546, 547, 548, 549, 550, 551, 552, 553, 554, 555, 556, 557, 559, 560, 561, 562, 563, 564, 565, 566, 567, 568, 569, 593, 594, 595, 597, 598, 600, 601, 602, 603, 604, 605, 625, 626, 627, 628, 629, 630, 631, 637, 638, 639, 645, 652, 653, 654, 655, 656, 664, 665, 666, 667, 668, 670, 671, 676, 677, 678, 683, 686, 687, 688, 689, 690, 691, 692, 698, 699, 700, 701, 702, 703, 704, 710, 711, 712, 713, 714, 715, 716, 721, 722, 728, 729, 730, 731, 732, 733, 737, 738, 740, 752, 753, 755, 756, 757, 758, 759, 785, 786, 787, 788, 789, 790, 791, 792, 793, 794, 795, 796, 797, 798, 799, 800, 801, 802, 803, 804, 829, 830, 831, 832, 833, 834, 835, 836, 846, 858, 859, 860, 861, 862, 863, 864, 866, 877, 878], "excluded_lines": [], "start_line": 1}}}, "app/api/v1/integrations.py": {"executed_lines": [14, 16, 17, 18, 19, 20, 22, 23, 24, 25, 27, 29, 30, 31, 32, 33, 34, 35, 36, 37, 38, 43, 50, 60, 68, 84, 86, 91, 95, 101, 109, 114, 125, 141, 142, 143, 144, 145, 146, 147, 148, 149, 150, 158, 172, 291, 294, 297, 300, 303, 306, 313, 321, 334, 404, 406, 409, 429, 478, 492, 497, 505, 522, 618, 621, 635, 637, 638, 639, 640, 641, 642, 643, 646, 649, 650, 651, 652, 655, 668, 794, 798, 800, 801, 804, 805, 810, 813, 814, 815, 816, 819, 825, 897, 904, 949, 956, 1074, 1078, 1080, 1081, 1082, 1086, 1092, 1102, 1112, 1154, 1160, 1166], "summary": {"covered_lines": 109, "num_statements": 354, "percent_covered": 30.7909604519774, "percent_covered_display": "31", "missing_lines": 245, "excluded_lines": 0, "percent_statements_covered": 30.7909604519774, "percent_statements_covered_display": "31"}, "missing_lines": [200, 208, 209, 227, 228, 230, 232, 233, 243, 253, 266, 267, 318, 336, 339, 345, 346, 347, 348, 350, 351, 352, 353, 354, 357, 363, 364, 365, 367, 371, 372, 373, 375, 378, 379, 380, 381, 383, 385, 411, 412, 413, 414, 415, 416, 417, 418, 419, 420, 425, 426, 436, 437, 438, 439, 440, 442, 443, 444, 446, 447, 448, 452, 453, 455, 459, 460, 461, 462, 463, 468, 470, 472, 475, 480, 481, 482, 483, 484, 485, 486, 487, 488, 489, 494, 533, 534, 535, 536, 541, 542, 543, 545, 546, 550, 551, 557, 558, 559, 560, 564, 565, 569, 570, 576, 577, 580, 581, 584, 585, 586, 587, 588, 589, 590, 591, 592, 593, 594, 595, 596, 597, 599, 600, 602, 679, 680, 681, 686, 695, 696, 699, 700, 709, 710, 711, 712, 713, 714, 715, 716, 717, 718, 721, 722, 723, 724, 727, 728, 729, 730, 736, 737, 742, 749, 761, 762, 763, 765, 768, 773, 781, 831, 834, 835, 836, 842, 845, 846, 848, 849, 850, 858, 859, 865, 866, 869, 870, 871, 882, 883, 884, 887, 889, 907, 909, 946, 961, 962, 963, 964, 967, 968, 976, 977, 978, 980, 981, 984, 985, 986, 987, 989, 999, 1008, 1009, 1023, 1025, 1035, 1044, 1045, 1046, 1048, 1059, 1116, 1118, 1119, 1120, 1122, 1123, 1125, 1126, 1128, 1129, 1130, 1131, 1132, 1133, 1134, 1136, 1147, 1169, 1171, 1172, 1173, 1175, 1176, 1177, 1178, 1179, 1180, 1181, 1187, 1188, 1189], "excluded_lines": [], "functions": {"opencode_test": {"executed_lines": [], "summary": {"covered_lines": 0, "num_statements": 12, "percent_covered": 0.0, "percent_covered_display": "0", "missing_lines": 12, "excluded_lines": 0, "percent_statements_covered": 0.0, "percent_statements_covered_display": "0"}, "missing_lines": [200, 208, 209, 227, 228, 230, 232, 233, 243, 253, 266, 267], "excluded_lines": [], "start_line": 172}, "openclaw_status_endpoint": {"executed_lines": [], "summary": {"covered_lines": 0, "num_statements": 1, "percent_covered": 0.0, "percent_covered_display": "0", "missing_lines": 1, "excluded_lines": 0, "percent_statements_covered": 0.0, "percent_statements_covered_display": "0"}, "missing_lines": [318], "excluded_lines": [], "start_line": 313}, "agent_health": {"executed_lines": [], "summary": {"covered_lines": 0, "num_statements": 26, "percent_covered": 0.0, "percent_covered_display": "0", "missing_lines": 26, "excluded_lines": 0, "percent_statements_covered": 0.0, "percent_statements_covered_display": "0"}, "missing_lines": [336, 339, 345, 346, 347, 348, 350, 351, 352, 353, 354, 357, 363, 364, 365, 367, 371, 372, 373, 375, 378, 379, 380, 381, 383, 385], "excluded_lines": [], "start_line": 334}, "_dispatch_evolution": {"executed_lines": [], "summary": {"covered_lines": 0, "num_statements": 12, "percent_covered": 0.0, "percent_covered_display": "0", "missing_lines": 12, "excluded_lines": 0, "percent_statements_covered": 0.0, "percent_statements_covered_display": "0"}, "missing_lines": [411, 412, 413, 414, 415, 416, 417, 418, 419, 420, 425, 426], "excluded_lines": [], "start_line": 409}, "_dispatch_chatwoot": {"executed_lines": [], "summary": {"covered_lines": 0, "num_statements": 23, "percent_covered": 0.0, "percent_covered_display": "0", "missing_lines": 23, "excluded_lines": 0, "percent_statements_covered": 0.0, "percent_statements_covered_display": "0"}, "missing_lines": [436, 437, 438, 439, 440, 442, 443, 444, 446, 447, 448, 452, 453, 455, 459, 460, 461, 462, 463, 468, 470, 472, 475], "excluded_lines": [], "start_line": 429}, "_dispatch_telegram": {"executed_lines": [], "summary": {"covered_lines": 0, "num_statements": 10, "percent_covered": 0.0, "percent_covered_display": "0", "missing_lines": 10, "excluded_lines": 0, "percent_statements_covered": 0.0, "percent_statements_covered_display": "0"}, "missing_lines": [480, 481, 482, 483, 484, 485, 486, 487, 488, 489], "excluded_lines": [], "start_line": 478}, "_dispatch_outbox": {"executed_lines": [], "summary": {"covered_lines": 0, "num_statements": 1, "percent_covered": 0.0, "percent_covered_display": "0", "missing_lines": 1, "excluded_lines": 0, "percent_statements_covered": 0.0, "percent_statements_covered_display": "0"}, "missing_lines": [494], "excluded_lines": [], "start_line": 492}, "outbox_dispatch": {"executed_lines": [], "summary": {"covered_lines": 0, "num_statements": 40, "percent_covered": 0.0, "percent_covered_display": "0", "missing_lines": 40, "excluded_lines": 0, "percent_statements_covered": 0.0, "percent_statements_covered_display": "0"}, "missing_lines": [533, 534, 535, 536, 541, 542, 543, 545, 546, 550, 551, 557, 558, 559, 560, 564, 565, 569, 570, 576, 577, 580, 581, 584, 585, 586, 587, 588, 589, 590, 591, 592, 593, 594, 595, 596, 597, 599, 600, 602], "excluded_lines": [], "start_line": 522}, "n8n_error_webhook": {"executed_lines": [], "summary": {"covered_lines": 0, "num_statements": 37, "percent_covered": 0.0, "percent_covered_display": "0", "missing_lines": 37, "excluded_lines": 0, "percent_statements_covered": 0.0, "percent_statements_covered_display": "0"}, "missing_lines": [679, 680, 681, 686, 695, 696, 699, 700, 709, 710, 711, 712, 713, 714, 715, 716, 717, 718, 721, 722, 723, 724, 727, 728, 729, 730, 736, 737, 742, 749, 761, 762, 763, 765, 768, 773, 781], "excluded_lines": [], "start_line": 668}, "n8n_deletion_webhook": {"executed_lines": [], "summary": {"covered_lines": 0, "num_statements": 22, "percent_covered": 0.0, "percent_covered_display": "0", "missing_lines": 22, "excluded_lines": 0, "percent_statements_covered": 0.0, "percent_statements_covered_display": "0"}, "missing_lines": [831, 834, 835, 836, 842, 845, 846, 848, 849, 850, 858, 859, 865, 866, 869, 870, 871, 882, 883, 884, 887, 889], "excluded_lines": [], "start_line": 825}, "list_llm_models": {"executed_lines": [], "summary": {"covered_lines": 0, "num_statements": 3, "percent_covered": 0.0, "percent_covered_display": "0", "missing_lines": 3, "excluded_lines": 0, "percent_statements_covered": 0.0, "percent_statements_covered_display": "0"}, "missing_lines": [907, 909, 946], "excluded_lines": [], "start_line": 904}, "test_llm_provider": {"executed_lines": [], "summary": {"covered_lines": 0, "num_statements": 27, "percent_covered": 0.0, "percent_covered_display": "0", "missing_lines": 27, "excluded_lines": 0, "percent_statements_covered": 0.0, "percent_statements_covered_display": "0"}, "missing_lines": [961, 962, 963, 964, 967, 968, 976, 977, 978, 980, 981, 984, 985, 986, 987, 989, 999, 1008, 1009, 1023, 1025, 1035, 1044, 1045, 1046, 1048, 1059], "excluded_lines": [], "start_line": 956}, "chatwoot_consent_propagation": {"executed_lines": [], "summary": {"covered_lines": 0, "num_statements": 17, "percent_covered": 0.0, "percent_covered_display": "0", "missing_lines": 17, "excluded_lines": 0, "percent_statements_covered": 0.0, "percent_statements_covered_display": "0"}, "missing_lines": [1116, 1118, 1119, 1120, 1122, 1123, 1125, 1126, 1128, 1129, 1130, 1131, 1132, 1133, 1134, 1136, 1147], "excluded_lines": [], "start_line": 1112}, "chatwoot_health_check": {"executed_lines": [], "summary": {"covered_lines": 0, "num_statements": 14, "percent_covered": 0.0, "percent_covered_display": "0", "missing_lines": 14, "excluded_lines": 0, "percent_statements_covered": 0.0, "percent_statements_covered_display": "0"}, "missing_lines": [1169, 1171, 1172, 1173, 1175, 1176, 1177, 1178, 1179, 1180, 1181, 1187, 1188, 1189], "excluded_lines": [], "start_line": 1166}, "": {"executed_lines": [14, 16, 17, 18, 19, 20, 22, 23, 24, 25, 27, 29, 30, 31, 32, 33, 34, 35, 36, 37, 38, 43, 50, 60, 68, 84, 86, 91, 95, 101, 109, 114, 125, 141, 142, 143, 144, 145, 146, 147, 148, 149, 150, 158, 172, 291, 294, 297, 300, 303, 306, 313, 321, 334, 404, 406, 409, 429, 478, 492, 497, 505, 522, 618, 621, 635, 637, 638, 639, 640, 641, 642, 643, 646, 649, 650, 651, 652, 655, 668, 794, 798, 800, 801, 804, 805, 810, 813, 814, 815, 816, 819, 825, 897, 904, 949, 956, 1074, 1078, 1080, 1081, 1082, 1086, 1092, 1102, 1112, 1154, 1160, 1166], "summary": {"covered_lines": 109, "num_statements": 109, "percent_covered": 100.0, "percent_covered_display": "100", "missing_lines": 0, "excluded_lines": 0, "percent_statements_covered": 100.0, "percent_statements_covered_display": "100"}, "missing_lines": [], "excluded_lines": [], "start_line": 1}}, "classes": {"OpenCodeTestRequest": {"executed_lines": [], "summary": {"covered_lines": 0, "num_statements": 0, "percent_covered": 100.0, "percent_covered_display": "100", "missing_lines": 0, "excluded_lines": 0, "percent_statements_covered": 100.0, "percent_statements_covered_display": "100"}, "missing_lines": [], "excluded_lines": [], "start_line": 68}, "OpenCodeTestResponse": {"executed_lines": [], "summary": {"covered_lines": 0, "num_statements": 0, "percent_covered": 100.0, "percent_covered_display": "100", "missing_lines": 0, "excluded_lines": 0, "percent_statements_covered": 100.0, "percent_statements_covered_display": "100"}, "missing_lines": [], "excluded_lines": [], "start_line": 125}, "AgentHealthResponse": {"executed_lines": [], "summary": {"covered_lines": 0, "num_statements": 0, "percent_covered": 100.0, "percent_covered_display": "100", "missing_lines": 0, "excluded_lines": 0, "percent_statements_covered": 100.0, "percent_statements_covered_display": "100"}, "missing_lines": [], "excluded_lines": [], "start_line": 291}, "N8nErrorRequest": {"executed_lines": [], "summary": {"covered_lines": 0, "num_statements": 0, "percent_covered": 100.0, "percent_covered_display": "100", "missing_lines": 0, "excluded_lines": 0, "percent_statements_covered": 100.0, "percent_statements_covered_display": "100"}, "missing_lines": [], "excluded_lines": [], "start_line": 621}, "N8nErrorResponse": {"executed_lines": [], "summary": {"covered_lines": 0, "num_statements": 0, "percent_covered": 100.0, "percent_covered_display": "100", "missing_lines": 0, "excluded_lines": 0, "percent_statements_covered": 100.0, "percent_statements_covered_display": "100"}, "missing_lines": [], "excluded_lines": [], "start_line": 646}, "N8nDeletionRequest": {"executed_lines": [], "summary": {"covered_lines": 0, "num_statements": 0, "percent_covered": 100.0, "percent_covered_display": "100", "missing_lines": 0, "excluded_lines": 0, "percent_statements_covered": 100.0, "percent_statements_covered_display": "100"}, "missing_lines": [], "excluded_lines": [], "start_line": 794}, "N8nDeletionResponse": {"executed_lines": [], "summary": {"covered_lines": 0, "num_statements": 0, "percent_covered": 100.0, "percent_covered_display": "100", "missing_lines": 0, "excluded_lines": 0, "percent_statements_covered": 100.0, "percent_statements_covered_display": "100"}, "missing_lines": [], "excluded_lines": [], "start_line": 810}, "ConsentPropagationRequest": {"executed_lines": [], "summary": {"covered_lines": 0, "num_statements": 0, "percent_covered": 100.0, "percent_covered_display": "100", "missing_lines": 0, "excluded_lines": 0, "percent_statements_covered": 100.0, "percent_statements_covered_display": "100"}, "missing_lines": [], "excluded_lines": [], "start_line": 1074}, "": {"executed_lines": [14, 16, 17, 18, 19, 20, 22, 23, 24, 25, 27, 29, 30, 31, 32, 33, 34, 35, 36, 37, 38, 43, 50, 60, 68, 84, 86, 91, 95, 101, 109, 114, 125, 141, 142, 143, 144, 145, 146, 147, 148, 149, 150, 158, 172, 291, 294, 297, 300, 303, 306, 313, 321, 334, 404, 406, 409, 429, 478, 492, 497, 505, 522, 618, 621, 635, 637, 638, 639, 640, 641, 642, 643, 646, 649, 650, 651, 652, 655, 668, 794, 798, 800, 801, 804, 805, 810, 813, 814, 815, 816, 819, 825, 897, 904, 949, 956, 1074, 1078, 1080, 1081, 1082, 1086, 1092, 1102, 1112, 1154, 1160, 1166], "summary": {"covered_lines": 109, "num_statements": 354, "percent_covered": 30.7909604519774, "percent_covered_display": "31", "missing_lines": 245, "excluded_lines": 0, "percent_statements_covered": 30.7909604519774, "percent_statements_covered_display": "31"}, "missing_lines": [200, 208, 209, 227, 228, 230, 232, 233, 243, 253, 266, 267, 318, 336, 339, 345, 346, 347, 348, 350, 351, 352, 353, 354, 357, 363, 364, 365, 367, 371, 372, 373, 375, 378, 379, 380, 381, 383, 385, 411, 412, 413, 414, 415, 416, 417, 418, 419, 420, 425, 426, 436, 437, 438, 439, 440, 442, 443, 444, 446, 447, 448, 452, 453, 455, 459, 460, 461, 462, 463, 468, 470, 472, 475, 480, 481, 482, 483, 484, 485, 486, 487, 488, 489, 494, 533, 534, 535, 536, 541, 542, 543, 545, 546, 550, 551, 557, 558, 559, 560, 564, 565, 569, 570, 576, 577, 580, 581, 584, 585, 586, 587, 588, 589, 590, 591, 592, 593, 594, 595, 596, 597, 599, 600, 602, 679, 680, 681, 686, 695, 696, 699, 700, 709, 710, 711, 712, 713, 714, 715, 716, 717, 718, 721, 722, 723, 724, 727, 728, 729, 730, 736, 737, 742, 749, 761, 762, 763, 765, 768, 773, 781, 831, 834, 835, 836, 842, 845, 846, 848, 849, 850, 858, 859, 865, 866, 869, 870, 871, 882, 883, 884, 887, 889, 907, 909, 946, 961, 962, 963, 964, 967, 968, 976, 977, 978, 980, 981, 984, 985, 986, 987, 989, 999, 1008, 1009, 1023, 1025, 1035, 1044, 1045, 1046, 1048, 1059, 1116, 1118, 1119, 1120, 1122, 1123, 1125, 1126, 1128, 1129, 1130, 1131, 1132, 1133, 1134, 1136, 1147, 1169, 1171, 1172, 1173, 1175, 1176, 1177, 1178, 1179, 1180, 1181, 1187, 1188, 1189], "excluded_lines": [], "start_line": 1}}}, "app/api/v1/lgpd_consent.py": {"executed_lines": [21, 23, 25, 26, 28, 29, 30, 37, 40, 45, 84, 89], "summary": {"covered_lines": 12, "num_statements": 27, "percent_covered": 44.44444444444444, "percent_covered_display": "44", "missing_lines": 15, "excluded_lines": 0, "percent_statements_covered": 44.44444444444444, "percent_statements_covered_display": "44"}, "missing_lines": [58, 60, 61, 64, 66, 76, 81, 94, 96, 97, 101, 105, 109, 114, 116], "excluded_lines": [], "functions": {"create_consent": {"executed_lines": [], "summary": {"covered_lines": 0, "num_statements": 7, "percent_covered": 0.0, "percent_covered_display": "0", "missing_lines": 7, "excluded_lines": 0, "percent_statements_covered": 0.0, "percent_statements_covered_display": "0"}, "missing_lines": [58, 60, 61, 64, 66, 76, 81], "excluded_lines": [], "start_line": 45}, "get_consent_stats": {"executed_lines": [], "summary": {"covered_lines": 0, "num_statements": 8, "percent_covered": 0.0, "percent_covered_display": "0", "missing_lines": 8, "excluded_lines": 0, "percent_statements_covered": 0.0, "percent_statements_covered_display": "0"}, "missing_lines": [94, 96, 97, 101, 105, 109, 114, 116], "excluded_lines": [], "start_line": 89}, "": {"executed_lines": [21, 23, 25, 26, 28, 29, 30, 37, 40, 45, 84, 89], "summary": {"covered_lines": 12, "num_statements": 12, "percent_covered": 100.0, "percent_covered_display": "100", "missing_lines": 0, "excluded_lines": 0, "percent_statements_covered": 100.0, "percent_statements_covered_display": "100"}, "missing_lines": [], "excluded_lines": [], "start_line": 1}}, "classes": {"": {"executed_lines": [21, 23, 25, 26, 28, 29, 30, 37, 40, 45, 84, 89], "summary": {"covered_lines": 12, "num_statements": 27, "percent_covered": 44.44444444444444, "percent_covered_display": "44", "missing_lines": 15, "excluded_lines": 0, "percent_statements_covered": 44.44444444444444, "percent_statements_covered_display": "44"}, "missing_lines": [58, 60, 61, 64, 66, 76, 81, 94, 96, 97, 101, 105, 109, 114, 116], "excluded_lines": [], "start_line": 1}}}, "app/api/v1/lgpd_direitos.py": {"executed_lines": [18, 20, 21, 23, 24, 25, 27, 28, 29, 30, 31, 34, 40, 57, 71, 72, 113, 114, 154, 155, 194, 195, 235, 236, 276, 290], "summary": {"covered_lines": 26, "num_statements": 69, "percent_covered": 37.68115942028985, "percent_covered_display": "38", "missing_lines": 43, "excluded_lines": 0, "percent_statements_covered": 37.68115942028985, "percent_statements_covered_display": "38"}, "missing_lines": [42, 43, 44, 51, 59, 60, 62, 63, 64, 65, 83, 84, 85, 91, 101, 125, 126, 127, 132, 142, 165, 166, 167, 172, 182, 206, 207, 208, 213, 223, 246, 247, 248, 253, 263, 302, 305, 310, 311, 312, 313, 319, 336], "excluded_lines": [], "functions": {"_require_api_key": {"executed_lines": [], "summary": {"covered_lines": 0, "num_statements": 4, "percent_covered": 0.0, "percent_covered_display": "0", "missing_lines": 4, "excluded_lines": 0, "percent_statements_covered": 0.0, "percent_statements_covered_display": "0"}, "missing_lines": [42, 43, 44, 51], "excluded_lines": [], "start_line": 40}, "_cliente_existe": {"executed_lines": [], "summary": {"covered_lines": 0, "num_statements": 6, "percent_covered": 0.0, "percent_covered_display": "0", "missing_lines": 6, "excluded_lines": 0, "percent_statements_covered": 0.0, "percent_statements_covered_display": "0"}, "missing_lines": [59, 60, 62, 63, 64, 65], "excluded_lines": [], "start_line": 57}, "direito_anonimizar": {"executed_lines": [], "summary": {"covered_lines": 0, "num_statements": 5, "percent_c
[...]
, "excluded_lines": 0, "percent_statements_covered": 0.0, "percent_statements_covered_display": "0"}, "missing_lines": [29, 30, 31, 32], "excluded_lines": [], "start_line": 28}, "MockWS.send_json": {"executed_lines": [], "summary": {"covered_lines": 0, "num_statements": 3, "percent_covered": 0.0, "percent_covered_display": "0", "missing_lines": 3, "excluded_lines": 0, "percent_statements_covered": 0.0, "percent_statements_covered_display": "0"}, "missing_lines": [35, 36, 37], "excluded_lines": [], "start_line": 34}, "stress_register_broadcast": {"executed_lines": [], "summary": {"covered_lines": 0, "num_statements": 14, "percent_covered": 0.0, "percent_covered_display": "0", "missing_lines": 14, "excluded_lines": 0, "percent_statements_covered": 0.0, "percent_statements_covered_display": "0"}, "missing_lines": [52, 53, 54, 55, 56, 57, 58, 59, 60, 61, 63, 65, 66, 67], "excluded_lines": [], "start_line": 40}, "": {"executed_lines": [], "summary": {"covered_lines": 0, "num_statements": 17, "percent_covered": 0.0, "percent_covered_display": "0", "missing_lines": 17, "excluded_lines": 0, "percent_statements_covered": 0.0, "percent_statements_covered_display": "0"}, "missing_lines": [8, 10, 11, 12, 15, 16, 17, 18, 19, 20, 21, 22, 25, 28, 34, 40, 77], "excluded_lines": [], "start_line": 1}}, "classes": {"ConcurrentWSReport": {"executed_lines": [], "summary": {"covered_lines": 0, "num_statements": 0, "percent_covered": 100.0, "percent_covered_display": "100", "missing_lines": 0, "excluded_lines": 0, "percent_statements_covered": 100.0, "percent_statements_covered_display": "100"}, "missing_lines": [], "excluded_lines": [], "start_line": 16}, "MockWS": {"executed_lines": [], "summary": {"covered_lines": 0, "num_statements": 7, "percent_covered": 0.0, "percent_covered_display": "0", "missing_lines": 7, "excluded_lines": 0, "percent_statements_covered": 0.0, "percent_statements_covered_display": "0"}, "missing_lines": [29, 30, 31, 32, 35, 36, 37], "excluded_lines": [], "start_line": 25}, "": {"executed_lines": [], "summary": {"covered_lines": 0, "num_statements": 31, "percent_covered": 0.0, "percent_covered_display": "0", "missing_lines": 31, "excluded_lines": 0, "percent_statements_covered": 0.0, "percent_statements_covered_display": "0"}, "missing_lines": [8, 10, 11, 12, 15, 16, 17, 18, 19, 20, 21, 22, 25, 28, 34, 40, 52, 53, 54, 55, 56, 57, 58, 59, 60, 61, 63, 65, 66, 67, 77], "excluded_lines": [], "start_line": 1}}}, "app/services/ws_heartbeat.py": {"executed_lines": [13, 15, 16, 17, 20, 24, 28, 29, 30, 31, 32, 35, 36, 37, 38, 39, 40, 41, 43, 48, 53, 62, 67, 75, 81, 97, 105, 110, 114, 118, 122, 131], "summary": {"covered_lines": 32, "num_statements": 73, "percent_covered": 43.83561643835616, "percent_covered_display": "44", "missing_lines": 41, "excluded_lines": 0, "percent_statements_covered": 43.83561643835616, "percent_statements_covered_display": "44"}, "missing_lines": [21, 25, 44, 45, 49, 50, 55, 56, 57, 58, 59, 63, 64, 70, 71, 72, 76, 77, 78, 86, 87, 89, 90, 91, 92, 93, 94, 99, 100, 101, 102, 106, 107, 111, 115, 119, 123, 124, 125, 127, 128], "excluded_lines": [], "functions": {"_utcnow": {"executed_lines": [], "summary": {"covered_lines": 0, "num_statements": 1, "percent_covered": 0.0, "percent_covered_display": "0", "missing_lines": 1, "excluded_lines": 0, "percent_statements_covered": 0.0, "percent_statements_covered_display": "0"}, "missing_lines": [21], "excluded_lines": [], "start_line": 20}, "_now_mono": {"executed_lines": [], "summary": {"covered_lines": 0, "num_statements": 1, "percent_covered": 0.0, "percent_covered_display": "0", "missing_lines": 1, "excluded_lines": 0, "percent_statements_covered": 0.0, "percent_statements_covered_display": "0"}, "missing_lines": [25], "excluded_lines": [], "start_line": 24}, "WSHeartbeatState.should_disconnect": {"executed_lines": [], "summary": {"covered_lines": 0, "num_statements": 2, "percent_covered": 0.0, "percent_covered_display": "0", "missing_lines": 2, "excluded_lines": 0, "percent_statements_covered": 0.0, "percent_statements_covered_display": "0"}, "missing_lines": [44, 45], "excluded_lines": [], "start_line": 43}, "new_heartbeat_state": {"executed_lines": [], "summary": {"covered_lines": 0, "num_statements": 2, "percent_covered": 0.0, "percent_covered_display": "0", "missing_lines": 2, "excluded_lines": 0, "percent_statements_covered": 0.0, "percent_statements_covered_display": "0"}, "missing_lines": [49, 50], "excluded_lines": [], "start_line": 48}, "mark_pong": {"executed_lines": [], "summary": {"covered_lines": 0, "num_statements": 5, "percent_covered": 0.0, "percent_covered_display": "0", "missing_lines": 5, "excluded_lines": 0, "percent_statements_covered": 0.0, "percent_statements_covered_display": "0"}, "missing_lines": [55, 56, 57, 58, 59], "excluded_lines": [], "start_line": 53}, "mark_ping": {"executed_lines": [], "summary": {"covered_lines": 0, "num_statements": 2, "percent_covered": 0.0, "percent_covered_display": "0", "missing_lines": 2, "excluded_lines": 0, "percent_statements_covered": 0.0, "percent_statements_covered_display": "0"}, "missing_lines": [63, 64], "excluded_lines": [], "start_line": 62}, "mark_server_ping_sent": {"executed_lines": [], "summary": {"covered_lines": 0, "num_statements": 3, "percent_covered": 0.0, "percent_covered_display": "0", "missing_lines": 3, "excluded_lines": 0, "percent_statements_covered": 0.0, "percent_statements_covered_display": "0"}, "missing_lines": [70, 71, 72], "excluded_lines": [], "start_line": 67}, "mark_missed": {"executed_lines": [], "summary": {"covered_lines": 0, "num_statements": 3, "percent_covered": 0.0, "percent_covered_display": "0", "missing_lines": 3, "excluded_lines": 0, "percent_statements_covered": 0.0, "percent_statements_covered_display": "0"}, "missing_lines": [76, 77, 78], "excluded_lines": [], "start_line": 75}, "is_stale": {"executed_lines": [], "summary": {"covered_lines": 0, "num_statements": 8, "percent_covered": 0.0, "percent_covered_display": "0", "missing_lines": 8, "excluded_lines": 0, "percent_statements_covered": 0.0, "percent_statements_covered_display": "0"}, "missing_lines": [86, 87, 89, 90, 91, 92, 93, 94], "excluded_lines": [], "start_line": 81}, "receive_timeout_sec": {"executed_lines": [], "summary": {"covered_lines": 0, "num_statements": 4, "percent_covered": 0.0, "percent_covered_display": "0", "missing_lines": 4, "excluded_lines": 0, "percent_statements_covered": 0.0, "percent_statements_covered_display": "0"}, "missing_lines": [99, 100, 101, 102], "excluded_lines": [], "start_line": 97}, "build_server_ping": {"executed_lines": [], "summary": {"covered_lines": 0, "num_statements": 2, "percent_covered": 0.0, "percent_covered_display": "0", "missing_lines": 2, "excluded_lines": 0, "percent_statements_covered": 0.0, "percent_statements_covered_display": "0"}, "missing_lines": [106, 107], "excluded_lines": [], "start_line": 105}, "build_ping_payload": {"executed_lines": [], "summary": {"covered_lines": 0, "num_statements": 1, "percent_covered": 0.0, "percent_covered_display": "0", "missing_lines": 1, "excluded_lines": 0, "percent_statements_covered": 0.0, "percent_statements_covered_display": "0"}, "missing_lines": [111], "excluded_lines": [], "start_line": 110}, "is_pong_message": {"executed_lines": [], "summary": {"covered_lines": 0, "num_statements": 1, "percent_covered": 0.0, "percent_covered_display": "0", "missing_lines": 1, "excluded_lines": 0, "percent_statements_covered": 0.0, "percent_statements_covered_display": "0"}, "missing_lines": [115], "excluded_lines": [], "start_line": 114}, "is_ping_message": {"executed_lines": [], "summary": {"covered_lines": 0, "num_statements": 1, "percent_covered": 0.0, "percent_covered_display": "0", "missing_lines": 1, "excluded_lines": 0, "percent_statements_covered": 0.0, "percent_statements_covered_display": "0"}, "missing_lines": [119], "excluded_lines": [], "start_line": 118}, "_coerce_now": {"executed_lines": [], "summary": {"covered_lines": 0, "num_statements": 5, "percent_covered": 0.0, "percent_covered_display": "0", "missing_lines": 5, "excluded_lines": 0, "percent_statements_covered": 0.0, "percent_statements_covered_display": "0"}, "missing_lines": [123, 124, 125, 127, 128], "excluded_lines": [], "start_line": 122}, "": {"executed_lines": [13, 15, 16, 17, 20, 24, 28, 29, 30, 31, 32, 35, 36, 37, 38, 39, 40, 41, 43, 48, 53, 62, 67, 75, 81, 97, 105, 110, 114, 118, 122, 131], "summary": {"covered_lines": 32, "num_statements": 32, "percent_covered": 100.0, "percent_covered_display": "100", "missing_lines": 0, "excluded_lines": 0, "percent_statements_covered": 100.0, "percent_statements_covered_display": "100"}, "missing_lines": [], "excluded_lines": [], "start_line": 1}}, "classes": {"WSHeartbeatConfig": {"executed_lines": [], "summary": {"covered_lines": 0, "num_statements": 0, "percent_covered": 100.0, "percent_covered_display": "100", "missing_lines": 0, "excluded_lines": 0, "percent_statements_covered": 100.0, "percent_statements_covered_display": "100"}, "missing_lines": [], "excluded_lines": [], "start_line": 29}, "WSHeartbeatState": {"executed_lines": [], "summary": {"covered_lines": 0, "num_statements": 2, "percent_covered": 0.0, "percent_covered_display": "0", "missing_lines": 2, "excluded_lines": 0, "percent_statements_covered": 0.0, "percent_statements_covered_display": "0"}, "missing_lines": [44, 45], "excluded_lines": [], "start_line": 36}, "": {"executed_lines": [13, 15, 16, 17, 20, 24, 28, 29, 30, 31, 32, 35, 36, 37, 38, 39, 40, 41, 43, 48, 53, 62, 67, 75, 81, 97, 105, 110, 114, 118, 122, 131], "summary": {"covered_lines": 32, "num_statements": 71, "percent_covered": 45.070422535211264, "percent_covered_display": "45", "missing_lines": 39, "excluded_lines": 0, "percent_statements_covered": 45.070422535211264, "percent_statements_covered_display": "45"}, "missing_lines": [21, 25, 49, 50, 55, 56, 57, 58, 59, 63, 64, 70, 71, 72, 76, 77, 78, 86, 87, 89, 90, 91, 92, 93, 94, 99, 100, 101, 102, 106, 107, 111, 115, 119, 123, 124, 125, 127, 128], "excluded_lines": [], "start_line": 1}}}, "app/utils/__init__.py": {"executed_lines": [], "summary": {"covered_lines": 0, "num_statements": 0, "percent_covered": 100.0, "percent_covered_display": "100", "missing_lines": 0, "excluded_lines": 0, "percent_statements_covered": 100.0, "percent_statements_covered_display": "100"}, "missing_lines": [], "excluded_lines": [], "functions": {"": {"executed_lines": [], "summary": {"covered_lines": 0, "num_statements": 0, "percent_covered": 100.0, "percent_covered_display": "100", "missing_lines": 0, "excluded_lines": 0, "percent_statements_covered": 100.0, "percent_statements_covered_display": "100"}, "missing_lines": [], "excluded_lines": [], "start_line": 1}}, "classes": {"": {"executed_lines": [], "summary": {"covered_lines": 0, "num_statements": 0, "percent_covered": 100.0, "percent_covered_display": "100", "missing_lines": 0, "excluded_lines": 0, "percent_statements_covered": 100.0, "percent_statements_covered_display": "100"}, "missing_lines": [], "excluded_lines": [], "start_line": 1}}}, "app/utils/ip.py": {"executed_lines": [21, 24, 61, 62, 65, 66, 71, 93, 94, 95, 98, 100, 102, 103, 105, 106, 107, 108, 112, 122], "summary": {"covered_lines": 20, "num_statements": 46, "percent_covered": 43.47826086956522, "percent_covered_display": "43", "missing_lines": 26, "excluded_lines": 0, "percent_statements_covered": 43.47826086956522, "percent_statements_covered_display": "43"}, "missing_lines": [67, 72, 74, 75, 77, 78, 79, 80, 83, 84, 85, 86, 87, 88, 90, 99, 101, 104, 109, 113, 114, 115, 116, 118, 119, 120], "excluded_lines": [], "functions": {"truncate_ip": {"executed_lines": [61, 62, 65, 66, 71, 93, 94, 95, 98, 100, 102, 103, 105, 106, 107, 108, 112, 122], "summary": {"covered_lines": 18, "num_statements": 44, "percent_covered": 40.90909090909091, "percent_covered_display": "41", "missing_lines": 26, "excluded_lines": 0, "percent_statements_covered": 40.90909090909091, "percent_statements_covered_display": "41"}, "missing_lines": [67, 72, 74, 75, 77, 78, 79, 80, 83, 84, 85, 86, 87, 88, 90, 99, 101, 104, 109, 113, 114, 115, 116, 118, 119, 120], "excluded_lines": [], "start_line": 24}, "": {"executed_lines": [21, 24], "summary": {"covered_lines": 2, "num_statements": 2, "percent_covered": 100.0, "percent_covered_display": "100", "missing_lines": 0, "excluded_lines": 0, "percent_statements_covered": 100.0, "percent_statements_covered_display": "100"}, "missing_lines": [], "excluded_lines": [], "start_line": 1}}, "classes": {"": {"executed_lines": [21, 24, 61, 62, 65, 66, 71, 93, 94, 95, 98, 100, 102, 103, 105, 106, 107, 108, 112, 122], "summary": {"covered_lines": 20, "num_statements": 46, "percent_covered": 43.47826086956522, "percent_covered_display": "43", "missing_lines": 26, "excluded_lines": 0, "percent_statements_covered": 43.47826086956522, "percent_statements_covered_display": "43"}, "missing_lines": [67, 72, 74, 75, 77, 78, 79, 80, 83, 84, 85, 86, 87, 88, 90, 99, 101, 104, 109, 113, 114, 115, 116, 118, 119, 120], "excluded_lines": [], "start_line": 1}}}, "app/utils/output_safety.py": {"executed_lines": [], "summary": {"covered_lines": 0, "num_statements": 32, "percent_covered": 0.0, "percent_covered_display": "0", "missing_lines": 32, "excluded_lines": 0, "percent_statements_covered": 0.0, "percent_statements_covered_display": "0"}, "missing_lines": [18, 20, 22, 25, 64, 65, 68, 69, 70, 71, 72, 75, 76, 77, 78, 79, 80, 81, 82, 85, 86, 87, 88, 89, 90, 91, 92, 95, 98, 104, 105, 108], "excluded_lines": [], "functions": {"scrub_response": {"executed_lines": [], "summary": {"covered_lines": 0, "num_statements": 24, "percent_covered": 0.0, "percent_covered_display": "0", "missing_lines": 24, "excluded_lines": 0, "percent_statements_covered": 0.0, "percent_statements_covered_display": "0"}, "missing_lines": [64, 65, 68, 69, 70, 71, 72, 75, 76, 77, 78, 79, 80, 81, 82, 85, 86, 87, 88, 89, 90, 91, 92, 95], "excluded_lines": [], "start_line": 25}, "scrub_response_safe": {"executed_lines": [], "summary": {"covered_lines": 0, "num_statements": 2, "percent_covered": 0.0, "percent_covered_display": "0", "missing_lines": 2, "excluded_lines": 0, "percent_statements_covered": 0.0, "percent_statements_covered_display": "0"}, "missing_lines": [104, 105], "excluded_lines": [], "start_line": 98}, "": {"executed_lines": [], "summary": {"covered_lines": 0, "num_statements": 6, "percent_covered": 0.0, "percent_covered_display": "0", "missing_lines": 6, "excluded_lines": 0, "percent_statements_covered": 0.0, "percent_statements_covered_display": "0"}, "missing_lines": [18, 20, 22, 25, 98, 108], "excluded_lines": [], "start_line": 1}}, "classes": {"": {"executed_lines": [], "summary": {"covered_lines": 0, "num_statements": 32, "percent_covered": 0.0, "percent_covered_display": "0", "missing_lines": 32, "excluded_lines": 0, "percent_statements_covered": 0.0, "percent_statements_covered_display": "0"}, "missing_lines": [18, 20, 22, 25, 64, 65, 68, 69, 70, 71, 72, 75, 76, 77, 78, 79, 80, 81, 82, 85, 86, 87, 88, 89, 90, 91, 92, 95, 98, 104, 105, 108], "excluded_lines": [], "start_line": 1}}}, "app/utils/pii_sanitizer.py": {"executed_lines": [], "summary": {"covered_lines": 0, "num_statements": 49, "percent_covered": 0.0, "percent_covered_display": "0", "missing_lines": 49, "excluded_lines": 0, "percent_statements_covered": 0.0, "percent_statements_covered_display": "0"}, "missing_lines": [24, 26, 27, 30, 32, 34, 36, 38, 41, 46, 47, 48, 51, 53, 56, 59, 60, 61, 62, 63, 65, 68, 70, 73, 75, 78, 80, 83, 92, 93, 94, 95, 96, 97, 98, 99, 102, 112, 113, 114, 115, 116, 117, 118, 119, 120, 121, 130, 131], "excluded_lines": [], "functions": {"_mask_keep_last": {"executed_lines": [], "summary": {"covered_lines": 0, "num_statements": 3, "percent_covered": 0.0, "percent_covered_display": "0", "missing_lines": 3, "excluded_lines": 0, "percent_statements_covered": 0.0, "percent_statements_covered_display": "0"}, "missing_lines": [46, 47, 48], "excluded_lines": [], "start_line": 41}, "sanitize_cpf": {"executed_lines": [], "summary": {"covered_lines": 0, "num_statements": 1, "percent_covered": 0.0, "percent_covered_display": "0", "missing_lines": 1, "excluded_lines": 0, "percent_statements_covered": 0.0, "percent_statements_covered_display": "0"}, "missing_lines": [53], "excluded_lines": [], "start_line": 51}, "sanitize_rg": {"executed_lines": [], "summary": {"covered_lines": 0, "num_statements": 2, "percent_covered": 0.0, "percent_covered_display": "0", "missing_lines": 2, "excluded_lines": 0, "percent_statements_covered": 0.0, "percent_statements_covered_display": "0"}, "missing_lines": [59, 65], "excluded_lines": [], "start_line": 56}, "sanitize_rg._repl": {"executed_lines": [], "summary": {"covered_lines": 0, "num_statements": 4, "percent_covered": 0.0, "percent_covered_display": "0", "missing_lines": 4, "excluded_lines": 0, "percent_statements_covered": 0.0, "percent_statements_covered_display": "0"}, "missing_lines": [60, 61, 62, 63], "excluded_lines": [], "start_line": 59}, "sanitize_email": {"executed_lines": [], "summary": {"covered_lines": 0, "num_statements": 1, "percent_covered": 0.0, "percent_covered_display": "0", "missing_lines": 1, "excluded_lines": 0, "percent_statements_covered": 0.0, "percent_statements_covered_display": "0"}, "missing_lines": [70], "excluded_lines": [], "start_line": 68}, "sanitize_phone": {"executed_lines": [], "summary": {"covered_lines": 0, "num_statements": 1, "percent_covered": 0.0, "percent_covered_display": "0", "missing_lines": 1, "excluded_lines": 0, "percent_statements_covered": 0.0, "percent_statements_covered_display": "0"}, "missing_lines": [75], "excluded_lines": [], "start_line": 73}, "sanitize_cnpj": {"executed_lines": [], "summary": {"covered_lines": 0, "num_statements": 1, "percent_covered": 0.0, "percent_covered_display": "0", "missing_lines": 1, "excluded_lines": 0, "percent_statements_covered": 0.0, "percent_statements_covered_display": "0"}, "missing_lines": [80], "excluded_lines": [], "start_line": 78}, "sanitize_pii": {"executed_lines": [], "summary": {"covered_lines": 0, "num_statements": 8, "percent_covered": 0.0, "percent_covered_display": "0", "missing_lines": 8, "excluded_lines": 0, "percent_statements_covered": 0.0, "percent_statements_covered_display": "0"}, "missing_lines": [92, 93, 94, 95, 96, 97, 98, 99], "excluded_lines": [], "start_line": 83}, "sanitize_dict": {"executed_lines": [], "summary": {"covered_lines": 0, "num_statements": 12, "percent_covered": 0.0, "percent_covered_display": "0", "missing_lines": 12, "excluded_lines": 0, "percent_statements_covered": 0.0, "percent_statements_covered_display": "0"}, "missing_lines": [112, 113, 114, 115, 116, 117, 118, 119, 120, 121, 130, 131], "excluded_lines": [], "start_line": 102}, "": {"executed_lines": [], "summary": {"covered_lines": 0, "num_statements": 16, "percent_covered": 0.0, "percent_covered_display": "0", "missing_lines": 16, "excluded_lines": 0, "percent_statements_covered": 0.0, "percent_statements_covered_display": "0"}, "missing_lines": [24, 26, 27, 30, 32, 34, 36, 38, 41, 51, 56, 68, 73, 78, 83, 102], "excluded_lines": [], "start_line": 1}}, "classes": {"": {"executed_lines": [], "summary": {"covered_lines": 0, "num_statements": 49, "percent_covered": 0.0, "percent_covered_display": "0", "missing_lines": 49, "excluded_lines": 0, "percent_statements_covered": 0.0, "percent_statements_covered_display": "0"}, "missing_lines": [24, 26, 27, 30, 32, 34, 36, 38, 41, 46, 47, 48, 51, 53, 56, 59, 60, 61, 62, 63, 65, 68, 70, 73, 75, 78, 80, 83, 92, 93, 94, 95, 96, 97, 98, 99, 102, 112, 113, 114, 115, 116, 117, 118, 119, 120, 121, 130, 131], "excluded_lines": [], "start_line": 1}}}}, "totals": {"covered_lines": 4606, "num_statements": 13108, "percent_covered": 35.13884650595057, "percent_covered_display": "35", "missing_lines": 8502, "excluded_lines": 49, "percent_statements_covered": 35.13884650595057, "percent_statements_covered_display": "35"}}